[0.092s] Invoking command in '/home/sora/travail/m2/s10/PFE_Transport_Chien_Robot/build/unitree_nav_interfaces': CMAKE_PREFIX_PATH=${CMAKE_PREFIX_PATH}:/home/sora/travail/m2/s10/PFE_Transport_Chien_Robot/install/unitree_nav_launch_module:/opt/ros/humble /usr/bin/cmake --build /home/sora/travail/m2/s10/PFE_Transport_Chien_Robot/build/unitree_nav_interfaces -- -j24 -l24
[0.114s] [35m[1mConsolidate compiler generated dependencies of target unitree_nav_interfaces_srv__rosidl_generator_c[0m
[0.119s] [  2%] Built target unitree_nav_interfaces_srv__cpp
[0.120s] [ 12%] Built target unitree_nav_interfaces_srv__rosidl_generator_c
[0.124s] [ 12%] Built target ament_cmake_python_copy_unitree_nav_interfaces
[0.125s] [35m[1mConsolidate compiler generated dependencies of target unitree_nav_interfaces_srv__rosidl_typesupport_fastrtps_cpp[0m
[0.125s] [35m[1mConsolidate compiler generated dependencies of target unitree_nav_interfaces_srv__rosidl_typesupport_cpp[0m
[0.125s] [35m[1mConsolidate compiler generated dependencies of target unitree_nav_interfaces_srv__rosidl_typesupport_introspection_cpp[0m
[0.125s] [35m[1mConsolidate compiler generated dependencies of target unitree_nav_interfaces_srv__rosidl_typesupport_fastrtps_c[0m
[0.129s] [35m[1mConsolidate compiler generated dependencies of target unitree_nav_interfaces_srv__rosidl_typesupport_c[0m
[0.129s] [35m[1mConsolidate compiler generated dependencies of target unitree_nav_interfaces_srv__rosidl_typesupport_introspection_c[0m
[0.133s] [ 23%] Built target unitree_nav_interfaces_srv__rosidl_typesupport_cpp
[0.133s] [ 33%] Built target unitree_nav_interfaces_srv__rosidl_typesupport_fastrtps_cpp
[0.133s] [ 43%] Built target unitree_nav_interfaces_srv__rosidl_typesupport_introspection_cpp
[0.137s] [ 53%] Built target unitree_nav_interfaces_srv__rosidl_typesupport_fastrtps_c
[0.138s] [ 64%] Built target unitree_nav_interfaces_srv__rosidl_typesupport_introspection_c
[0.140s] [ 74%] Built target unitree_nav_interfaces_srv__rosidl_typesupport_c
[0.156s] [ 74%] Built target unitree_nav_interfaces_srv
[0.172s] [ 76%] Built target unitree_nav_interfaces_srv__py
[0.179s] [35m[1mConsolidate compiler generated dependencies of target unitree_nav_interfaces_srv__rosidl_generator_py[0m
[0.189s] [ 84%] Built target unitree_nav_interfaces_srv__rosidl_generator_py
[0.196s] [35m[1mConsolidate compiler generated dependencies of target unitree_nav_interfaces__rosidl_typesupport_fastrtps_c__pyext[0m
[0.197s] [35m[1mConsolidate compiler generated dependencies of target unitree_nav_interfaces__rosidl_typesupport_introspection_c__pyext[0m
[0.197s] [35m[1mConsolidate compiler generated dependencies of target unitree_nav_interfaces__rosidl_typesupport_c__pyext[0m
[0.206s] [ 94%] Built target unitree_nav_interfaces__rosidl_typesupport_c__pyext
[0.206s] [ 97%] Built target unitree_nav_interfaces__rosidl_typesupport_introspection_c__pyext
[0.206s] [100%] Built target unitree_nav_interfaces__rosidl_typesupport_fastrtps_c__pyext
[0.293s] running egg_info
[0.294s] writing unitree_nav_interfaces.egg-info/PKG-INFO
[0.294s] writing dependency_links to unitree_nav_interfaces.egg-info/dependency_links.txt
[0.294s] writing top-level names to unitree_nav_interfaces.egg-info/top_level.txt
[0.296s] reading manifest file 'unitree_nav_interfaces.egg-info/SOURCES.txt'
[0.296s] writing manifest file 'unitree_nav_interfaces.egg-info/SOURCES.txt'
[0.311s] [100%] Built target ament_cmake_python_build_unitree_nav_interfaces_egg
[0.325s] Invoked command in '/home/sora/travail/m2/s10/PFE_Transport_Chien_Robot/build/unitree_nav_interfaces' returned '0': CMAKE_PREFIX_PATH=${CMAKE_PREFIX_PATH}:/home/sora/travail/m2/s10/PFE_Transport_Chien_Robot/install/unitree_nav_launch_module:/opt/ros/humble /usr/bin/cmake --build /home/sora/travail/m2/s10/PFE_Transport_Chien_Robot/build/unitree_nav_interfaces -- -j24 -l24
[0.371s] Invoking command in '/home/sora/travail/m2/s10/PFE_Transport_Chien_Robot/build/unitree_nav_interfaces': CMAKE_PREFIX_PATH=${CMAKE_PREFIX_PATH}:/home/sora/travail/m2/s10/PFE_Transport_Chien_Robot/install/unitree_nav_launch_module:/opt/ros/humble /usr/bin/cmake --install /home/sora/travail/m2/s10/PFE_Transport_Chien_Robot/build/unitree_nav_interfaces
[0.376s] -- Install configuration: ""
[0.377s] -- Up-to-date: /home/sora/travail/m2/s10/PFE_Transport_Chien_Robot/install/unitree_nav_interfaces/share/ament_index/resource_index/rosidl_interfaces/unitree_nav_interfaces
[0.378s] -- Up-to-date: /home/sora/travail/m2/s10/PFE_Transport_Chien_Robot/install/unitree_nav_interfaces/include/unitree_nav_interfaces/unitree_nav_interfaces
[0.379s] -- Up-to-date: /home/sora/travail/m2/s10/PFE_Transport_Chien_Robot/install/unitree_nav_interfaces/include/unitree_nav_interfaces/unitree_nav_interfaces/msg
[0.379s] -- Up-to-date: /home/sora/travail/m2/s10/PFE_Transport_Chien_Robot/install/unitree_nav_interfaces/include/unitree_nav_interfaces/unitree_nav_interfaces/msg/rosidl_generator_c__visibility_control.h
[0.380s] -- Up-to-date: /home/sora/travail/m2/s10/PFE_Transport_Chien_Robot/install/unitree_nav_interfaces/include/unitree_nav_interfaces/unitree_nav_interfaces/srv
[0.380s] -- Up-to-date: /home/sora/travail/m2/s10/PFE_Transport_Chien_Robot/install/unitree_nav_interfaces/include/unitree_nav_interfaces/unitree_nav_interfaces/srv/set_body_rpy.h
[0.380s] -- Up-to-date: /home/sora/travail/m2/s10/PFE_Transport_Chien_Robot/install/unitree_nav_interfaces/include/unitree_nav_interfaces/unitree_nav_interfaces/srv/detail
[0.380s] -- Up-to-date: /home/sora/travail/m2/s10/PFE_Transport_Chien_Robot/install/unitree_nav_interfaces/include/unitree_nav_interfaces/unitree_nav_interfaces/srv/detail/nav_to_pose__functions.h
[0.381s] -- Up-to-date: /home/sora/travail/m2/s10/PFE_Transport_Chien_Robot/install/unitree_nav_interfaces/include/unitree_nav_interfaces/unitree_nav_interfaces/srv/detail/nav_to_pose__struct.h
[0.381s] -- Up-to-date: /home/sora/travail/m2/s10/PFE_Transport_Chien_Robot/install/unitree_nav_interfaces/include/unitree_nav_interfaces/unitree_nav_interfaces/srv/detail/nav_to_pose__type_support.h
[0.381s] -- Up-to-date: /home/sora/travail/m2/s10/PFE_Transport_Chien_Robot/install/unitree_nav_interfaces/include/unitree_nav_interfaces/unitree_nav_interfaces/srv/detail/set_body_rpy__struct.h
[0.382s] -- Up-to-date: /home/sora/travail/m2/s10/PFE_Transport_Chien_Robot/install/unitree_nav_interfaces/include/unitree_nav_interfaces/unitree_nav_interfaces/srv/detail/set_body_rpy__functions.h
[0.382s] -- Up-to-date: /home/sora/travail/m2/s10/PFE_Transport_Chien_Robot/install/unitree_nav_interfaces/include/unitree_nav_interfaces/unitree_nav_interfaces/srv/detail/set_body_rpy__type_support.h
[0.382s] -- Up-to-date: /home/sora/travail/m2/s10/PFE_Transport_Chien_Robot/install/unitree_nav_interfaces/include/unitree_nav_interfaces/unitree_nav_interfaces/srv/detail/set_body_rpy__functions.c
[0.382s] -- Up-to-date: /home/sora/travail/m2/s10/PFE_Transport_Chien_Robot/install/unitree_nav_interfaces/include/unitree_nav_interfaces/unitree_nav_interfaces/srv/detail/nav_to_pose__functions.c
[0.383s] -- Up-to-date: /home/sora/travail/m2/s10/PFE_Transport_Chien_Robot/install/unitree_nav_interfaces/include/unitree_nav_interfaces/unitree_nav_interfaces/srv/nav_to_pose.h
[0.383s] -- Up-to-date: /home/sora/travail/m2/s10/PFE_Transport_Chien_Robot/install/unitree_nav_interfaces/share/unitree_nav_interfaces/environment/library_path.sh
[0.383s] -- Up-to-date: /home/sora/travail/m2/s10/PFE_Transport_Chien_Robot/install/unitree_nav_interfaces/share/unitree_nav_interfaces/environment/library_path.dsv
[0.384s] -- Up-to-date: /home/sora/travail/m2/s10/PFE_Transport_Chien_Robot/install/unitree_nav_interfaces/lib/libunitree_nav_interfaces__rosidl_generator_c.so
[0.384s] -- Up-to-date: /home/sora/travail/m2/s10/PFE_Transport_Chien_Robot/install/unitree_nav_interfaces/include/unitree_nav_interfaces/unitree_nav_interfaces
[0.384s] -- Up-to-date: /home/sora/travail/m2/s10/PFE_Transport_Chien_Robot/install/unitree_nav_interfaces/include/unitree_nav_interfaces/unitree_nav_interfaces/msg
[0.385s] -- Up-to-date: /home/sora/travail/m2/s10/PFE_Transport_Chien_Robot/install/unitree_nav_interfaces/include/unitree_nav_interfaces/unitree_nav_interfaces/msg/rosidl_typesupport_fastrtps_c__visibility_control.h
[0.385s] -- Up-to-date: /home/sora/travail/m2/s10/PFE_Transport_Chien_Robot/install/unitree_nav_interfaces/include/unitree_nav_interfaces/unitree_nav_interfaces/srv
[0.385s] -- Up-to-date: /home/sora/travail/m2/s10/PFE_Transport_Chien_Robot/install/unitree_nav_interfaces/include/unitree_nav_interfaces/unitree_nav_interfaces/srv/detail
[0.386s] -- Up-to-date: /home/sora/travail/m2/s10/PFE_Transport_Chien_Robot/install/unitree_nav_interfaces/include/unitree_nav_interfaces/unitree_nav_interfaces/srv/detail/nav_to_pose__rosidl_typesupport_fastrtps_c.h
[0.387s] -- Up-to-date: /home/sora/travail/m2/s10/PFE_Transport_Chien_Robot/install/unitree_nav_interfaces/include/unitree_nav_interfaces/unitree_nav_interfaces/srv/detail/set_body_rpy__rosidl_typesupport_fastrtps_c.h
[0.387s] -- Up-to-date: /home/sora/travail/m2/s10/PFE_Transport_Chien_Robot/install/unitree_nav_interfaces/lib/libunitree_nav_interfaces__rosidl_typesupport_fastrtps_c.so
[0.387s] -- Up-to-date: /home/sora/travail/m2/s10/PFE_Transport_Chien_Robot/install/unitree_nav_interfaces/include/unitree_nav_interfaces/unitree_nav_interfaces
[0.387s] -- Up-to-date: /home/sora/travail/m2/s10/PFE_Transport_Chien_Robot/install/unitree_nav_interfaces/include/unitree_nav_interfaces/unitree_nav_interfaces/srv
[0.387s] -- Up-to-date: /home/sora/travail/m2/s10/PFE_Transport_Chien_Robot/install/unitree_nav_interfaces/include/unitree_nav_interfaces/unitree_nav_interfaces/srv/detail
[0.387s] -- Up-to-date: /home/sora/travail/m2/s10/PFE_Transport_Chien_Robot/install/unitree_nav_interfaces/include/unitree_nav_interfaces/unitree_nav_interfaces/srv/detail/nav_to_pose__builder.hpp
[0.387s] -- Up-to-date: /home/sora/travail/m2/s10/PFE_Transport_Chien_Robot/install/unitree_nav_interfaces/include/unitree_nav_interfaces/unitree_nav_interfaces/srv/detail/nav_to_pose__traits.hpp
[0.387s] -- Up-to-date: /home/sora/travail/m2/s10/PFE_Transport_Chien_Robot/install/unitree_nav_interfaces/include/unitree_nav_interfaces/unitree_nav_interfaces/srv/detail/set_body_rpy__traits.hpp
[0.387s] -- Up-to-date: /home/sora/travail/m2/s10/PFE_Transport_Chien_Robot/install/unitree_nav_interfaces/include/unitree_nav_interfaces/unitree_nav_interfaces/srv/detail/set_body_rpy__builder.hpp
[0.387s] -- Up-to-date: /home/sora/travail/m2/s10/PFE_Transport_Chien_Robot/install/unitree_nav_interfaces/include/unitree_nav_interfaces/unitree_nav_interfaces/srv/detail/set_body_rpy__struct.hpp
[0.387s] -- Up-to-date: /home/sora/travail/m2/s10/PFE_Transport_Chien_Robot/install/unitree_nav_interfaces/include/unitree_nav_interfaces/unitree_nav_interfaces/srv/detail/nav_to_pose__struct.hpp
[0.387s] -- Up-to-date: /home/sora/travail/m2/s10/PFE_Transport_Chien_Robot/install/unitree_nav_interfaces/include/unitree_nav_interfaces/unitree_nav_interfaces/srv/set_body_rpy.hpp
[0.388s] -- Up-to-date: /home/sora/travail/m2/s10/PFE_Transport_Chien_Robot/install/unitree_nav_interfaces/include/unitree_nav_interfaces/unitree_nav_interfaces/srv/nav_to_pose.hpp
[0.388s] -- Up-to-date: /home/sora/travail/m2/s10/PFE_Transport_Chien_Robot/install/unitree_nav_interfaces/include/unitree_nav_interfaces/unitree_nav_interfaces
[0.388s] -- Up-to-date: /home/sora/travail/m2/s10/PFE_Transport_Chien_Robot/install/unitree_nav_interfaces/include/unitree_nav_interfaces/unitree_nav_interfaces/msg
[0.388s] -- Up-to-date: /home/sora/travail/m2/s10/PFE_Transport_Chien_Robot/install/unitree_nav_interfaces/include/unitree_nav_interfaces/unitree_nav_interfaces/msg/rosidl_typesupport_fastrtps_cpp__visibility_control.h
[0.388s] -- Up-to-date: /home/sora/travail/m2/s10/PFE_Transport_Chien_Robot/install/unitree_nav_interfaces/include/unitree_nav_interfaces/unitree_nav_interfaces/srv
[0.388s] -- Up-to-date: /home/sora/travail/m2/s10/PFE_Transport_Chien_Robot/install/unitree_nav_interfaces/include/unitree_nav_interfaces/unitree_nav_interfaces/srv/detail
[0.388s] -- Up-to-date: /home/sora/travail/m2/s10/PFE_Transport_Chien_Robot/install/unitree_nav_interfaces/include/unitree_nav_interfaces/unitree_nav_interfaces/srv/detail/set_body_rpy__rosidl_typesupport_fastrtps_cpp.hpp
[0.388s] -- Up-to-date: /home/sora/travail/m2/s10/PFE_Transport_Chien_Robot/install/unitree_nav_interfaces/include/unitree_nav_interfaces/unitree_nav_interfaces/srv/detail/dds_fastrtps
[0.388s] -- Up-to-date: /home/sora/travail/m2/s10/PFE_Transport_Chien_Robot/install/unitree_nav_interfaces/include/unitree_nav_interfaces/unitree_nav_interfaces/srv/detail/nav_to_pose__rosidl_typesupport_fastrtps_cpp.hpp
[0.388s] -- Up-to-date: /home/sora/travail/m2/s10/PFE_Transport_Chien_Robot/install/unitree_nav_interfaces/lib/libunitree_nav_interfaces__rosidl_typesupport_fastrtps_cpp.so
[0.388s] -- Up-to-date: /home/sora/travail/m2/s10/PFE_Transport_Chien_Robot/install/unitree_nav_interfaces/include/unitree_nav_interfaces/unitree_nav_interfaces
[0.388s] -- Up-to-date: /home/sora/travail/m2/s10/PFE_Transport_Chien_Robot/install/unitree_nav_interfaces/include/unitree_nav_interfaces/unitree_nav_interfaces/msg
[0.388s] -- Up-to-date: /home/sora/travail/m2/s10/PFE_Transport_Chien_Robot/install/unitree_nav_interfaces/include/unitree_nav_interfaces/unitree_nav_interfaces/msg/rosidl_typesupport_introspection_c__visibility_control.h
[0.388s] -- Up-to-date: /home/sora/travail/m2/s10/PFE_Transport_Chien_Robot/install/unitree_nav_interfaces/include/unitree_nav_interfaces/unitree_nav_interfaces/srv
[0.388s] -- Up-to-date: /home/sora/travail/m2/s10/PFE_Transport_Chien_Robot/install/unitree_nav_interfaces/include/unitree_nav_interfaces/unitree_nav_interfaces/srv/detail
[0.388s] -- Up-to-date: /home/sora/travail/m2/s10/PFE_Transport_Chien_Robot/install/unitree_nav_interfaces/include/unitree_nav_interfaces/unitree_nav_interfaces/srv/detail/nav_to_pose__type_support.c
[0.388s] -- Up-to-date: /home/sora/travail/m2/s10/PFE_Transport_Chien_Robot/install/unitree_nav_interfaces/include/unitree_nav_interfaces/unitree_nav_interfaces/srv/detail/nav_to_pose__rosidl_typesupport_introspection_c.h
[0.388s] -- Up-to-date: /home/sora/travail/m2/s10/PFE_Transport_Chien_Robot/install/unitree_nav_interfaces/include/unitree_nav_interfaces/unitree_nav_interfaces/srv/detail/set_body_rpy__rosidl_typesupport_introspection_c.h
[0.388s] -- Up-to-date: /home/sora/travail/m2/s10/PFE_Transport_Chien_Robot/install/unitree_nav_interfaces/include/unitree_nav_interfaces/unitree_nav_interfaces/srv/detail/set_body_rpy__type_support.c
[0.388s] -- Up-to-date: /home/sora/travail/m2/s10/PFE_Transport_Chien_Robot/install/unitree_nav_interfaces/lib/libunitree_nav_interfaces__rosidl_typesupport_introspection_c.so
[0.388s] -- Up-to-date: /home/sora/travail/m2/s10/PFE_Transport_Chien_Robot/install/unitree_nav_interfaces/lib/libunitree_nav_interfaces__rosidl_typesupport_c.so
[0.388s] -- Up-to-date: /home/sora/travail/m2/s10/PFE_Transport_Chien_Robot/install/unitree_nav_interfaces/include/unitree_nav_interfaces/unitree_nav_interfaces
[0.388s] -- Up-to-date: /home/sora/travail/m2/s10/PFE_Transport_Chien_Robot/install/unitree_nav_interfaces/include/unitree_nav_interfaces/unitree_nav_interfaces/srv
[0.388s] -- Up-to-date: /home/sora/travail/m2/s10/PFE_Transport_Chien_Robot/install/unitree_nav_interfaces/include/unitree_nav_interfaces/unitree_nav_interfaces/srv/detail
[0.388s] -- Up-to-date: /home/sora/travail/m2/s10/PFE_Transport_Chien_Robot/install/unitree_nav_interfaces/include/unitree_nav_interfaces/unitree_nav_interfaces/srv/detail/nav_to_pose__type_support.cpp
[0.388s] -- Up-to-date: /home/sora/travail/m2/s10/PFE_Transport_Chien_Robot/install/unitree_nav_interfaces/include/unitree_nav_interfaces/unitree_nav_interfaces/srv/detail/set_body_rpy__rosidl_typesupport_introspection_cpp.hpp
[0.388s] -- Up-to-date: /home/sora/travail/m2/s10/PFE_Transport_Chien_Robot/install/unitree_nav_interfaces/include/unitree_nav_interfaces/unitree_nav_interfaces/srv/detail/nav_to_pose__rosidl_typesupport_introspection_cpp.hpp
[0.388s] -- Up-to-date: /home/sora/travail/m2/s10/PFE_Transport_Chien_Robot/install/unitree_nav_interfaces/include/unitree_nav_interfaces/unitree_nav_interfaces/srv/detail/set_body_rpy__type_support.cpp
[0.389s] -- Up-to-date: /home/sora/travail/m2/s10/PFE_Transport_Chien_Robot/install/unitree_nav_interfaces/lib/libunitree_nav_interfaces__rosidl_typesupport_introspection_cpp.so
[0.389s] -- Up-to-date: /home/sora/travail/m2/s10/PFE_Transport_Chien_Robot/install/unitree_nav_interfaces/lib/libunitree_nav_interfaces__rosidl_typesupport_cpp.so
[0.389s] -- Up-to-date: /home/sora/travail/m2/s10/PFE_Transport_Chien_Robot/install/unitree_nav_interfaces/share/unitree_nav_interfaces/environment/pythonpath.sh
[0.389s] -- Up-to-date: /home/sora/travail/m2/s10/PFE_Transport_Chien_Robot/install/unitree_nav_interfaces/share/unitree_nav_interfaces/environment/pythonpath.dsv
[0.389s] -- Up-to-date: /home/sora/travail/m2/s10/PFE_Transport_Chien_Robot/install/unitree_nav_interfaces/local/lib/python3.10/dist-packages/unitree_nav_interfaces-0.0.0-py3.10.egg-info
[0.389s] -- Installing: /home/sora/travail/m2/s10/PFE_Transport_Chien_Robot/install/unitree_nav_interfaces/local/lib/python3.10/dist-packages/unitree_nav_interfaces-0.0.0-py3.10.egg-info/PKG-INFO
[0.389s] -- Installing: /home/sora/travail/m2/s10/PFE_Transport_Chien_Robot/install/unitree_nav_interfaces/local/lib/python3.10/dist-packages/unitree_nav_interfaces-0.0.0-py3.10.egg-info/top_level.txt
[0.389s] -- Installing: /home/sora/travail/m2/s10/PFE_Transport_Chien_Robot/install/unitree_nav_interfaces/local/lib/python3.10/dist-packages/unitree_nav_interfaces-0.0.0-py3.10.egg-info/dependency_links.txt
[0.389s] -- Installing: /home/sora/travail/m2/s10/PFE_Transport_Chien_Robot/install/unitree_nav_interfaces/local/lib/python3.10/dist-packages/unitree_nav_interfaces-0.0.0-py3.10.egg-info/SOURCES.txt
[0.389s] -- Up-to-date: /home/sora/travail/m2/s10/PFE_Transport_Chien_Robot/install/unitree_nav_interfaces/local/lib/python3.10/dist-packages/unitree_nav_interfaces
[0.389s] -- Up-to-date: /home/sora/travail/m2/s10/PFE_Transport_Chien_Robot/install/unitree_nav_interfaces/local/lib/python3.10/dist-packages/unitree_nav_interfaces/libunitree_nav_interfaces_srv__rosidl_generator_py.so
[0.389s] -- Up-to-date: /home/sora/travail/m2/s10/PFE_Transport_Chien_Robot/install/unitree_nav_interfaces/local/lib/python3.10/dist-packages/unitree_nav_interfaces/unitree_nav_interfaces_s__rosidl_typesupport_fastrtps_c.cpython-310-x86_64-linux-gnu.so
[0.389s] -- Up-to-date: /home/sora/travail/m2/s10/PFE_Transport_Chien_Robot/install/unitree_nav_interfaces/local/lib/python3.10/dist-packages/unitree_nav_interfaces/unitree_nav_interfaces_s__rosidl_typesupport_introspection_c.cpython-310-x86_64-linux-gnu.so
[0.389s] -- Up-to-date: /home/sora/travail/m2/s10/PFE_Transport_Chien_Robot/install/unitree_nav_interfaces/local/lib/python3.10/dist-packages/unitree_nav_interfaces/_unitree_nav_interfaces_s.ep.rosidl_typesupport_c.c
[0.389s] -- Up-to-date: /home/sora/travail/m2/s10/PFE_Transport_Chien_Robot/install/unitree_nav_interfaces/local/lib/python3.10/dist-packages/unitree_nav_interfaces/_unitree_nav_interfaces_s.ep.rosidl_typesupport_introspection_c.c
[0.389s] -- Up-to-date: /home/sora/travail/m2/s10/PFE_Transport_Chien_Robot/install/unitree_nav_interfaces/local/lib/python3.10/dist-packages/unitree_nav_interfaces/_unitree_nav_interfaces_s.ep.rosidl_typesupport_fastrtps_c.c
[0.389s] -- Up-to-date: /home/sora/travail/m2/s10/PFE_Transport_Chien_Robot/install/unitree_nav_interfaces/local/lib/python3.10/dist-packages/unitree_nav_interfaces/unitree_nav_interfaces_s__rosidl_typesupport_c.cpython-310-x86_64-linux-gnu.so
[0.389s] -- Up-to-date: /home/sora/travail/m2/s10/PFE_Transport_Chien_Robot/install/unitree_nav_interfaces/local/lib/python3.10/dist-packages/unitree_nav_interfaces/__init__.py
[0.389s] -- Up-to-date: /home/sora/travail/m2/s10/PFE_Transport_Chien_Robot/install/unitree_nav_interfaces/local/lib/python3.10/dist-packages/unitree_nav_interfaces/srv
[0.389s] -- Up-to-date: /home/sora/travail/m2/s10/PFE_Transport_Chien_Robot/install/unitree_nav_interfaces/local/lib/python3.10/dist-packages/unitree_nav_interfaces/srv/_nav_to_pose.py
[0.389s] -- Up-to-date: /home/sora/travail/m2/s10/PFE_Transport_Chien_Robot/install/unitree_nav_interfaces/local/lib/python3.10/dist-packages/unitree_nav_interfaces/srv/_set_body_rpy.py
[0.389s] -- Up-to-date: /home/sora/travail/m2/s10/PFE_Transport_Chien_Robot/install/unitree_nav_interfaces/local/lib/python3.10/dist-packages/unitree_nav_interfaces/srv/_nav_to_pose_s.c
[0.389s] -- Up-to-date: /home/sora/travail/m2/s10/PFE_Transport_Chien_Robot/install/unitree_nav_interfaces/local/lib/python3.10/dist-packages/unitree_nav_interfaces/srv/__init__.py
[0.389s] -- Up-to-date: /home/sora/travail/m2/s10/PFE_Transport_Chien_Robot/install/unitree_nav_interfaces/local/lib/python3.10/dist-packages/unitree_nav_interfaces/srv/_set_body_rpy_s.c
[0.400s] Listing '/home/sora/travail/m2/s10/PFE_Transport_Chien_Robot/install/unitree_nav_interfaces/local/lib/python3.10/dist-packages/unitree_nav_interfaces'...
[0.401s] Listing '/home/sora/travail/m2/s10/PFE_Transport_Chien_Robot/install/unitree_nav_interfaces/local/lib/python3.10/dist-packages/unitree_nav_interfaces/srv'...
[0.404s] -- Up-to-date: /home/sora/travail/m2/s10/PFE_Transport_Chien_Robot/install/unitree_nav_interfaces/local/lib/python3.10/dist-packages/unitree_nav_interfaces/unitree_nav_interfaces_s__rosidl_typesupport_fastrtps_c.cpython-310-x86_64-linux-gnu.so
[0.405s] -- Up-to-date: /home/sora/travail/m2/s10/PFE_Transport_Chien_Robot/install/unitree_nav_interfaces/local/lib/python3.10/dist-packages/unitree_nav_interfaces/unitree_nav_interfaces_s__rosidl_typesupport_introspection_c.cpython-310-x86_64-linux-gnu.so
[0.405s] -- Up-to-date: /home/sora/travail/m2/s10/PFE_Transport_Chien_Robot/install/unitree_nav_interfaces/local/lib/python3.10/dist-packages/unitree_nav_interfaces/unitree_nav_interfaces_s__rosidl_typesupport_c.cpython-310-x86_64-linux-gnu.so
[0.406s] -- Up-to-date: /home/sora/travail/m2/s10/PFE_Transport_Chien_Robot/install/unitree_nav_interfaces/lib/libunitree_nav_interfaces_srv__rosidl_generator_py.so
[0.406s] -- Up-to-date: /home/sora/travail/m2/s10/PFE_Transport_Chien_Robot/install/unitree_nav_interfaces/share/unitree_nav_interfaces/srv/SetBodyRPY.idl
[0.407s] -- Up-to-date: /home/sora/travail/m2/s10/PFE_Transport_Chien_Robot/install/unitree_nav_interfaces/share/unitree_nav_interfaces/srv/NavToPose.idl
[0.407s] -- Up-to-date: /home/sora/travail/m2/s10/PFE_Transport_Chien_Robot/install/unitree_nav_interfaces/share/unitree_nav_interfaces/srv/SetBodyRPY.srv
[0.407s] -- Up-to-date: /home/sora/travail/m2/s10/PFE_Transport_Chien_Robot/install/unitree_nav_interfaces/share/unitree_nav_interfaces/srv/SetBodyRPY_Request.msg
[0.407s] -- Up-to-date: /home/sora/travail/m2/s10/PFE_Transport_Chien_Robot/install/unitree_nav_interfaces/share/unitree_nav_interfaces/srv/SetBodyRPY_Response.msg
[0.407s] -- Up-to-date: /home/sora/travail/m2/s10/PFE_Transport_Chien_Robot/install/unitree_nav_interfaces/share/unitree_nav_interfaces/srv/NavToPose.srv
[0.407s] -- Up-to-date: /home/sora/travail/m2/s10/PFE_Transport_Chien_Robot/install/unitree_nav_interfaces/share/unitree_nav_interfaces/srv/NavToPose_Request.msg
[0.407s] -- Up-to-date: /home/sora/travail/m2/s10/PFE_Transport_Chien_Robot/install/unitree_nav_interfaces/share/unitree_nav_interfaces/srv/NavToPose_Response.msg
[0.408s] -- Up-to-date: /home/sora/travail/m2/s10/PFE_Transport_Chien_Robot/install/unitree_nav_interfaces/share/ament_index/resource_index/package_run_dependencies/unitree_nav_interfaces
[0.408s] -- Up-to-date: /home/sora/travail/m2/s10/PFE_Transport_Chien_Robot/install/unitree_nav_interfaces/share/ament_index/resource_index/parent_prefix_path/unitree_nav_interfaces
[0.408s] -- Up-to-date: /home/sora/travail/m2/s10/PFE_Transport_Chien_Robot/install/unitree_nav_interfaces/share/unitree_nav_interfaces/environment/ament_prefix_path.sh
[0.408s] -- Up-to-date: /home/sora/travail/m2/s10/PFE_Transport_Chien_Robot/install/unitree_nav_interfaces/share/unitree_nav_interfaces/environment/ament_prefix_path.dsv
[0.408s] -- Up-to-date: /home/sora/travail/m2/s10/PFE_Transport_Chien_Robot/install/unitree_nav_interfaces/share/unitree_nav_interfaces/environment/path.sh
[0.408s] -- Up-to-date: /home/sora/travail/m2/s10/PFE_Transport_Chien_Robot/install/unitree_nav_interfaces/share/unitree_nav_interfaces/environment/path.dsv
[0.408s] -- Up-to-date: /home/sora/travail/m2/s10/PFE_Transport_Chien_Robot/install/unitree_nav_interfaces/share/unitree_nav_interfaces/local_setup.bash
[0.408s] -- Up-to-date: /home/sora/travail/m2/s10/PFE_Transport_Chien_Robot/install/unitree_nav_interfaces/share/unitree_nav_interfaces/local_setup.sh
[0.408s] -- Up-to-date: /home/sora/travail/m2/s10/PFE_Transport_Chien_Robot/install/unitree_nav_interfaces/share/unitree_nav_interfaces/local_setup.zsh
[0.408s] -- Up-to-date: /home/sora/travail/m2/s10/PFE_Transport_Chien_Robot/install/unitree_nav_interfaces/share/unitree_nav_interfaces/local_setup.dsv
[0.408s] -- Installing: /home/sora/travail/m2/s10/PFE_Transport_Chien_Robot/install/unitree_nav_interfaces/share/unitree_nav_interfaces/package.dsv
[0.408s] -- Up-to-date: /home/sora/travail/m2/s10/PFE_Transport_Chien_Robot/install/unitree_nav_interfaces/share/ament_index/resource_index/packages/unitree_nav_interfaces
[0.408s] -- Up-to-date: /home/sora/travail/m2/s10/PFE_Transport_Chien_Robot/install/unitree_nav_interfaces/share/unitree_nav_interfaces/cmake/export_unitree_nav_interfaces_srv__rosidl_generator_cExport.cmake
[0.408s] -- Up-to-date: /home/sora/travail/m2/s10/PFE_Transport_Chien_Robot/install/unitree_nav_interfaces/share/unitree_nav_interfaces/cmake/export_unitree_nav_interfaces_srv__rosidl_generator_cExport-noconfig.cmake
[0.408s] -- Up-to-date: /home/sora/travail/m2/s10/PFE_Transport_Chien_Robot/install/unitree_nav_interfaces/share/unitree_nav_interfaces/cmake/export_unitree_nav_interfaces_srv__rosidl_typesupport_fastrtps_cExport.cmake
[0.408s] -- Up-to-date: /home/sora/travail/m2/s10/PFE_Transport_Chien_Robot/install/unitree_nav_interfaces/share/unitree_nav_interfaces/cmake/export_unitree_nav_interfaces_srv__rosidl_typesupport_fastrtps_cExport-noconfig.cmake
[0.408s] -- Up-to-date: /home/sora/travail/m2/s10/PFE_Transport_Chien_Robot/install/unitree_nav_interfaces/share/unitree_nav_interfaces/cmake/export_unitree_nav_interfaces_srv__rosidl_generator_cppExport.cmake
[0.408s] -- Up-to-date: /home/sora/travail/m2/s10/PFE_Transport_Chien_Robot/install/unitree_nav_interfaces/share/unitree_nav_interfaces/cmake/export_unitree_nav_interfaces_srv__rosidl_typesupport_fastrtps_cppExport.cmake
[0.408s] -- Up-to-date: /home/sora/travail/m2/s10/PFE_Transport_Chien_Robot/install/unitree_nav_interfaces/share/unitree_nav_interfaces/cmake/export_unitree_nav_interfaces_srv__rosidl_typesupport_fastrtps_cppExport-noconfig.cmake
[0.408s] -- Up-to-date: /home/sora/travail/m2/s10/PFE_Transport_Chien_Robot/install/unitree_nav_interfaces/share/unitree_nav_interfaces/cmake/unitree_nav_interfaces_srv__rosidl_typesupport_introspection_cExport.cmake
[0.408s] -- Up-to-date: /home/sora/travail/m2/s10/PFE_Transport_Chien_Robot/install/unitree_nav_interfaces/share/unitree_nav_interfaces/cmake/unitree_nav_interfaces_srv__rosidl_typesupport_introspection_cExport-noconfig.cmake
[0.409s] -- Up-to-date: /home/sora/travail/m2/s10/PFE_Transport_Chien_Robot/install/unitree_nav_interfaces/share/unitree_nav_interfaces/cmake/unitree_nav_interfaces_srv__rosidl_typesupport_cExport.cmake
[0.409s] -- Up-to-date: /home/sora/travail/m2/s10/PFE_Transport_Chien_Robot/install/unitree_nav_interfaces/share/unitree_nav_interfaces/cmake/unitree_nav_interfaces_srv__rosidl_typesupport_cExport-noconfig.cmake
[0.409s] -- Up-to-date: /home/sora/travail/m2/s10/PFE_Transport_Chien_Robot/install/unitree_nav_interfaces/share/unitree_nav_interfaces/cmake/unitree_nav_interfaces_srv__rosidl_typesupport_introspection_cppExport.cmake
[0.409s] -- Up-to-date: /home/sora/travail/m2/s10/PFE_Transport_Chien_Robot/install/unitree_nav_interfaces/share/unitree_nav_interfaces/cmake/unitree_nav_interfaces_srv__rosidl_typesupport_introspection_cppExport-noconfig.cmake
[0.409s] -- Up-to-date: /home/sora/travail/m2/s10/PFE_Transport_Chien_Robot/install/unitree_nav_interfaces/share/unitree_nav_interfaces/cmake/unitree_nav_interfaces_srv__rosidl_typesupport_cppExport.cmake
[0.409s] -- Up-to-date: /home/sora/travail/m2/s10/PFE_Transport_Chien_Robot/install/unitree_nav_interfaces/share/unitree_nav_interfaces/cmake/unitree_nav_interfaces_srv__rosidl_typesupport_cppExport-noconfig.cmake
[0.409s] -- Up-to-date: /home/sora/travail/m2/s10/PFE_Transport_Chien_Robot/install/unitree_nav_interfaces/share/unitree_nav_interfaces/cmake/export_unitree_nav_interfaces_srv__rosidl_generator_pyExport.cmake
[0.409s] -- Up-to-date: /home/sora/travail/m2/s10/PFE_Transport_Chien_Robot/install/unitree_nav_interfaces/share/unitree_nav_interfaces/cmake/export_unitree_nav_interfaces_srv__rosidl_generator_pyExport-noconfig.cmake
[0.409s] -- Up-to-date: /home/sora/travail/m2/s10/PFE_Transport_Chien_Robot/install/unitree_nav_interfaces/share/unitree_nav_interfaces/cmake/ament_cmake_export_dependencies-extras.cmake
[0.409s] -- Up-to-date: /home/sora/travail/m2/s10/PFE_Transport_Chien_Robot/install/unitree_nav_interfaces/share/unitree_nav_interfaces/cmake/rosidl_cmake-extras.cmake
[0.409s] -- Up-to-date: /home/sora/travail/m2/s10/PFE_Transport_Chien_Robot/install/unitree_nav_interfaces/share/unitree_nav_interfaces/cmake/ament_cmake_export_include_directories-extras.cmake
[0.409s] -- Up-to-date: /home/sora/travail/m2/s10/PFE_Transport_Chien_Robot/install/unitree_nav_interfaces/share/unitree_nav_interfaces/cmake/ament_cmake_export_libraries-extras.cmake
[0.409s] -- Up-to-date: /home/sora/travail/m2/s10/PFE_Transport_Chien_Robot/install/unitree_nav_interfaces/share/unitree_nav_interfaces/cmake/ament_cmake_export_targets-extras.cmake
[0.409s] -- Up-to-date: /home/sora/travail/m2/s10/PFE_Transport_Chien_Robot/install/unitree_nav_interfaces/share/unitree_nav_interfaces/cmake/rosidl_cmake_export_typesupport_targets-extras.cmake
[0.409s] -- Up-to-date: /home/sora/travail/m2/s10/PFE_Transport_Chien_Robot/install/unitree_nav_interfaces/share/unitree_nav_interfaces/cmake/rosidl_cmake_export_typesupport_libraries-extras.cmake
[0.409s] -- Up-to-date: /home/sora/travail/m2/s10/PFE_Transport_Chien_Robot/install/unitree_nav_interfaces/share/unitree_nav_interfaces/cmake/unitree_nav_interfacesConfig.cmake
[0.409s] -- Up-to-date: /home/sora/travail/m2/s10/PFE_Transport_Chien_Robot/install/unitree_nav_interfaces/share/unitree_nav_interfaces/cmake/unitree_nav_interfacesConfig-version.cmake
[0.409s] -- Up-to-date: /home/sora/travail/m2/s10/PFE_Transport_Chien_Robot/install/unitree_nav_interfaces/share/unitree_nav_interfaces/package.xml
[0.423s] Invoked command in '/home/sora/travail/m2/s10/PFE_Transport_Chien_Robot/build/unitree_nav_interfaces' returned '0': CMAKE_PREFIX_PATH=${CMAKE_PREFIX_PATH}:/home/sora/travail/m2/s10/PFE_Transport_Chien_Robot/install/unitree_nav_launch_module:/opt/ros/humble /usr/bin/cmake --install /home/sora/travail/m2/s10/PFE_Transport_Chien_Robot/build/unitree_nav_interfaces
