[0.486s] Invoking command in '/home/sora/travail/m2/s10/PFE_Transport_Chien_Robot/src/unitree_nav/unitree_nav_launch_module': PYTHONPATH=/home/sora/travail/m2/s10/PFE_Transport_Chien_Robot/build/unitree_nav_launch_module/prefix_override:/home/sora/travail/m2/s10/PFE_Transport_Chien_Robot/install/unitree_nav_launch_module/lib/python3.10/site-packages:${PYTHONPATH} /usr/bin/python3 setup.py egg_info --egg-base ../../../build/unitree_nav_launch_module build --build-base /home/sora/travail/m2/s10/PFE_Transport_Chien_Robot/build/unitree_nav_launch_module/build install --record /home/sora/travail/m2/s10/PFE_Transport_Chien_Robot/build/unitree_nav_launch_module/install.log --single-version-externally-managed
[0.612s] running egg_info
[0.613s] writing ../../../build/unitree_nav_launch_module/unitree_nav_launch_module.egg-info/PKG-INFO
[0.613s] writing dependency_links to ../../../build/unitree_nav_launch_module/unitree_nav_launch_module.egg-info/dependency_links.txt
[0.613s] writing entry points to ../../../build/unitree_nav_launch_module/unitree_nav_launch_module.egg-info/entry_points.txt
[0.613s] writing requirements to ../../../build/unitree_nav_launch_module/unitree_nav_launch_module.egg-info/requires.txt
[0.613s] writing top-level names to ../../../build/unitree_nav_launch_module/unitree_nav_launch_module.egg-info/top_level.txt
[0.614s] reading manifest file '../../../build/unitree_nav_launch_module/unitree_nav_launch_module.egg-info/SOURCES.txt'
[0.614s] writing manifest file '../../../build/unitree_nav_launch_module/unitree_nav_launch_module.egg-info/SOURCES.txt'
[0.615s] running build
[0.615s] running build_py
[0.615s] running install
[0.615s] /usr/lib/python3/dist-packages/setuptools/command/install.py:34: SetuptoolsDeprecationWarning: setup.py install is deprecated. Use build and pip and other standards-based tools.
[0.615s]   warnings.warn(
[0.615s] running install_lib
[0.615s] running install_data
[0.615s] running install_egg_info
[0.616s] removing '/home/sora/travail/m2/s10/PFE_Transport_Chien_Robot/install/unitree_nav_launch_module/lib/python3.10/site-packages/unitree_nav_launch_module-0.0.0-py3.10.egg-info' (and everything under it)
[0.617s] Copying ../../../build/unitree_nav_launch_module/unitree_nav_launch_module.egg-info to /home/sora/travail/m2/s10/PFE_Transport_Chien_Robot/install/unitree_nav_launch_module/lib/python3.10/site-packages/unitree_nav_launch_module-0.0.0-py3.10.egg-info
[0.617s] running install_scripts
[0.630s] writing list of installed files to '/home/sora/travail/m2/s10/PFE_Transport_Chien_Robot/build/unitree_nav_launch_module/install.log'
[0.644s] Invoked command in '/home/sora/travail/m2/s10/PFE_Transport_Chien_Robot/src/unitree_nav/unitree_nav_launch_module' returned '0': PYTHONPATH=/home/sora/travail/m2/s10/PFE_Transport_Chien_Robot/build/unitree_nav_launch_module/prefix_override:/home/sora/travail/m2/s10/PFE_Transport_Chien_Robot/install/unitree_nav_launch_module/lib/python3.10/site-packages:${PYTHONPATH} /usr/bin/python3 setup.py egg_info --egg-base ../../../build/unitree_nav_launch_module build --build-base /home/sora/travail/m2/s10/PFE_Transport_Chien_Robot/build/unitree_nav_launch_module/build install --record /home/sora/travail/m2/s10/PFE_Transport_Chien_Robot/build/unitree_nav_launch_module/install.log --single-version-externally-managed
