[0.084s] Invoking command in '/home/sora/travail/m2/s10/PFE_Transport_Chien_Robot/build/unitree_gazebo': CMAKE_PREFIX_PATH=/home/sora/travail/m2/s10/PFE_Transport_Chien_Robot/install/ros2_unitree_legged_msgs:/home/sora/travail/m2/s10/PFE_Transport_Chien_Robot/install/unitree_gazebo:/home/sora/travail/m2/s10/PFE_Transport_Chien_Robot/install/unitree_nav:/home/sora/travail/m2/s10/PFE_Transport_Chien_Robot/install/unitree_nav_interfaces:/home/sora/travail/m2/s10/PFE_Transport_Chien_Robot/install/unitree_legged_real:/home/sora/travail/m2/s10/PFE_Transport_Chien_Robot/install/go1_description:/home/sora/travail/m2/s10/PFE_Transport_Chien_Robot/install/unitree_nav_launch_module:/opt/ros/humble LD_LIBRARY_PATH=/home/sora/travail/m2/s10/PFE_Transport_Chien_Robot/install/ros2_unitree_legged_msgs/lib:/home/sora/travail/m2/s10/PFE_Transport_Chien_Robot/install/unitree_nav_interfaces/lib:/home/sora/travail/m2/s10/PFE_Transport_Chien_Robot/install/unitree_legged_real/lib:/usr/lib/x86_64-linux-gnu/gazebo-11/plugins:/opt/ros/humble/opt/rviz_ogre_vendor/lib:/opt/ros/humble/lib/x86_64-linux-gnu:/opt/ros/humble/lib /usr/bin/cmake /home/sora/travail/m2/s10/PFE_Transport_Chien_Robot/src/unitree_ros2/unitree_gazebo -DCMAKE_INSTALL_PREFIX=/home/sora/travail/m2/s10/PFE_Transport_Chien_Robot/install/unitree_gazebo
[0.113s] -- The C compiler identification is GNU 11.4.0
[0.144s] -- The CXX compiler identification is GNU 11.4.0
[0.148s] -- Detecting C compiler ABI info
[0.188s] -- Detecting C compiler ABI info - done
[0.192s] -- Check for working C compiler: /usr/bin/cc - skipped
[0.192s] -- Detecting C compile features
[0.192s] -- Detecting C compile features - done
[0.195s] -- Detecting CXX compiler ABI info
[0.242s] -- Detecting CXX compiler ABI info - done
[0.247s] -- Check for working CXX compiler: /usr/bin/c++ - skipped
[0.248s] -- Detecting CXX compile features
[0.248s] -- Detecting CXX compile features - done
[0.249s] -- Found ament_cmake: 1.3.7 (/opt/ros/humble/share/ament_cmake/cmake)
[0.359s] -- Found Python3: /usr/bin/python3.10 (found version "3.10.12") found components: Interpreter 
[0.415s] -- Found rclcpp: 16.0.8 (/opt/ros/humble/share/rclcpp/cmake)
[0.443s] -- Found rosidl_generator_c: 3.1.5 (/opt/ros/humble/share/rosidl_generator_c/cmake)
[0.446s] -- Found rosidl_adapter: 3.1.5 (/opt/ros/humble/share/rosidl_adapter/cmake)
[0.451s] -- Found rosidl_generator_cpp: 3.1.5 (/opt/ros/humble/share/rosidl_generator_cpp/cmake)
[0.460s] -- Using all available rosidl_typesupport_c: rosidl_typesupport_fastrtps_c;rosidl_typesupport_introspection_c
[0.472s] -- Using all available rosidl_typesupport_cpp: rosidl_typesupport_fastrtps_cpp;rosidl_typesupport_introspection_cpp
[0.517s] -- Found rmw_implementation_cmake: 6.1.1 (/opt/ros/humble/share/rmw_implementation_cmake/cmake)
[0.519s] -- Found rmw_fastrtps_cpp: 6.2.6 (/opt/ros/humble/share/rmw_fastrtps_cpp/cmake)
[0.579s] -- Found OpenSSL: /usr/lib/x86_64-linux-gnu/libcrypto.so (found version "3.0.2")  
[0.597s] -- Found FastRTPS: /opt/ros/humble/include  
[0.629s] -- Using RMW implementation 'rmw_fastrtps_cpp' as default
[0.635s] -- Looking for pthread.h
[0.678s] -- Looking for pthread.h - found
[0.678s] -- Performing Test CMAKE_HAVE_LIBC_PTHREAD
[0.722s] -- Performing Test CMAKE_HAVE_LIBC_PTHREAD - Success
[0.723s] -- Found Threads: TRUE  
[0.824s] -- Found controller_manager: 2.37.0 (/opt/ros/humble/share/controller_manager/cmake)
[1.730s] -- Found robot_state_publisher: 3.0.3 (/opt/ros/humble/share/robot_state_publisher/cmake)
[1.750s] -- Found eigen3_cmake_module: 0.1.1 (/opt/ros/humble/share/eigen3_cmake_module/cmake)
[1.751s] -- Found Eigen3: TRUE (found version "3.4.0") 
[1.751s] -- Ensuring Eigen3 include directory is part of orocos-kdl CMake target
[2.036s] -- Found gazebo_ros: 3.7.0 (/opt/ros/humble/share/gazebo_ros/cmake)
[2.048s] -- Found PkgConfig: /usr/bin/pkg-config (found version "0.29.2") 
[2.050s] -- Checking for module 'bullet>=2.82'
[2.065s] --   Found bullet, version 3.05
[2.197s] -- Found fcl: /usr/include (found suitable version "0.7.0", minimum required is "0.5.0") 
[2.271s] -- Found assimp: /usr/include (found version "5.2.0") 
[2.299s] -- Found DART: /usr/include (Required is at least version "6.6") found components: dart 
[2.328s] -- Found Boost: /usr/lib/x86_64-linux-gnu/cmake/Boost-1.74.0/BoostConfig.cmake (found suitable version "1.74.0", minimum required is "1.40.0") found components: thread system filesystem program_options regex iostreams date_time 
[2.343s] -- Found Protobuf: /usr/lib/x86_64-linux-gnu/libprotobuf.so (found version "3.12.4") 
[2.348s] -- Looking for ignition-math6 -- found version 6.15.1
[2.354s] -- Searching for dependencies of ignition-math6
[2.356s] -- Looking for OGRE...
[2.356s] -- OGRE_PREFIX_WATCH changed.
[2.362s] -- Checking for module 'OGRE'
[2.381s] --   Found OGRE, version 1.9.0
[2.426s] -- Found Ogre Ghadamon (1.9.0)
[2.438s] -- Found OGRE: optimized;/usr/lib/x86_64-linux-gnu/libOgreMain.so;debug;/usr/lib/x86_64-linux-gnu/libOgreMain.so
[2.454s] -- Looking for OGRE_Paging...
[2.464s] -- Found OGRE_Paging: optimized;/usr/lib/x86_64-linux-gnu/libOgrePaging.so;debug;/usr/lib/x86_64-linux-gnu/libOgrePaging.so
[2.465s] -- Looking for OGRE_Terrain...
[2.474s] -- Found OGRE_Terrain: optimized;/usr/lib/x86_64-linux-gnu/libOgreTerrain.so;debug;/usr/lib/x86_64-linux-gnu/libOgreTerrain.so
[2.475s] -- Looking for OGRE_Property...
[2.484s] -- Found OGRE_Property: optimized;/usr/lib/x86_64-linux-gnu/libOgreProperty.so;debug;/usr/lib/x86_64-linux-gnu/libOgreProperty.so
[2.484s] -- Looking for OGRE_RTShaderSystem...
[2.493s] -- Found OGRE_RTShaderSystem: optimized;/usr/lib/x86_64-linux-gnu/libOgreRTShaderSystem.so;debug;/usr/lib/x86_64-linux-gnu/libOgreRTShaderSystem.so
[2.493s] -- Looking for OGRE_Volume...
[2.502s] -- Found OGRE_Volume: optimized;/usr/lib/x86_64-linux-gnu/libOgreVolume.so;debug;/usr/lib/x86_64-linux-gnu/libOgreVolume.so
[2.502s] -- Looking for OGRE_Overlay...
[2.512s] -- Found OGRE_Overlay: optimized;/usr/lib/x86_64-linux-gnu/libOgreOverlay.so;debug;/usr/lib/x86_64-linux-gnu/libOgreOverlay.so
[2.662s] -- Looking for ignition-math6 -- found version 6.15.1
[2.665s] -- Looking for ignition-transport8 -- found version 8.2.1
[2.665s] -- Searching for dependencies of ignition-transport8
[2.683s] -- Found Protobuf: /usr/lib/x86_64-linux-gnu/libprotobuf.so (found suitable version "3.12.4", minimum required is "3") 
[2.694s] -- Config-file not installed for ZeroMQ -- checking for pkg-config
[2.701s] -- Checking for module 'libzmq >= 4'
[2.721s] --   Found libzmq , version 4.3.4
[2.772s] -- Found ZeroMQ: TRUE (Required is at least version "4") 
[2.781s] -- Checking for module 'uuid'
[2.800s] --   Found uuid, version 2.37.2
[2.849s] -- Found UUID: TRUE  
[2.853s] -- Looking for ignition-msgs5 -- found version 5.8.1
[2.854s] -- Searching for dependencies of ignition-msgs5
[2.884s] -- Looking for ignition-math6 -- found version 6.15.1
[2.892s] -- Checking for module 'tinyxml2'
[2.911s] --   Found tinyxml2, version 9.0.0
[2.961s] -- Looking for ignition-msgs5 -- found version 5.8.1
[2.964s] -- Looking for ignition-common3 -- found version 3.14.0
[2.965s] -- Searching for dependencies of ignition-common3
[2.965s] -- Looking for dlfcn.h - found
[2.967s] -- Looking for libdl - found
[2.969s] -- Found DL: TRUE  
[2.987s] -- Found tinyobjloader: /usr/lib/x86_64-linux-gnu/cmake/tinyobjloader/tinyobjloader-config.cmake (found version "2.0.0") 
[2.988s] -- Searching for <ignition-common3> component [graphics]
[2.992s] -- Looking for ignition-common3-graphics -- found version 3.14.0
[2.992s] -- Searching for dependencies of ignition-common3-graphics
[2.993s] -- Looking for ignition-math6 -- found version 6.15.1
[2.998s] -- Looking for ignition-fuel_tools4 -- found version 4.4.0
[2.998s] -- Searching for dependencies of ignition-fuel_tools4
[3.116s] -- Found CURL: /usr/lib/x86_64-linux-gnu/libcurl.so (found version "7.81.0")  
[3.130s] -- Checking for module 'jsoncpp'
[3.150s] --   Found jsoncpp, version 1.9.5
[3.199s] -- Found JSONCPP: TRUE  
[3.208s] -- Checking for module 'libzip'
[3.228s] --   Found libzip, version 1.7.3
[3.278s] -- Found ZIP: TRUE  
[3.278s] -- Looking for ignition-common3 -- found version 3.14.0
[3.279s] -- Looking for ignition-math6 -- found version 6.15.1
[3.280s] -- Looking for ignition-msgs5 -- found version 5.8.1
[3.286s] -- Gazebo version: 11.10
[3.286s] -- Checking for module 'tbb'
[3.307s] --   Found tbb, version 2021.5.0
[3.360s] -- Found ros2_unitree_legged_msgs: 0.4.0 (/home/sora/travail/m2/s10/PFE_Transport_Chien_Robot/install/ros2_unitree_legged_msgs/share/ros2_unitree_legged_msgs/cmake)
[3.394s] -- Found Boost: /usr/lib/x86_64-linux-gnu/cmake/Boost-1.74.0/BoostConfig.cmake (found version "1.74.0") found components: system filesystem thread 
[3.505s] -- Configuring done
[3.543s] -- Generating done
[3.547s] -- Build files have been written to: /home/sora/travail/m2/s10/PFE_Transport_Chien_Robot/build/unitree_gazebo
[3.568s] Invoked command in '/home/sora/travail/m2/s10/PFE_Transport_Chien_Robot/build/unitree_gazebo' returned '0': CMAKE_PREFIX_PATH=/home/sora/travail/m2/s10/PFE_Transport_Chien_Robot/install/ros2_unitree_legged_msgs:/home/sora/travail/m2/s10/PFE_Transport_Chien_Robot/install/unitree_gazebo:/home/sora/travail/m2/s10/PFE_Transport_Chien_Robot/install/unitree_nav:/home/sora/travail/m2/s10/PFE_Transport_Chien_Robot/install/unitree_nav_interfaces:/home/sora/travail/m2/s10/PFE_Transport_Chien_Robot/install/unitree_legged_real:/home/sora/travail/m2/s10/PFE_Transport_Chien_Robot/install/go1_description:/home/sora/travail/m2/s10/PFE_Transport_Chien_Robot/install/unitree_nav_launch_module:/opt/ros/humble LD_LIBRARY_PATH=/home/sora/travail/m2/s10/PFE_Transport_Chien_Robot/install/ros2_unitree_legged_msgs/lib:/home/sora/travail/m2/s10/PFE_Transport_Chien_Robot/install/unitree_nav_interfaces/lib:/home/sora/travail/m2/s10/PFE_Transport_Chien_Robot/install/unitree_legged_real/lib:/usr/lib/x86_64-linux-gnu/gazebo-11/plugins:/opt/ros/humble/opt/rviz_ogre_vendor/lib:/opt/ros/humble/lib/x86_64-linux-gnu:/opt/ros/humble/lib /usr/bin/cmake /home/sora/travail/m2/s10/PFE_Transport_Chien_Robot/src/unitree_ros2/unitree_gazebo -DCMAKE_INSTALL_PREFIX=/home/sora/travail/m2/s10/PFE_Transport_Chien_Robot/install/unitree_gazebo
[3.570s] Invoking command in '/home/sora/travail/m2/s10/PFE_Transport_Chien_Robot/build/unitree_gazebo': CMAKE_PREFIX_PATH=/home/sora/travail/m2/s10/PFE_Transport_Chien_Robot/install/ros2_unitree_legged_msgs:/home/sora/travail/m2/s10/PFE_Transport_Chien_Robot/install/unitree_gazebo:/home/sora/travail/m2/s10/PFE_Transport_Chien_Robot/install/unitree_nav:/home/sora/travail/m2/s10/PFE_Transport_Chien_Robot/install/unitree_nav_interfaces:/home/sora/travail/m2/s10/PFE_Transport_Chien_Robot/install/unitree_legged_real:/home/sora/travail/m2/s10/PFE_Transport_Chien_Robot/install/go1_description:/home/sora/travail/m2/s10/PFE_Transport_Chien_Robot/install/unitree_nav_launch_module:/opt/ros/humble LD_LIBRARY_PATH=/home/sora/travail/m2/s10/PFE_Transport_Chien_Robot/install/ros2_unitree_legged_msgs/lib:/home/sora/travail/m2/s10/PFE_Transport_Chien_Robot/install/unitree_nav_interfaces/lib:/home/sora/travail/m2/s10/PFE_Transport_Chien_Robot/install/unitree_legged_real/lib:/usr/lib/x86_64-linux-gnu/gazebo-11/plugins:/opt/ros/humble/opt/rviz_ogre_vendor/lib:/opt/ros/humble/lib/x86_64-linux-gnu:/opt/ros/humble/lib /usr/bin/cmake --build /home/sora/travail/m2/s10/PFE_Transport_Chien_Robot/build/unitree_gazebo -- -j24 -l24
[3.647s] [ 25%] [32mBuilding CXX object CMakeFiles/unitreeDrawForcePlugin.dir/plugin/draw_force_plugin.cc.o[0m
[3.647s] [ 50%] [32mBuilding CXX object CMakeFiles/unitreeFootContactPlugin.dir/plugin/foot_contact_plugin.cc.o[0m
[15.690s] [ 75%] [32m[1mLinking CXX shared library libunitreeFootContactPlugin.so[0m
[15.959s] [ 75%] Built target unitreeFootContactPlugin
[21.094s] [100%] [32m[1mLinking CXX shared library libunitreeDrawForcePlugin.so[0m
[21.515s] [100%] Built target unitreeDrawForcePlugin
[21.522s] Invoked command in '/home/sora/travail/m2/s10/PFE_Transport_Chien_Robot/build/unitree_gazebo' returned '0': CMAKE_PREFIX_PATH=/home/sora/travail/m2/s10/PFE_Transport_Chien_Robot/install/ros2_unitree_legged_msgs:/home/sora/travail/m2/s10/PFE_Transport_Chien_Robot/install/unitree_gazebo:/home/sora/travail/m2/s10/PFE_Transport_Chien_Robot/install/unitree_nav:/home/sora/travail/m2/s10/PFE_Transport_Chien_Robot/install/unitree_nav_interfaces:/home/sora/travail/m2/s10/PFE_Transport_Chien_Robot/install/unitree_legged_real:/home/sora/travail/m2/s10/PFE_Transport_Chien_Robot/install/go1_description:/home/sora/travail/m2/s10/PFE_Transport_Chien_Robot/install/unitree_nav_launch_module:/opt/ros/humble LD_LIBRARY_PATH=/home/sora/travail/m2/s10/PFE_Transport_Chien_Robot/install/ros2_unitree_legged_msgs/lib:/home/sora/travail/m2/s10/PFE_Transport_Chien_Robot/install/unitree_nav_interfaces/lib:/home/sora/travail/m2/s10/PFE_Transport_Chien_Robot/install/unitree_legged_real/lib:/usr/lib/x86_64-linux-gnu/gazebo-11/plugins:/opt/ros/humble/opt/rviz_ogre_vendor/lib:/opt/ros/humble/lib/x86_64-linux-gnu:/opt/ros/humble/lib /usr/bin/cmake --build /home/sora/travail/m2/s10/PFE_Transport_Chien_Robot/build/unitree_gazebo -- -j24 -l24
[21.547s] Invoking command in '/home/sora/travail/m2/s10/PFE_Transport_Chien_Robot/build/unitree_gazebo': CMAKE_PREFIX_PATH=/home/sora/travail/m2/s10/PFE_Transport_Chien_Robot/install/ros2_unitree_legged_msgs:/home/sora/travail/m2/s10/PFE_Transport_Chien_Robot/install/unitree_gazebo:/home/sora/travail/m2/s10/PFE_Transport_Chien_Robot/install/unitree_nav:/home/sora/travail/m2/s10/PFE_Transport_Chien_Robot/install/unitree_nav_interfaces:/home/sora/travail/m2/s10/PFE_Transport_Chien_Robot/install/unitree_legged_real:/home/sora/travail/m2/s10/PFE_Transport_Chien_Robot/install/go1_description:/home/sora/travail/m2/s10/PFE_Transport_Chien_Robot/install/unitree_nav_launch_module:/opt/ros/humble LD_LIBRARY_PATH=/home/sora/travail/m2/s10/PFE_Transport_Chien_Robot/install/ros2_unitree_legged_msgs/lib:/home/sora/travail/m2/s10/PFE_Transport_Chien_Robot/install/unitree_nav_interfaces/lib:/home/sora/travail/m2/s10/PFE_Transport_Chien_Robot/install/unitree_legged_real/lib:/usr/lib/x86_64-linux-gnu/gazebo-11/plugins:/opt/ros/humble/opt/rviz_ogre_vendor/lib:/opt/ros/humble/lib/x86_64-linux-gnu:/opt/ros/humble/lib /usr/bin/cmake --install /home/sora/travail/m2/s10/PFE_Transport_Chien_Robot/build/unitree_gazebo
[21.556s] -- Install configuration: ""
[21.556s] -- Installing: /home/sora/travail/m2/s10/PFE_Transport_Chien_Robot/install/unitree_gazebo/share/unitree_gazebo//launch
[21.556s] -- Installing: /home/sora/travail/m2/s10/PFE_Transport_Chien_Robot/install/unitree_gazebo/share/unitree_gazebo//launch/normal.py
[21.557s] -- Installing: /home/sora/travail/m2/s10/PFE_Transport_Chien_Robot/install/unitree_gazebo/share/unitree_gazebo//launch/normal.launch
[21.557s] -- Installing: /home/sora/travail/m2/s10/PFE_Transport_Chien_Robot/install/unitree_gazebo/share/unitree_gazebo//launch/z1.launch
[21.557s] -- Installing: /home/sora/travail/m2/s10/PFE_Transport_Chien_Robot/install/unitree_gazebo/share/unitree_gazebo//worlds
[21.557s] -- Installing: /home/sora/travail/m2/s10/PFE_Transport_Chien_Robot/install/unitree_gazebo/share/unitree_gazebo//worlds/earth.world
[21.557s] -- Installing: /home/sora/travail/m2/s10/PFE_Transport_Chien_Robot/install/unitree_gazebo/share/unitree_gazebo//worlds/building_editor_models
[21.557s] -- Installing: /home/sora/travail/m2/s10/PFE_Transport_Chien_Robot/install/unitree_gazebo/share/unitree_gazebo//worlds/building_editor_models/stairs
[21.557s] -- Installing: /home/sora/travail/m2/s10/PFE_Transport_Chien_Robot/install/unitree_gazebo/share/unitree_gazebo//worlds/building_editor_models/stairs/model.sdf
[21.557s] -- Installing: /home/sora/travail/m2/s10/PFE_Transport_Chien_Robot/install/unitree_gazebo/share/unitree_gazebo//worlds/building_editor_models/stairs/model.config
[21.557s] -- Installing: /home/sora/travail/m2/s10/PFE_Transport_Chien_Robot/install/unitree_gazebo/share/unitree_gazebo//worlds/space.world
[21.557s] -- Installing: /home/sora/travail/m2/s10/PFE_Transport_Chien_Robot/install/unitree_gazebo/share/unitree_gazebo//worlds/stairs.world
[21.557s] -- Installing: /home/sora/travail/m2/s10/PFE_Transport_Chien_Robot/install/unitree_gazebo/share/ament_index/resource_index/package_run_dependencies/unitree_gazebo
[21.557s] -- Installing: /home/sora/travail/m2/s10/PFE_Transport_Chien_Robot/install/unitree_gazebo/share/ament_index/resource_index/parent_prefix_path/unitree_gazebo
[21.558s] -- Installing: /home/sora/travail/m2/s10/PFE_Transport_Chien_Robot/install/unitree_gazebo/share/unitree_gazebo/environment/ament_prefix_path.sh
[21.558s] -- Installing: /home/sora/travail/m2/s10/PFE_Transport_Chien_Robot/install/unitree_gazebo/share/unitree_gazebo/environment/ament_prefix_path.dsv
[21.558s] -- Installing: /home/sora/travail/m2/s10/PFE_Transport_Chien_Robot/install/unitree_gazebo/share/unitree_gazebo/environment/path.sh
[21.558s] -- Installing: /home/sora/travail/m2/s10/PFE_Transport_Chien_Robot/install/unitree_gazebo/share/unitree_gazebo/environment/path.dsv
[21.558s] -- Installing: /home/sora/travail/m2/s10/PFE_Transport_Chien_Robot/install/unitree_gazebo/share/unitree_gazebo/local_setup.bash
[21.558s] -- Installing: /home/sora/travail/m2/s10/PFE_Transport_Chien_Robot/install/unitree_gazebo/share/unitree_gazebo/local_setup.sh
[21.558s] -- Installing: /home/sora/travail/m2/s10/PFE_Transport_Chien_Robot/install/unitree_gazebo/share/unitree_gazebo/local_setup.zsh
[21.558s] -- Installing: /home/sora/travail/m2/s10/PFE_Transport_Chien_Robot/install/unitree_gazebo/share/unitree_gazebo/local_setup.dsv
[21.559s] -- Installing: /home/sora/travail/m2/s10/PFE_Transport_Chien_Robot/install/unitree_gazebo/share/unitree_gazebo/package.dsv
[21.559s] -- Installing: /home/sora/travail/m2/s10/PFE_Transport_Chien_Robot/install/unitree_gazebo/share/ament_index/resource_index/packages/unitree_gazebo
[21.559s] -- Installing: /home/sora/travail/m2/s10/PFE_Transport_Chien_Robot/install/unitree_gazebo/share/unitree_gazebo/cmake/ament_cmake_export_dependencies-extras.cmake
[21.559s] -- Installing: /home/sora/travail/m2/s10/PFE_Transport_Chien_Robot/install/unitree_gazebo/share/unitree_gazebo/cmake/unitree_gazeboConfig.cmake
[21.559s] -- Installing: /home/sora/travail/m2/s10/PFE_Transport_Chien_Robot/install/unitree_gazebo/share/unitree_gazebo/cmake/unitree_gazeboConfig-version.cmake
[21.559s] -- Installing: /home/sora/travail/m2/s10/PFE_Transport_Chien_Robot/install/unitree_gazebo/share/unitree_gazebo/package.xml
[21.561s] Invoked command in '/home/sora/travail/m2/s10/PFE_Transport_Chien_Robot/build/unitree_gazebo' returned '0': CMAKE_PREFIX_PATH=/home/sora/travail/m2/s10/PFE_Transport_Chien_Robot/install/ros2_unitree_legged_msgs:/home/sora/travail/m2/s10/PFE_Transport_Chien_Robot/install/unitree_gazebo:/home/sora/travail/m2/s10/PFE_Transport_Chien_Robot/install/unitree_nav:/home/sora/travail/m2/s10/PFE_Transport_Chien_Robot/install/unitree_nav_interfaces:/home/sora/travail/m2/s10/PFE_Transport_Chien_Robot/install/unitree_legged_real:/home/sora/travail/m2/s10/PFE_Transport_Chien_Robot/install/go1_description:/home/sora/travail/m2/s10/PFE_Transport_Chien_Robot/install/unitree_nav_launch_module:/opt/ros/humble LD_LIBRARY_PATH=/home/sora/travail/m2/s10/PFE_Transport_Chien_Robot/install/ros2_unitree_legged_msgs/lib:/home/sora/travail/m2/s10/PFE_Transport_Chien_Robot/install/unitree_nav_interfaces/lib:/home/sora/travail/m2/s10/PFE_Transport_Chien_Robot/install/unitree_legged_real/lib:/usr/lib/x86_64-linux-gnu/gazebo-11/plugins:/opt/ros/humble/opt/rviz_ogre_vendor/lib:/opt/ros/humble/lib/x86_64-linux-gnu:/opt/ros/humble/lib /usr/bin/cmake --install /home/sora/travail/m2/s10/PFE_Transport_Chien_Robot/build/unitree_gazebo
