[35m[1mConsolidate compiler generated dependencies of target unitreeFootContactPlugin[0m
[35m[1mConsolidate compiler generated dependencies of target unitreeDrawForcePlugin[0m
[ 50%] Built target unitreeFootContactPlugin
[100%] Built target unitreeDrawForcePlugin
-- Install configuration: ""
-- Up-to-date: /home/sora/travail/m2/s10/PFE_Transport_Chien_Robot/install/unitree_gazebo/share/unitree_gazebo//launch
-- Installing: /home/sora/travail/m2/s10/PFE_Transport_Chien_Robot/install/unitree_gazebo/share/unitree_gazebo//launch/normal.py
-- Installing: /home/sora/travail/m2/s10/PFE_Transport_Chien_Robot/install/unitree_gazebo/share/unitree_gazebo//launch/normal.launch
-- Up-to-date: /home/sora/travail/m2/s10/PFE_Transport_Chien_Robot/install/unitree_gazebo/share/unitree_gazebo//launch/z1.launch
-- Up-to-date: /home/sora/travail/m2/s10/PFE_Transport_Chien_Robot/install/unitree_gazebo/share/unitree_gazebo//worlds
-- Up-to-date: /home/sora/travail/m2/s10/PFE_Transport_Chien_Robot/install/unitree_gazebo/share/unitree_gazebo//worlds/earth.world
-- Up-to-date: /home/sora/travail/m2/s10/PFE_Transport_Chien_Robot/install/unitree_gazebo/share/unitree_gazebo//worlds/building_editor_models
-- Up-to-date: /home/sora/travail/m2/s10/PFE_Transport_Chien_Robot/install/unitree_gazebo/share/unitree_gazebo//worlds/building_editor_models/stairs
-- Up-to-date: /home/sora/travail/m2/s10/PFE_Transport_Chien_Robot/install/unitree_gazebo/share/unitree_gazebo//worlds/building_editor_models/stairs/model.sdf
-- Up-to-date: /home/sora/travail/m2/s10/PFE_Transport_Chien_Robot/install/unitree_gazebo/share/unitree_gazebo//worlds/building_editor_models/stairs/model.config
-- Up-to-date: /home/sora/travail/m2/s10/PFE_Transport_Chien_Robot/install/unitree_gazebo/share/unitree_gazebo//worlds/space.world
-- Up-to-date: /home/sora/travail/m2/s10/PFE_Transport_Chien_Robot/install/unitree_gazebo/share/unitree_gazebo//worlds/stairs.world
-- Up-to-date: /home/sora/travail/m2/s10/PFE_Transport_Chien_Robot/install/unitree_gazebo/share/ament_index/resource_index/package_run_dependencies/unitree_gazebo
-- Up-to-date: /home/sora/travail/m2/s10/PFE_Transport_Chien_Robot/install/unitree_gazebo/share/ament_index/resource_index/parent_prefix_path/unitree_gazebo
-- Up-to-date: /home/sora/travail/m2/s10/PFE_Transport_Chien_Robot/install/unitree_gazebo/share/unitree_gazebo/environment/ament_prefix_path.sh
-- Up-to-date: /home/sora/travail/m2/s10/PFE_Transport_Chien_Robot/install/unitree_gazebo/share/unitree_gazebo/environment/ament_prefix_path.dsv
-- Up-to-date: /home/sora/travail/m2/s10/PFE_Transport_Chien_Robot/install/unitree_gazebo/share/unitree_gazebo/environment/path.sh
-- Up-to-date: /home/sora/travail/m2/s10/PFE_Transport_Chien_Robot/install/unitree_gazebo/share/unitree_gazebo/environment/path.dsv
-- Up-to-date: /home/sora/travail/m2/s10/PFE_Transport_Chien_Robot/install/unitree_gazebo/share/unitree_gazebo/local_setup.bash
-- Up-to-date: /home/sora/travail/m2/s10/PFE_Transport_Chien_Robot/install/unitree_gazebo/share/unitree_gazebo/local_setup.sh
-- Up-to-date: /home/sora/travail/m2/s10/PFE_Transport_Chien_Robot/install/unitree_gazebo/share/unitree_gazebo/local_setup.zsh
-- Up-to-date: /home/sora/travail/m2/s10/PFE_Transport_Chien_Robot/install/unitree_gazebo/share/unitree_gazebo/local_setup.dsv
-- Installing: /home/sora/travail/m2/s10/PFE_Transport_Chien_Robot/install/unitree_gazebo/share/unitree_gazebo/package.dsv
-- Up-to-date: /home/sora/travail/m2/s10/PFE_Transport_Chien_Robot/install/unitree_gazebo/share/ament_index/resource_index/packages/unitree_gazebo
-- Up-to-date: /home/sora/travail/m2/s10/PFE_Transport_Chien_Robot/install/unitree_gazebo/share/unitree_gazebo/cmake/ament_cmake_export_dependencies-extras.cmake
-- Up-to-date: /home/sora/travail/m2/s10/PFE_Transport_Chien_Robot/install/unitree_gazebo/share/unitree_gazebo/cmake/unitree_gazeboConfig.cmake
-- Up-to-date: /home/sora/travail/m2/s10/PFE_Transport_Chien_Robot/install/unitree_gazebo/share/unitree_gazebo/cmake/unitree_gazeboConfig-version.cmake
-- Up-to-date: /home/sora/travail/m2/s10/PFE_Transport_Chien_Robot/install/unitree_gazebo/share/unitree_gazebo/package.xml
