[0.066s] Invoking command in '/home/sora/travail/m2/s10/PFE_Transport_Chien_Robot/build/go1_description': CMAKE_PREFIX_PATH=${CMAKE_PREFIX_PATH}:/home/sora/travail/m2/s10/PFE_Transport_Chien_Robot/install/unitree_nav_launch_module:/opt/ros/humble /usr/bin/cmake --build /home/sora/travail/m2/s10/PFE_Transport_Chien_Robot/build/go1_description -- -j24 -l24
[0.275s] Invoked command in '/home/sora/travail/m2/s10/PFE_Transport_Chien_Robot/build/go1_description' returned '0': CMAKE_PREFIX_PATH=${CMAKE_PREFIX_PATH}:/home/sora/travail/m2/s10/PFE_Transport_Chien_Robot/install/unitree_nav_launch_module:/opt/ros/humble /usr/bin/cmake --build /home/sora/travail/m2/s10/PFE_Transport_Chien_Robot/build/go1_description -- -j24 -l24
[0.293s] Invoking command in '/home/sora/travail/m2/s10/PFE_Transport_Chien_Robot/build/go1_description': CMAKE_PREFIX_PATH=${CMAKE_PREFIX_PATH}:/home/sora/travail/m2/s10/PFE_Transport_Chien_Robot/install/unitree_nav_launch_module:/opt/ros/humble /usr/bin/cmake --install /home/sora/travail/m2/s10/PFE_Transport_Chien_Robot/build/go1_description
[0.296s] -- Install configuration: ""
[0.296s] -- Up-to-date: /home/sora/travail/m2/s10/PFE_Transport_Chien_Robot/install/go1_description/share/go1_description//launch
[0.297s] -- Up-to-date: /home/sora/travail/m2/s10/PFE_Transport_Chien_Robot/install/go1_description/share/go1_description//launch/load_go1.launch.py
[0.297s] -- Up-to-date: /home/sora/travail/m2/s10/PFE_Transport_Chien_Robot/install/go1_description/share/go1_description//launch/__pycache__
[0.297s] -- Up-to-date: /home/sora/travail/m2/s10/PFE_Transport_Chien_Robot/install/go1_description/share/go1_description//launch/__pycache__/load_go1.launch.cpython-310.pyc
[0.297s] -- Up-to-date: /home/sora/travail/m2/s10/PFE_Transport_Chien_Robot/install/go1_description/share/go1_description//config
[0.297s] -- Up-to-date: /home/sora/travail/m2/s10/PFE_Transport_Chien_Robot/install/go1_description/share/go1_description//config/go1.rviz
[0.297s] -- Up-to-date: /home/sora/travail/m2/s10/PFE_Transport_Chien_Robot/install/go1_description/share/go1_description//meshes
[0.297s] -- Up-to-date: /home/sora/travail/m2/s10/PFE_Transport_Chien_Robot/install/go1_description/share/go1_description//meshes/calf.dae
[0.297s] -- Up-to-date: /home/sora/travail/m2/s10/PFE_Transport_Chien_Robot/install/go1_description/share/go1_description//meshes/depthCamera.dae
[0.297s] -- Up-to-date: /home/sora/travail/m2/s10/PFE_Transport_Chien_Robot/install/go1_description/share/go1_description//meshes/trunk.dae
[0.297s] -- Up-to-date: /home/sora/travail/m2/s10/PFE_Transport_Chien_Robot/install/go1_description/share/go1_description//meshes/thigh.dae
[0.297s] -- Up-to-date: /home/sora/travail/m2/s10/PFE_Transport_Chien_Robot/install/go1_description/share/go1_description//meshes/ultraSound.dae
[0.297s] -- Up-to-date: /home/sora/travail/m2/s10/PFE_Transport_Chien_Robot/install/go1_description/share/go1_description//meshes/thigh_mirror.dae
[0.297s] -- Up-to-date: /home/sora/travail/m2/s10/PFE_Transport_Chien_Robot/install/go1_description/share/go1_description//meshes/hip.dae
[0.297s] -- Up-to-date: /home/sora/travail/m2/s10/PFE_Transport_Chien_Robot/install/go1_description/share/go1_description//xacro
[0.297s] -- Up-to-date: /home/sora/travail/m2/s10/PFE_Transport_Chien_Robot/install/go1_description/share/go1_description//xacro/robot.xacro
[0.297s] -- Up-to-date: /home/sora/travail/m2/s10/PFE_Transport_Chien_Robot/install/go1_description/share/go1_description//xacro/transmission.xacro
[0.297s] -- Up-to-date: /home/sora/travail/m2/s10/PFE_Transport_Chien_Robot/install/go1_description/share/go1_description//xacro/materials.xacro
[0.297s] -- Up-to-date: /home/sora/travail/m2/s10/PFE_Transport_Chien_Robot/install/go1_description/share/go1_description//xacro/const.xacro
[0.297s] -- Up-to-date: /home/sora/travail/m2/s10/PFE_Transport_Chien_Robot/install/go1_description/share/go1_description//xacro/leg.xacro
[0.297s] -- Up-to-date: /home/sora/travail/m2/s10/PFE_Transport_Chien_Robot/install/go1_description/share/go1_description//xacro/depthCamera.xacro
[0.297s] -- Up-to-date: /home/sora/travail/m2/s10/PFE_Transport_Chien_Robot/install/go1_description/share/go1_description//xacro/ultraSound.xacro
[0.297s] -- Up-to-date: /home/sora/travail/m2/s10/PFE_Transport_Chien_Robot/install/go1_description/share/go1_description//xacro/gazebo.xacro
[0.297s] -- Up-to-date: /home/sora/travail/m2/s10/PFE_Transport_Chien_Robot/install/go1_description/share/ament_index/resource_index/package_run_dependencies/go1_description
[0.297s] -- Up-to-date: /home/sora/travail/m2/s10/PFE_Transport_Chien_Robot/install/go1_description/share/ament_index/resource_index/parent_prefix_path/go1_description
[0.297s] -- Up-to-date: /home/sora/travail/m2/s10/PFE_Transport_Chien_Robot/install/go1_description/share/go1_description/environment/ament_prefix_path.sh
[0.297s] -- Up-to-date: /home/sora/travail/m2/s10/PFE_Transport_Chien_Robot/install/go1_description/share/go1_description/environment/ament_prefix_path.dsv
[0.298s] -- Up-to-date: /home/sora/travail/m2/s10/PFE_Transport_Chien_Robot/install/go1_description/share/go1_description/environment/path.sh
[0.298s] -- Up-to-date: /home/sora/travail/m2/s10/PFE_Transport_Chien_Robot/install/go1_description/share/go1_description/environment/path.dsv
[0.298s] -- Up-to-date: /home/sora/travail/m2/s10/PFE_Transport_Chien_Robot/install/go1_description/share/go1_description/local_setup.bash
[0.298s] -- Up-to-date: /home/sora/travail/m2/s10/PFE_Transport_Chien_Robot/install/go1_description/share/go1_description/local_setup.sh
[0.298s] -- Up-to-date: /home/sora/travail/m2/s10/PFE_Transport_Chien_Robot/install/go1_description/share/go1_description/local_setup.zsh
[0.298s] -- Up-to-date: /home/sora/travail/m2/s10/PFE_Transport_Chien_Robot/install/go1_description/share/go1_description/local_setup.dsv
[0.298s] -- Installing: /home/sora/travail/m2/s10/PFE_Transport_Chien_Robot/install/go1_description/share/go1_description/package.dsv
[0.298s] -- Up-to-date: /home/sora/travail/m2/s10/PFE_Transport_Chien_Robot/install/go1_description/share/ament_index/resource_index/packages/go1_description
[0.298s] -- Up-to-date: /home/sora/travail/m2/s10/PFE_Transport_Chien_Robot/install/go1_description/share/go1_description/cmake/go1_descriptionConfig.cmake
[0.298s] -- Up-to-date: /home/sora/travail/m2/s10/PFE_Transport_Chien_Robot/install/go1_description/share/go1_description/cmake/go1_descriptionConfig-version.cmake
[0.298s] -- Up-to-date: /home/sora/travail/m2/s10/PFE_Transport_Chien_Robot/install/go1_description/share/go1_description/package.xml
[0.298s] Invoked command in '/home/sora/travail/m2/s10/PFE_Transport_Chien_Robot/build/go1_description' returned '0': CMAKE_PREFIX_PATH=${CMAKE_PREFIX_PATH}:/home/sora/travail/m2/s10/PFE_Transport_Chien_Robot/install/unitree_nav_launch_module:/opt/ros/humble /usr/bin/cmake --install /home/sora/travail/m2/s10/PFE_Transport_Chien_Robot/build/go1_description
