[0.450s] Invoking command in '/home/sora/travail/m2/s10/PFE_Transport_Chien_Robot/src/unitree_nav/unitree_nav_launch_module': PYTHONPATH=/home/sora/travail/m2/s10/PFE_Transport_Chien_Robot/build/unitree_nav_launch_module/prefix_override:/home/sora/travail/m2/s10/PFE_Transport_Chien_Robot/install/unitree_nav_launch_module/lib/python3.10/site-packages:${PYTHONPATH} /usr/bin/python3 setup.py egg_info --egg-base ../../../build/unitree_nav_launch_module build --build-base /home/sora/travail/m2/s10/PFE_Transport_Chien_Robot/build/unitree_nav_launch_module/build install --record /home/sora/travail/m2/s10/PFE_Transport_Chien_Robot/build/unitree_nav_launch_module/install.log --single-version-externally-managed
[0.597s] running egg_info
[0.598s] creating ../../../build/unitree_nav_launch_module/unitree_nav_launch_module.egg-info
[0.598s] writing ../../../build/unitree_nav_launch_module/unitree_nav_launch_module.egg-info/PKG-INFO
[0.598s] writing dependency_links to ../../../build/unitree_nav_launch_module/unitree_nav_launch_module.egg-info/dependency_links.txt
[0.598s] writing entry points to ../../../build/unitree_nav_launch_module/unitree_nav_launch_module.egg-info/entry_points.txt
[0.598s] writing requirements to ../../../build/unitree_nav_launch_module/unitree_nav_launch_module.egg-info/requires.txt
[0.598s] writing top-level names to ../../../build/unitree_nav_launch_module/unitree_nav_launch_module.egg-info/top_level.txt
[0.598s] writing manifest file '../../../build/unitree_nav_launch_module/unitree_nav_launch_module.egg-info/SOURCES.txt'
[0.599s] reading manifest file '../../../build/unitree_nav_launch_module/unitree_nav_launch_module.egg-info/SOURCES.txt'
[0.600s] writing manifest file '../../../build/unitree_nav_launch_module/unitree_nav_launch_module.egg-info/SOURCES.txt'
[0.600s] running build
[0.600s] running build_py
[0.600s] creating /home/sora/travail/m2/s10/PFE_Transport_Chien_Robot/build/unitree_nav_launch_module/build
[0.600s] creating /home/sora/travail/m2/s10/PFE_Transport_Chien_Robot/build/unitree_nav_launch_module/build/lib
[0.600s] creating /home/sora/travail/m2/s10/PFE_Transport_Chien_Robot/build/unitree_nav_launch_module/build/lib/unitree_nav_launch_module
[0.600s] copying unitree_nav_launch_module/ternary_text_substitution.py -> /home/sora/travail/m2/s10/PFE_Transport_Chien_Robot/build/unitree_nav_launch_module/build/lib/unitree_nav_launch_module
[0.600s] copying unitree_nav_launch_module/__init__.py -> /home/sora/travail/m2/s10/PFE_Transport_Chien_Robot/build/unitree_nav_launch_module/build/lib/unitree_nav_launch_module
[0.600s] running install
[0.600s] running install_lib
[0.600s] /usr/lib/python3/dist-packages/setuptools/command/install.py:34: SetuptoolsDeprecationWarning: setup.py install is deprecated. Use build and pip and other standards-based tools.
[0.600s]   warnings.warn(
[0.601s] creating /home/sora/travail/m2/s10/PFE_Transport_Chien_Robot/install/unitree_nav_launch_module/lib/python3.10/site-packages/unitree_nav_launch_module
[0.601s] copying /home/sora/travail/m2/s10/PFE_Transport_Chien_Robot/build/unitree_nav_launch_module/build/lib/unitree_nav_launch_module/ternary_text_substitution.py -> /home/sora/travail/m2/s10/PFE_Transport_Chien_Robot/install/unitree_nav_launch_module/lib/python3.10/site-packages/unitree_nav_launch_module
[0.601s] copying /home/sora/travail/m2/s10/PFE_Transport_Chien_Robot/build/unitree_nav_launch_module/build/lib/unitree_nav_launch_module/__init__.py -> /home/sora/travail/m2/s10/PFE_Transport_Chien_Robot/install/unitree_nav_launch_module/lib/python3.10/site-packages/unitree_nav_launch_module
[0.601s] byte-compiling /home/sora/travail/m2/s10/PFE_Transport_Chien_Robot/install/unitree_nav_launch_module/lib/python3.10/site-packages/unitree_nav_launch_module/ternary_text_substitution.py to ternary_text_substitution.cpython-310.pyc
[0.601s] byte-compiling /home/sora/travail/m2/s10/PFE_Transport_Chien_Robot/install/unitree_nav_launch_module/lib/python3.10/site-packages/unitree_nav_launch_module/__init__.py to __init__.cpython-310.pyc
[0.601s] running install_data
[0.602s] creating /home/sora/travail/m2/s10/PFE_Transport_Chien_Robot/install/unitree_nav_launch_module/share/ament_index
[0.602s] creating /home/sora/travail/m2/s10/PFE_Transport_Chien_Robot/install/unitree_nav_launch_module/share/ament_index/resource_index
[0.602s] creating /home/sora/travail/m2/s10/PFE_Transport_Chien_Robot/install/unitree_nav_launch_module/share/ament_index/resource_index/packages
[0.602s] copying resource/unitree_nav_launch_module -> /home/sora/travail/m2/s10/PFE_Transport_Chien_Robot/install/unitree_nav_launch_module/share/ament_index/resource_index/packages
[0.602s] copying package.xml -> /home/sora/travail/m2/s10/PFE_Transport_Chien_Robot/install/unitree_nav_launch_module/share/unitree_nav_launch_module
[0.602s] running install_egg_info
[0.604s] Copying ../../../build/unitree_nav_launch_module/unitree_nav_launch_module.egg-info to /home/sora/travail/m2/s10/PFE_Transport_Chien_Robot/install/unitree_nav_launch_module/lib/python3.10/site-packages/unitree_nav_launch_module-0.0.0-py3.10.egg-info
[0.604s] running install_scripts
[0.619s] writing list of installed files to '/home/sora/travail/m2/s10/PFE_Transport_Chien_Robot/build/unitree_nav_launch_module/install.log'
[0.640s] Invoked command in '/home/sora/travail/m2/s10/PFE_Transport_Chien_Robot/src/unitree_nav/unitree_nav_launch_module' returned '0': PYTHONPATH=/home/sora/travail/m2/s10/PFE_Transport_Chien_Robot/build/unitree_nav_launch_module/prefix_override:/home/sora/travail/m2/s10/PFE_Transport_Chien_Robot/install/unitree_nav_launch_module/lib/python3.10/site-packages:${PYTHONPATH} /usr/bin/python3 setup.py egg_info --egg-base ../../../build/unitree_nav_launch_module build --build-base /home/sora/travail/m2/s10/PFE_Transport_Chien_Robot/build/unitree_nav_launch_module/build install --record /home/sora/travail/m2/s10/PFE_Transport_Chien_Robot/build/unitree_nav_launch_module/install.log --single-version-externally-managed
