-- The C compiler identification is GNU 11.4.0
-- The CXX compiler identification is GNU 11.4.0
-- Detecting C compiler ABI info
-- Detecting C compiler ABI info - done
-- Check for working C compiler: /usr/bin/cc - skipped
-- Detecting C compile features
-- Detecting C compile features - done
-- Detecting CXX compiler ABI info
-- Detecting CXX compiler ABI info - done
-- Check for working CXX compiler: /usr/bin/c++ - skipped
-- Detecting CXX compile features
-- Detecting CXX compile features - done
-- Found ament_cmake: 1.3.7 (/opt/ros/humble/share/ament_cmake/cmake)
-- Found Python3: /usr/bin/python3.10 (found version "3.10.12") found components: Interpreter 
-- Found rclcpp: 16.0.8 (/opt/ros/humble/share/rclcpp/cmake)
-- Found rosidl_generator_c: 3.1.5 (/opt/ros/humble/share/rosidl_generator_c/cmake)
-- Found rosidl_adapter: 3.1.5 (/opt/ros/humble/share/rosidl_adapter/cmake)
-- Found rosidl_generator_cpp: 3.1.5 (/opt/ros/humble/share/rosidl_generator_cpp/cmake)
-- Using all available rosidl_typesupport_c: rosidl_typesupport_fastrtps_c;rosidl_typesupport_introspection_c
-- Using all available rosidl_typesupport_cpp: rosidl_typesupport_fastrtps_cpp;rosidl_typesupport_introspection_cpp
-- Found rmw_implementation_cmake: 6.1.1 (/opt/ros/humble/share/rmw_implementation_cmake/cmake)
-- Found rmw_fastrtps_cpp: 6.2.6 (/opt/ros/humble/share/rmw_fastrtps_cpp/cmake)
-- Found OpenSSL: /usr/lib/x86_64-linux-gnu/libcrypto.so (found version "3.0.2")  
-- Found FastRTPS: /opt/ros/humble/include  
-- Using RMW implementation 'rmw_fastrtps_cpp' as default
-- Looking for pthread.h
-- Looking for pthread.h - found
-- Performing Test CMAKE_HAVE_LIBC_PTHREAD
-- Performing Test CMAKE_HAVE_LIBC_PTHREAD - Success
-- Found Threads: TRUE  
-- Found ros2_unitree_legged_msgs: 0.4.0 (/home/sora/travail/m2/s10/PFE_Transport_Chien_Robot/install/ros2_unitree_legged_msgs/share/ros2_unitree_legged_msgs/cmake)
-- Found sensor_msgs: 4.2.3 (/opt/ros/humble/share/sensor_msgs/cmake)
-- -- CMAKE_SYSTEM_PROCESSOR: x86_64
-- Configuring done
-- Generating done
-- Build files have been written to: /home/sora/travail/m2/s10/PFE_Transport_Chien_Robot/build/unitree_legged_real
[ 18%] [32mBuilding CXX object CMakeFiles/jsp_low.dir/src/jsp_low.cpp.o[0m
[ 18%] [32mBuilding CXX object CMakeFiles/udp_high.dir/src/udp_high.cpp.o[0m
[ 18%] [32mBuilding CXX object CMakeFiles/jsp_high.dir/src/jsp_high.cpp.o[0m
[ 25%] [32mBuilding CXX object CMakeFiles/udp_low.dir/src/udp_low.cpp.o[0m
[ 31%] [32mBuilding CXX object CMakeFiles/ros2_walk_example.dir/src/ros2_walk_example.cpp.o[0m
[ 37%] [32mBuilding CXX object CMakeFiles/ros2_position_example.dir/src/ros2_position_example.cpp.o[0m
[ 43%] [32mBuilding CXX object CMakeFiles/ros2_udp.dir/src/ros2_udp.cpp.o[0m
[ 50%] [32mBuilding CXX object CMakeFiles/custom_gait.dir/src/custom_gait.cpp.o[0m
[ 56%] [32m[1mLinking CXX executable ros2_position_example[0m
[ 56%] Built target ros2_position_example
[ 62%] [32m[1mLinking CXX executable ros2_walk_example[0m
[ 62%] Built target ros2_walk_example
[ 68%] [32m[1mLinking CXX executable udp_high[0m
[ 68%] Built target udp_high
[ 75%] [32m[1mLinking CXX executable jsp_high[0m
[ 75%] Built target jsp_high
[ 81%] [32m[1mLinking CXX executable custom_gait[0m
[ 81%] Built target custom_gait
[ 87%] [32m[1mLinking CXX executable udp_low[0m
[ 87%] Built target udp_low
[ 93%] [32m[1mLinking CXX executable jsp_low[0m
[ 93%] Built target jsp_low
[100%] [32m[1mLinking CXX executable ros2_udp[0m
[100%] Built target ros2_udp
-- Install configuration: ""
-- Installing: /home/sora/travail/m2/s10/PFE_Transport_Chien_Robot/install/unitree_legged_real/lib
-- Installing: /home/sora/travail/m2/s10/PFE_Transport_Chien_Robot/install/unitree_legged_real/lib/libunitree_legged_sdk_amd64.so
-- Installing: /home/sora/travail/m2/s10/PFE_Transport_Chien_Robot/install/unitree_legged_real/lib/libunitree_legged_sdk_arm64.so
-- Installing: /home/sora/travail/m2/s10/PFE_Transport_Chien_Robot/install/unitree_legged_real/lib/unitree_legged_real/ros2_udp
-- Set runtime path of "/home/sora/travail/m2/s10/PFE_Transport_Chien_Robot/install/unitree_legged_real/lib/unitree_legged_real/ros2_udp" to ""
-- Installing: /home/sora/travail/m2/s10/PFE_Transport_Chien_Robot/install/unitree_legged_real/lib/unitree_legged_real/udp_high
-- Set runtime path of "/home/sora/travail/m2/s10/PFE_Transport_Chien_Robot/install/unitree_legged_real/lib/unitree_legged_real/udp_high" to ""
-- Installing: /home/sora/travail/m2/s10/PFE_Transport_Chien_Robot/install/unitree_legged_real/lib/unitree_legged_real/jsp_high
-- Set runtime path of "/home/sora/travail/m2/s10/PFE_Transport_Chien_Robot/install/unitree_legged_real/lib/unitree_legged_real/jsp_high" to ""
-- Installing: /home/sora/travail/m2/s10/PFE_Transport_Chien_Robot/install/unitree_legged_real/lib/unitree_legged_real/ros2_walk_example
-- Set runtime path of "/home/sora/travail/m2/s10/PFE_Transport_Chien_Robot/install/unitree_legged_real/lib/unitree_legged_real/ros2_walk_example" to ""
-- Installing: /home/sora/travail/m2/s10/PFE_Transport_Chien_Robot/install/unitree_legged_real/lib/unitree_legged_real/ros2_position_example
-- Set runtime path of "/home/sora/travail/m2/s10/PFE_Transport_Chien_Robot/install/unitree_legged_real/lib/unitree_legged_real/ros2_position_example" to ""
-- Installing: /home/sora/travail/m2/s10/PFE_Transport_Chien_Robot/install/unitree_legged_real/lib/unitree_legged_real/custom_gait
-- Set runtime path of "/home/sora/travail/m2/s10/PFE_Transport_Chien_Robot/install/unitree_legged_real/lib/unitree_legged_real/custom_gait" to ""
-- Installing: /home/sora/travail/m2/s10/PFE_Transport_Chien_Robot/install/unitree_legged_real/lib/unitree_legged_real/udp_low
-- Set runtime path of "/home/sora/travail/m2/s10/PFE_Transport_Chien_Robot/install/unitree_legged_real/lib/unitree_legged_real/udp_low" to ""
-- Installing: /home/sora/travail/m2/s10/PFE_Transport_Chien_Robot/install/unitree_legged_real/lib/unitree_legged_real/jsp_low
-- Set runtime path of "/home/sora/travail/m2/s10/PFE_Transport_Chien_Robot/install/unitree_legged_real/lib/unitree_legged_real/jsp_low" to ""
-- Installing: /home/sora/travail/m2/s10/PFE_Transport_Chien_Robot/install/unitree_legged_real/share/unitree_legged_real//launch
-- Installing: /home/sora/travail/m2/s10/PFE_Transport_Chien_Robot/install/unitree_legged_real/share/unitree_legged_real//launch/low.launch.py
-- Installing: /home/sora/travail/m2/s10/PFE_Transport_Chien_Robot/install/unitree_legged_real/share/unitree_legged_real//launch/high.launch.py
-- Installing: /home/sora/travail/m2/s10/PFE_Transport_Chien_Robot/install/unitree_legged_real/share/unitree_legged_real//config
-- Installing: /home/sora/travail/m2/s10/PFE_Transport_Chien_Robot/install/unitree_legged_real/share/unitree_legged_real//config/state_only.rviz
-- Installing: /home/sora/travail/m2/s10/PFE_Transport_Chien_Robot/install/unitree_legged_real/share/unitree_legged_real//config/cmd_only.rviz
-- Installing: /home/sora/travail/m2/s10/PFE_Transport_Chien_Robot/install/unitree_legged_real/share/unitree_legged_real//config/state_and_cmd.rviz
-- Installing: /home/sora/travail/m2/s10/PFE_Transport_Chien_Robot/install/unitree_legged_real/share/ament_index/resource_index/package_run_dependencies/unitree_legged_real
-- Installing: /home/sora/travail/m2/s10/PFE_Transport_Chien_Robot/install/unitree_legged_real/share/ament_index/resource_index/parent_prefix_path/unitree_legged_real
-- Installing: /home/sora/travail/m2/s10/PFE_Transport_Chien_Robot/install/unitree_legged_real/share/unitree_legged_real/environment/ament_prefix_path.sh
-- Installing: /home/sora/travail/m2/s10/PFE_Transport_Chien_Robot/install/unitree_legged_real/share/unitree_legged_real/environment/ament_prefix_path.dsv
-- Installing: /home/sora/travail/m2/s10/PFE_Transport_Chien_Robot/install/unitree_legged_real/share/unitree_legged_real/environment/path.sh
-- Installing: /home/sora/travail/m2/s10/PFE_Transport_Chien_Robot/install/unitree_legged_real/share/unitree_legged_real/environment/path.dsv
-- Installing: /home/sora/travail/m2/s10/PFE_Transport_Chien_Robot/install/unitree_legged_real/share/unitree_legged_real/local_setup.bash
-- Installing: /home/sora/travail/m2/s10/PFE_Transport_Chien_Robot/install/unitree_legged_real/share/unitree_legged_real/local_setup.sh
-- Installing: /home/sora/travail/m2/s10/PFE_Transport_Chien_Robot/install/unitree_legged_real/share/unitree_legged_real/local_setup.zsh
-- Installing: /home/sora/travail/m2/s10/PFE_Transport_Chien_Robot/install/unitree_legged_real/share/unitree_legged_real/local_setup.dsv
-- Installing: /home/sora/travail/m2/s10/PFE_Transport_Chien_Robot/install/unitree_legged_real/share/unitree_legged_real/package.dsv
-- Installing: /home/sora/travail/m2/s10/PFE_Transport_Chien_Robot/install/unitree_legged_real/share/ament_index/resource_index/packages/unitree_legged_real
-- Installing: /home/sora/travail/m2/s10/PFE_Transport_Chien_Robot/install/unitree_legged_real/share/unitree_legged_real/cmake/unitree_legged_realConfig.cmake
-- Installing: /home/sora/travail/m2/s10/PFE_Transport_Chien_Robot/install/unitree_legged_real/share/unitree_legged_real/cmake/unitree_legged_realConfig-version.cmake
-- Installing: /home/sora/travail/m2/s10/PFE_Transport_Chien_Robot/install/unitree_legged_real/share/unitree_legged_real/package.xml
