-- The C compiler identification is GNU 11.4.0
-- The CXX compiler identification is GNU 11.4.0
-- Detecting C compiler ABI info
-- Detecting C compiler ABI info - done
-- Check for working C compiler: /usr/bin/cc - skipped
-- Detecting C compile features
-- Detecting C compile features - done
-- Detecting CXX compiler ABI info
-- Detecting CXX compiler ABI info - done
-- Check for working CXX compiler: /usr/bin/c++ - skipped
-- Detecting CXX compile features
-- Detecting CXX compile features - done
-- Found ament_cmake: 1.3.7 (/opt/ros/humble/share/ament_cmake/cmake)
-- Found Python3: /usr/bin/python3.10 (found version "3.10.12") found components: Interpreter 
-- Found rclcpp: 16.0.8 (/opt/ros/humble/share/rclcpp/cmake)
-- Found rosidl_generator_c: 3.1.5 (/opt/ros/humble/share/rosidl_generator_c/cmake)
-- Found rosidl_adapter: 3.1.5 (/opt/ros/humble/share/rosidl_adapter/cmake)
-- Found rosidl_generator_cpp: 3.1.5 (/opt/ros/humble/share/rosidl_generator_cpp/cmake)
-- Using all available rosidl_typesupport_c: rosidl_typesupport_fastrtps_c;rosidl_typesupport_introspection_c
-- Using all available rosidl_typesupport_cpp: rosidl_typesupport_fastrtps_cpp;rosidl_typesupport_introspection_cpp
-- Found rmw_implementation_cmake: 6.1.1 (/opt/ros/humble/share/rmw_implementation_cmake/cmake)
-- Found rmw_fastrtps_cpp: 6.2.6 (/opt/ros/humble/share/rmw_fastrtps_cpp/cmake)
-- Found OpenSSL: /usr/lib/x86_64-linux-gnu/libcrypto.so (found version "3.0.2")  
-- Found FastRTPS: /opt/ros/humble/include  
-- Using RMW implementation 'rmw_fastrtps_cpp' as default
-- Looking for pthread.h
-- Looking for pthread.h - found
-- Performing Test CMAKE_HAVE_LIBC_PTHREAD
-- Performing Test CMAKE_HAVE_LIBC_PTHREAD - Success
-- Found Threads: TRUE  
-- Found rclcpp_action: 16.0.8 (/opt/ros/humble/share/rclcpp_action/cmake)
-- Found std_srvs: 4.2.3 (/opt/ros/humble/share/std_srvs/cmake)
-- Found geometry_msgs: 4.2.3 (/opt/ros/humble/share/geometry_msgs/cmake)
-- Found tf2: 0.25.5 (/opt/ros/humble/share/tf2/cmake)
-- Found tf2_geometry_msgs: 0.25.5 (/opt/ros/humble/share/tf2_geometry_msgs/cmake)
-- Found eigen3_cmake_module: 0.1.1 (/opt/ros/humble/share/eigen3_cmake_module/cmake)
-- Found Eigen3: TRUE (found version "3.4.0") 
-- Ensuring Eigen3 include directory is part of orocos-kdl CMake target
-- Found nav2_msgs: 1.1.12 (/opt/ros/humble/share/nav2_msgs/cmake)
-- Found ros2_unitree_legged_msgs: 0.4.0 (/home/sora/travail/m2/s10/PFE_Transport_Chien_Robot/install/ros2_unitree_legged_msgs/share/ros2_unitree_legged_msgs/cmake)
-- Found unitree_nav_interfaces: 0.0.0 (/home/sora/travail/m2/s10/PFE_Transport_Chien_Robot/install/unitree_nav_interfaces/share/unitree_nav_interfaces/cmake)
-- Found ament_lint_auto: 0.12.10 (/opt/ros/humble/share/ament_lint_auto/cmake)
-- Added test 'cppcheck' to perform static code analysis on C / C++ code
-- Configured cppcheck include dirs: 
-- Configured cppcheck exclude dirs and/or files: 
-- Added test 'flake8' to check Python code syntax and style conventions
-- Added test 'lint_cmake' to check CMake code style
-- Added test 'pep257' to check Python code against some of the docstring style conventions in PEP 257
-- Added test 'uncrustify' to check C / C++ code style
-- Configured uncrustify additional arguments: 
-- Added test 'xmllint' to check XML markup files
-- Configuring done
-- Generating done
-- Build files have been written to: /home/sora/travail/m2/s10/PFE_Transport_Chien_Robot/build/unitree_nav
[ 50%] [32mBuilding CXX object CMakeFiles/cmd_processor.dir/src/cmd_processor.cpp.o[0m
[ 50%] [32mBuilding CXX object CMakeFiles/nav_to_pose.dir/src/nav_to_pose.cpp.o[0m
[ 75%] [32m[1mLinking CXX executable nav_to_pose[0m
[ 75%] Built target nav_to_pose
[100%] [32m[1mLinking CXX executable cmd_processor[0m
[100%] Built target cmd_processor
-- Install configuration: ""
-- Installing: /home/sora/travail/m2/s10/PFE_Transport_Chien_Robot/install/unitree_nav/lib/unitree_nav/cmd_processor
-- Set runtime path of "/home/sora/travail/m2/s10/PFE_Transport_Chien_Robot/install/unitree_nav/lib/unitree_nav/cmd_processor" to ""
-- Installing: /home/sora/travail/m2/s10/PFE_Transport_Chien_Robot/install/unitree_nav/lib/unitree_nav/nav_to_pose
-- Set runtime path of "/home/sora/travail/m2/s10/PFE_Transport_Chien_Robot/install/unitree_nav/lib/unitree_nav/nav_to_pose" to ""
-- Installing: /home/sora/travail/m2/s10/PFE_Transport_Chien_Robot/install/unitree_nav/share/unitree_nav/launch
-- Installing: /home/sora/travail/m2/s10/PFE_Transport_Chien_Robot/install/unitree_nav/share/unitree_nav/launch/mapping.launch.py
-- Installing: /home/sora/travail/m2/s10/PFE_Transport_Chien_Robot/install/unitree_nav/share/unitree_nav/launch/rslidar_robosense.launch.py
-- Installing: /home/sora/travail/m2/s10/PFE_Transport_Chien_Robot/install/unitree_nav/share/unitree_nav/launch/control.launch.py
-- Installing: /home/sora/travail/m2/s10/PFE_Transport_Chien_Robot/install/unitree_nav/share/unitree_nav/launch/unitree_nav.launch.py
-- Installing: /home/sora/travail/m2/s10/PFE_Transport_Chien_Robot/install/unitree_nav/share/unitree_nav/config
-- Installing: /home/sora/travail/m2/s10/PFE_Transport_Chien_Robot/install/unitree_nav/share/unitree_nav/config/nav.rviz
-- Installing: /home/sora/travail/m2/s10/PFE_Transport_Chien_Robot/install/unitree_nav/share/unitree_nav/config/nav2_params.yaml
-- Installing: /home/sora/travail/m2/s10/PFE_Transport_Chien_Robot/install/unitree_nav/share/ament_index/resource_index/package_run_dependencies/unitree_nav
-- Installing: /home/sora/travail/m2/s10/PFE_Transport_Chien_Robot/install/unitree_nav/share/ament_index/resource_index/parent_prefix_path/unitree_nav
-- Installing: /home/sora/travail/m2/s10/PFE_Transport_Chien_Robot/install/unitree_nav/share/unitree_nav/environment/ament_prefix_path.sh
-- Installing: /home/sora/travail/m2/s10/PFE_Transport_Chien_Robot/install/unitree_nav/share/unitree_nav/environment/ament_prefix_path.dsv
-- Installing: /home/sora/travail/m2/s10/PFE_Transport_Chien_Robot/install/unitree_nav/share/unitree_nav/environment/path.sh
-- Installing: /home/sora/travail/m2/s10/PFE_Transport_Chien_Robot/install/unitree_nav/share/unitree_nav/environment/path.dsv
-- Installing: /home/sora/travail/m2/s10/PFE_Transport_Chien_Robot/install/unitree_nav/share/unitree_nav/local_setup.bash
-- Installing: /home/sora/travail/m2/s10/PFE_Transport_Chien_Robot/install/unitree_nav/share/unitree_nav/local_setup.sh
-- Installing: /home/sora/travail/m2/s10/PFE_Transport_Chien_Robot/install/unitree_nav/share/unitree_nav/local_setup.zsh
-- Installing: /home/sora/travail/m2/s10/PFE_Transport_Chien_Robot/install/unitree_nav/share/unitree_nav/local_setup.dsv
-- Installing: /home/sora/travail/m2/s10/PFE_Transport_Chien_Robot/install/unitree_nav/share/unitree_nav/package.dsv
-- Installing: /home/sora/travail/m2/s10/PFE_Transport_Chien_Robot/install/unitree_nav/share/ament_index/resource_index/packages/unitree_nav
-- Installing: /home/sora/travail/m2/s10/PFE_Transport_Chien_Robot/install/unitree_nav/share/unitree_nav/cmake/unitree_navConfig.cmake
-- Installing: /home/sora/travail/m2/s10/PFE_Transport_Chien_Robot/install/unitree_nav/share/unitree_nav/cmake/unitree_navConfig-version.cmake
-- Installing: /home/sora/travail/m2/s10/PFE_Transport_Chien_Robot/install/unitree_nav/share/unitree_nav/package.xml
