[0.033s] Invoking command in '/home/sora/travail/m2/s10/PFE_Transport_Chien_Robot/build/unitree_nav': CMAKE_PREFIX_PATH=/home/sora/travail/m2/s10/PFE_Transport_Chien_Robot/install/unitree_nav_interfaces:/home/sora/travail/m2/s10/PFE_Transport_Chien_Robot/install/ros2_unitree_legged_msgs:/home/sora/travail/m2/s10/PFE_Transport_Chien_Robot/install/unitree_gazebo:/home/sora/travail/m2/s10/PFE_Transport_Chien_Robot/install/unitree_nav:/home/sora/travail/m2/s10/PFE_Transport_Chien_Robot/install/unitree_legged_real:/home/sora/travail/m2/s10/PFE_Transport_Chien_Robot/install/go1_description:/home/sora/travail/m2/s10/PFE_Transport_Chien_Robot/install/unitree_nav_launch_module:/opt/ros/humble LD_LIBRARY_PATH=/home/sora/travail/m2/s10/PFE_Transport_Chien_Robot/install/unitree_nav_interfaces/lib:/home/sora/travail/m2/s10/PFE_Transport_Chien_Robot/install/ros2_unitree_legged_msgs/lib:/home/sora/travail/m2/s10/PFE_Transport_Chien_Robot/install/unitree_legged_real/lib:/usr/lib/x86_64-linux-gnu/gazebo-11/plugins:/opt/ros/humble/opt/rviz_ogre_vendor/lib:/opt/ros/humble/lib/x86_64-linux-gnu:/opt/ros/humble/lib /usr/bin/cmake /home/sora/travail/m2/s10/PFE_Transport_Chien_Robot/src/unitree_nav/unitree_nav -DCMAKE_INSTALL_PREFIX=/home/sora/travail/m2/s10/PFE_Transport_Chien_Robot/install/unitree_nav
[0.062s] -- The C compiler identification is GNU 11.4.0
[0.092s] -- The CXX compiler identification is GNU 11.4.0
[0.096s] -- Detecting C compiler ABI info
[0.134s] -- Detecting C compiler ABI info - done
[0.141s] -- Check for working C compiler: /usr/bin/cc - skipped
[0.141s] -- Detecting C compile features
[0.141s] -- Detecting C compile features - done
[0.143s] -- Detecting CXX compiler ABI info
[0.188s] -- Detecting CXX compiler ABI info - done
[0.193s] -- Check for working CXX compiler: /usr/bin/c++ - skipped
[0.193s] -- Detecting CXX compile features
[0.194s] -- Detecting CXX compile features - done
[0.195s] -- Found ament_cmake: 1.3.7 (/opt/ros/humble/share/ament_cmake/cmake)
[0.305s] -- Found Python3: /usr/bin/python3.10 (found version "3.10.12") found components: Interpreter 
[0.360s] -- Found rclcpp: 16.0.8 (/opt/ros/humble/share/rclcpp/cmake)
[0.389s] -- Found rosidl_generator_c: 3.1.5 (/opt/ros/humble/share/rosidl_generator_c/cmake)
[0.392s] -- Found rosidl_adapter: 3.1.5 (/opt/ros/humble/share/rosidl_adapter/cmake)
[0.397s] -- Found rosidl_generator_cpp: 3.1.5 (/opt/ros/humble/share/rosidl_generator_cpp/cmake)
[0.406s] -- Using all available rosidl_typesupport_c: rosidl_typesupport_fastrtps_c;rosidl_typesupport_introspection_c
[0.418s] -- Using all available rosidl_typesupport_cpp: rosidl_typesupport_fastrtps_cpp;rosidl_typesupport_introspection_cpp
[0.464s] -- Found rmw_implementation_cmake: 6.1.1 (/opt/ros/humble/share/rmw_implementation_cmake/cmake)
[0.466s] -- Found rmw_fastrtps_cpp: 6.2.6 (/opt/ros/humble/share/rmw_fastrtps_cpp/cmake)
[0.525s] -- Found OpenSSL: /usr/lib/x86_64-linux-gnu/libcrypto.so (found version "3.0.2")  
[0.543s] -- Found FastRTPS: /opt/ros/humble/include  
[0.575s] -- Using RMW implementation 'rmw_fastrtps_cpp' as default
[0.581s] -- Looking for pthread.h
[0.624s] -- Looking for pthread.h - found
[0.624s] -- Performing Test CMAKE_HAVE_LIBC_PTHREAD
[0.668s] -- Performing Test CMAKE_HAVE_LIBC_PTHREAD - Success
[0.669s] -- Found Threads: TRUE  
[0.771s] -- Found rclcpp_action: 16.0.8 (/opt/ros/humble/share/rclcpp_action/cmake)
[0.832s] -- Found std_srvs: 4.2.3 (/opt/ros/humble/share/std_srvs/cmake)
[0.843s] -- Found geometry_msgs: 4.2.3 (/opt/ros/humble/share/geometry_msgs/cmake)
[0.872s] -- Found tf2: 0.25.5 (/opt/ros/humble/share/tf2/cmake)
[0.881s] -- Found tf2_geometry_msgs: 0.25.5 (/opt/ros/humble/share/tf2_geometry_msgs/cmake)
[0.891s] -- Found eigen3_cmake_module: 0.1.1 (/opt/ros/humble/share/eigen3_cmake_module/cmake)
[0.892s] -- Found Eigen3: TRUE (found version "3.4.0") 
[0.892s] -- Ensuring Eigen3 include directory is part of orocos-kdl CMake target
[1.106s] -- Found nav2_msgs: 1.1.12 (/opt/ros/humble/share/nav2_msgs/cmake)
[1.374s] -- Found ros2_unitree_legged_msgs: 0.4.0 (/home/sora/travail/m2/s10/PFE_Transport_Chien_Robot/install/ros2_unitree_legged_msgs/share/ros2_unitree_legged_msgs/cmake)
[1.388s] -- Found unitree_nav_interfaces: 0.0.0 (/home/sora/travail/m2/s10/PFE_Transport_Chien_Robot/install/unitree_nav_interfaces/share/unitree_nav_interfaces/cmake)
[1.451s] -- Found ament_lint_auto: 0.12.10 (/opt/ros/humble/share/ament_lint_auto/cmake)
[1.539s] -- Added test 'cppcheck' to perform static code analysis on C / C++ code
[1.540s] -- Configured cppcheck include dirs: 
[1.540s] -- Configured cppcheck exclude dirs and/or files: 
[1.541s] -- Added test 'flake8' to check Python code syntax and style conventions
[1.542s] -- Added test 'lint_cmake' to check CMake code style
[1.542s] -- Added test 'pep257' to check Python code against some of the docstring style conventions in PEP 257
[1.544s] -- Added test 'uncrustify' to check C / C++ code style
[1.544s] -- Configured uncrustify additional arguments: 
[1.545s] -- Added test 'xmllint' to check XML markup files
[1.547s] -- Configuring done
[1.574s] -- Generating done
[1.577s] -- Build files have been written to: /home/sora/travail/m2/s10/PFE_Transport_Chien_Robot/build/unitree_nav
[1.592s] Invoked command in '/home/sora/travail/m2/s10/PFE_Transport_Chien_Robot/build/unitree_nav' returned '0': CMAKE_PREFIX_PATH=/home/sora/travail/m2/s10/PFE_Transport_Chien_Robot/install/unitree_nav_interfaces:/home/sora/travail/m2/s10/PFE_Transport_Chien_Robot/install/ros2_unitree_legged_msgs:/home/sora/travail/m2/s10/PFE_Transport_Chien_Robot/install/unitree_gazebo:/home/sora/travail/m2/s10/PFE_Transport_Chien_Robot/install/unitree_nav:/home/sora/travail/m2/s10/PFE_Transport_Chien_Robot/install/unitree_legged_real:/home/sora/travail/m2/s10/PFE_Transport_Chien_Robot/install/go1_description:/home/sora/travail/m2/s10/PFE_Transport_Chien_Robot/install/unitree_nav_launch_module:/opt/ros/humble LD_LIBRARY_PATH=/home/sora/travail/m2/s10/PFE_Transport_Chien_Robot/install/unitree_nav_interfaces/lib:/home/sora/travail/m2/s10/PFE_Transport_Chien_Robot/install/ros2_unitree_legged_msgs/lib:/home/sora/travail/m2/s10/PFE_Transport_Chien_Robot/install/unitree_legged_real/lib:/usr/lib/x86_64-linux-gnu/gazebo-11/plugins:/opt/ros/humble/opt/rviz_ogre_vendor/lib:/opt/ros/humble/lib/x86_64-linux-gnu:/opt/ros/humble/lib /usr/bin/cmake /home/sora/travail/m2/s10/PFE_Transport_Chien_Robot/src/unitree_nav/unitree_nav -DCMAKE_INSTALL_PREFIX=/home/sora/travail/m2/s10/PFE_Transport_Chien_Robot/install/unitree_nav
[1.593s] Invoking command in '/home/sora/travail/m2/s10/PFE_Transport_Chien_Robot/build/unitree_nav': CMAKE_PREFIX_PATH=/home/sora/travail/m2/s10/PFE_Transport_Chien_Robot/install/unitree_nav_interfaces:/home/sora/travail/m2/s10/PFE_Transport_Chien_Robot/install/ros2_unitree_legged_msgs:/home/sora/travail/m2/s10/PFE_Transport_Chien_Robot/install/unitree_gazebo:/home/sora/travail/m2/s10/PFE_Transport_Chien_Robot/install/unitree_nav:/home/sora/travail/m2/s10/PFE_Transport_Chien_Robot/install/unitree_legged_real:/home/sora/travail/m2/s10/PFE_Transport_Chien_Robot/install/go1_description:/home/sora/travail/m2/s10/PFE_Transport_Chien_Robot/install/unitree_nav_launch_module:/opt/ros/humble LD_LIBRARY_PATH=/home/sora/travail/m2/s10/PFE_Transport_Chien_Robot/install/unitree_nav_interfaces/lib:/home/sora/travail/m2/s10/PFE_Transport_Chien_Robot/install/ros2_unitree_legged_msgs/lib:/home/sora/travail/m2/s10/PFE_Transport_Chien_Robot/install/unitree_legged_real/lib:/usr/lib/x86_64-linux-gnu/gazebo-11/plugins:/opt/ros/humble/opt/rviz_ogre_vendor/lib:/opt/ros/humble/lib/x86_64-linux-gnu:/opt/ros/humble/lib /usr/bin/cmake --build /home/sora/travail/m2/s10/PFE_Transport_Chien_Robot/build/unitree_nav -- -j24 -l24
[1.666s] [ 50%] [32mBuilding CXX object CMakeFiles/cmd_processor.dir/src/cmd_processor.cpp.o[0m
[1.666s] [ 50%] [32mBuilding CXX object CMakeFiles/nav_to_pose.dir/src/nav_to_pose.cpp.o[0m
[10.576s] [ 75%] [32m[1mLinking CXX executable nav_to_pose[0m
[10.852s] [ 75%] Built target nav_to_pose
[11.630s] [100%] [32m[1mLinking CXX executable cmd_processor[0m
[12.027s] [100%] Built target cmd_processor
[12.036s] Invoked command in '/home/sora/travail/m2/s10/PFE_Transport_Chien_Robot/build/unitree_nav' returned '0': CMAKE_PREFIX_PATH=/home/sora/travail/m2/s10/PFE_Transport_Chien_Robot/install/unitree_nav_interfaces:/home/sora/travail/m2/s10/PFE_Transport_Chien_Robot/install/ros2_unitree_legged_msgs:/home/sora/travail/m2/s10/PFE_Transport_Chien_Robot/install/unitree_gazebo:/home/sora/travail/m2/s10/PFE_Transport_Chien_Robot/install/unitree_nav:/home/sora/travail/m2/s10/PFE_Transport_Chien_Robot/install/unitree_legged_real:/home/sora/travail/m2/s10/PFE_Transport_Chien_Robot/install/go1_description:/home/sora/travail/m2/s10/PFE_Transport_Chien_Robot/install/unitree_nav_launch_module:/opt/ros/humble LD_LIBRARY_PATH=/home/sora/travail/m2/s10/PFE_Transport_Chien_Robot/install/unitree_nav_interfaces/lib:/home/sora/travail/m2/s10/PFE_Transport_Chien_Robot/install/ros2_unitree_legged_msgs/lib:/home/sora/travail/m2/s10/PFE_Transport_Chien_Robot/install/unitree_legged_real/lib:/usr/lib/x86_64-linux-gnu/gazebo-11/plugins:/opt/ros/humble/opt/rviz_ogre_vendor/lib:/opt/ros/humble/lib/x86_64-linux-gnu:/opt/ros/humble/lib /usr/bin/cmake --build /home/sora/travail/m2/s10/PFE_Transport_Chien_Robot/build/unitree_nav -- -j24 -l24
[12.058s] Invoking command in '/home/sora/travail/m2/s10/PFE_Transport_Chien_Robot/build/unitree_nav': CMAKE_PREFIX_PATH=/home/sora/travail/m2/s10/PFE_Transport_Chien_Robot/install/unitree_nav_interfaces:/home/sora/travail/m2/s10/PFE_Transport_Chien_Robot/install/ros2_unitree_legged_msgs:/home/sora/travail/m2/s10/PFE_Transport_Chien_Robot/install/unitree_gazebo:/home/sora/travail/m2/s10/PFE_Transport_Chien_Robot/install/unitree_nav:/home/sora/travail/m2/s10/PFE_Transport_Chien_Robot/install/unitree_legged_real:/home/sora/travail/m2/s10/PFE_Transport_Chien_Robot/install/go1_description:/home/sora/travail/m2/s10/PFE_Transport_Chien_Robot/install/unitree_nav_launch_module:/opt/ros/humble LD_LIBRARY_PATH=/home/sora/travail/m2/s10/PFE_Transport_Chien_Robot/install/unitree_nav_interfaces/lib:/home/sora/travail/m2/s10/PFE_Transport_Chien_Robot/install/ros2_unitree_legged_msgs/lib:/home/sora/travail/m2/s10/PFE_Transport_Chien_Robot/install/unitree_legged_real/lib:/usr/lib/x86_64-linux-gnu/gazebo-11/plugins:/opt/ros/humble/opt/rviz_ogre_vendor/lib:/opt/ros/humble/lib/x86_64-linux-gnu:/opt/ros/humble/lib /usr/bin/cmake --install /home/sora/travail/m2/s10/PFE_Transport_Chien_Robot/build/unitree_nav
[12.064s] -- Install configuration: ""
[12.064s] -- Installing: /home/sora/travail/m2/s10/PFE_Transport_Chien_Robot/install/unitree_nav/lib/unitree_nav/cmd_processor
[12.067s] -- Set runtime path of "/home/sora/travail/m2/s10/PFE_Transport_Chien_Robot/install/unitree_nav/lib/unitree_nav/cmd_processor" to ""
[12.067s] -- Installing: /home/sora/travail/m2/s10/PFE_Transport_Chien_Robot/install/unitree_nav/lib/unitree_nav/nav_to_pose
[12.068s] -- Set runtime path of "/home/sora/travail/m2/s10/PFE_Transport_Chien_Robot/install/unitree_nav/lib/unitree_nav/nav_to_pose" to ""
[12.068s] -- Installing: /home/sora/travail/m2/s10/PFE_Transport_Chien_Robot/install/unitree_nav/share/unitree_nav/launch
[12.068s] -- Installing: /home/sora/travail/m2/s10/PFE_Transport_Chien_Robot/install/unitree_nav/share/unitree_nav/launch/mapping.launch.py
[12.068s] -- Installing: /home/sora/travail/m2/s10/PFE_Transport_Chien_Robot/install/unitree_nav/share/unitree_nav/launch/rslidar_robosense.launch.py
[12.068s] -- Installing: /home/sora/travail/m2/s10/PFE_Transport_Chien_Robot/install/unitree_nav/share/unitree_nav/launch/control.launch.py
[12.069s] -- Installing: /home/sora/travail/m2/s10/PFE_Transport_Chien_Robot/install/unitree_nav/share/unitree_nav/launch/unitree_nav.launch.py
[12.069s] -- Installing: /home/sora/travail/m2/s10/PFE_Transport_Chien_Robot/install/unitree_nav/share/unitree_nav/config
[12.069s] -- Installing: /home/sora/travail/m2/s10/PFE_Transport_Chien_Robot/install/unitree_nav/share/unitree_nav/config/nav.rviz
[12.069s] -- Installing: /home/sora/travail/m2/s10/PFE_Transport_Chien_Robot/install/unitree_nav/share/unitree_nav/config/nav2_params.yaml
[12.069s] -- Installing: /home/sora/travail/m2/s10/PFE_Transport_Chien_Robot/install/unitree_nav/share/ament_index/resource_index/package_run_dependencies/unitree_nav
[12.069s] -- Installing: /home/sora/travail/m2/s10/PFE_Transport_Chien_Robot/install/unitree_nav/share/ament_index/resource_index/parent_prefix_path/unitree_nav
[12.069s] -- Installing: /home/sora/travail/m2/s10/PFE_Transport_Chien_Robot/install/unitree_nav/share/unitree_nav/environment/ament_prefix_path.sh
[12.069s] -- Installing: /home/sora/travail/m2/s10/PFE_Transport_Chien_Robot/install/unitree_nav/share/unitree_nav/environment/ament_prefix_path.dsv
[12.069s] -- Installing: /home/sora/travail/m2/s10/PFE_Transport_Chien_Robot/install/unitree_nav/share/unitree_nav/environment/path.sh
[12.069s] -- Installing: /home/sora/travail/m2/s10/PFE_Transport_Chien_Robot/install/unitree_nav/share/unitree_nav/environment/path.dsv
[12.070s] -- Installing: /home/sora/travail/m2/s10/PFE_Transport_Chien_Robot/install/unitree_nav/share/unitree_nav/local_setup.bash
[12.070s] -- Installing: /home/sora/travail/m2/s10/PFE_Transport_Chien_Robot/install/unitree_nav/share/unitree_nav/local_setup.sh
[12.070s] -- Installing: /home/sora/travail/m2/s10/PFE_Transport_Chien_Robot/install/unitree_nav/share/unitree_nav/local_setup.zsh
[12.070s] -- Installing: /home/sora/travail/m2/s10/PFE_Transport_Chien_Robot/install/unitree_nav/share/unitree_nav/local_setup.dsv
[12.070s] -- Installing: /home/sora/travail/m2/s10/PFE_Transport_Chien_Robot/install/unitree_nav/share/unitree_nav/package.dsv
[12.070s] -- Installing: /home/sora/travail/m2/s10/PFE_Transport_Chien_Robot/install/unitree_nav/share/ament_index/resource_index/packages/unitree_nav
[12.070s] -- Installing: /home/sora/travail/m2/s10/PFE_Transport_Chien_Robot/install/unitree_nav/share/unitree_nav/cmake/unitree_navConfig.cmake
[12.070s] -- Installing: /home/sora/travail/m2/s10/PFE_Transport_Chien_Robot/install/unitree_nav/share/unitree_nav/cmake/unitree_navConfig-version.cmake
[12.070s] -- Installing: /home/sora/travail/m2/s10/PFE_Transport_Chien_Robot/install/unitree_nav/share/unitree_nav/package.xml
[12.071s] Invoked command in '/home/sora/travail/m2/s10/PFE_Transport_Chien_Robot/build/unitree_nav' returned '0': CMAKE_PREFIX_PATH=/home/sora/travail/m2/s10/PFE_Transport_Chien_Robot/install/unitree_nav_interfaces:/home/sora/travail/m2/s10/PFE_Transport_Chien_Robot/install/ros2_unitree_legged_msgs:/home/sora/travail/m2/s10/PFE_Transport_Chien_Robot/install/unitree_gazebo:/home/sora/travail/m2/s10/PFE_Transport_Chien_Robot/install/unitree_nav:/home/sora/travail/m2/s10/PFE_Transport_Chien_Robot/install/unitree_legged_real:/home/sora/travail/m2/s10/PFE_Transport_Chien_Robot/install/go1_description:/home/sora/travail/m2/s10/PFE_Transport_Chien_Robot/install/unitree_nav_launch_module:/opt/ros/humble LD_LIBRARY_PATH=/home/sora/travail/m2/s10/PFE_Transport_Chien_Robot/install/unitree_nav_interfaces/lib:/home/sora/travail/m2/s10/PFE_Transport_Chien_Robot/install/ros2_unitree_legged_msgs/lib:/home/sora/travail/m2/s10/PFE_Transport_Chien_Robot/install/unitree_legged_real/lib:/usr/lib/x86_64-linux-gnu/gazebo-11/plugins:/opt/ros/humble/opt/rviz_ogre_vendor/lib:/opt/ros/humble/lib/x86_64-linux-gnu:/opt/ros/humble/lib /usr/bin/cmake --install /home/sora/travail/m2/s10/PFE_Transport_Chien_Robot/build/unitree_nav
