-- Install configuration: ""
-- Up-to-date: /home/sora/travail/m2/s10/PFE_Transport_Chien_Robot/install/go1_description/share/go1_description//launch
-- Up-to-date: /home/sora/travail/m2/s10/PFE_Transport_Chien_Robot/install/go1_description/share/go1_description//launch/load_go1.launch.py
-- Up-to-date: /home/sora/travail/m2/s10/PFE_Transport_Chien_Robot/install/go1_description/share/go1_description//launch/__pycache__
-- Up-to-date: /home/sora/travail/m2/s10/PFE_Transport_Chien_Robot/install/go1_description/share/go1_description//launch/__pycache__/load_go1.launch.cpython-310.pyc
-- Up-to-date: /home/sora/travail/m2/s10/PFE_Transport_Chien_Robot/install/go1_description/share/go1_description//config
-- Up-to-date: /home/sora/travail/m2/s10/PFE_Transport_Chien_Robot/install/go1_description/share/go1_description//config/go1.rviz
-- Up-to-date: /home/sora/travail/m2/s10/PFE_Transport_Chien_Robot/install/go1_description/share/go1_description//meshes
-- Up-to-date: /home/sora/travail/m2/s10/PFE_Transport_Chien_Robot/install/go1_description/share/go1_description//meshes/calf.dae
-- Up-to-date: /home/sora/travail/m2/s10/PFE_Transport_Chien_Robot/install/go1_description/share/go1_description//meshes/depthCamera.dae
-- Up-to-date: /home/sora/travail/m2/s10/PFE_Transport_Chien_Robot/install/go1_description/share/go1_description//meshes/trunk.dae
-- Up-to-date: /home/sora/travail/m2/s10/PFE_Transport_Chien_Robot/install/go1_description/share/go1_description//meshes/thigh.dae
-- Up-to-date: /home/sora/travail/m2/s10/PFE_Transport_Chien_Robot/install/go1_description/share/go1_description//meshes/ultraSound.dae
-- Up-to-date: /home/sora/travail/m2/s10/PFE_Transport_Chien_Robot/install/go1_description/share/go1_description//meshes/thigh_mirror.dae
-- Up-to-date: /home/sora/travail/m2/s10/PFE_Transport_Chien_Robot/install/go1_description/share/go1_description//meshes/hip.dae
-- Up-to-date: /home/sora/travail/m2/s10/PFE_Transport_Chien_Robot/install/go1_description/share/go1_description//xacro
-- Up-to-date: /home/sora/travail/m2/s10/PFE_Transport_Chien_Robot/install/go1_description/share/go1_description//xacro/robot.xacro
-- Up-to-date: /home/sora/travail/m2/s10/PFE_Transport_Chien_Robot/install/go1_description/share/go1_description//xacro/transmission.xacro
-- Up-to-date: /home/sora/travail/m2/s10/PFE_Transport_Chien_Robot/install/go1_description/share/go1_description//xacro/materials.xacro
-- Up-to-date: /home/sora/travail/m2/s10/PFE_Transport_Chien_Robot/install/go1_description/share/go1_description//xacro/const.xacro
-- Up-to-date: /home/sora/travail/m2/s10/PFE_Transport_Chien_Robot/install/go1_description/share/go1_description//xacro/leg.xacro
-- Up-to-date: /home/sora/travail/m2/s10/PFE_Transport_Chien_Robot/install/go1_description/share/go1_description//xacro/depthCamera.xacro
-- Up-to-date: /home/sora/travail/m2/s10/PFE_Transport_Chien_Robot/install/go1_description/share/go1_description//xacro/ultraSound.xacro
-- Up-to-date: /home/sora/travail/m2/s10/PFE_Transport_Chien_Robot/install/go1_description/share/go1_description//xacro/gazebo.xacro
-- Up-to-date: /home/sora/travail/m2/s10/PFE_Transport_Chien_Robot/install/go1_description/share/ament_index/resource_index/package_run_dependencies/go1_description
-- Up-to-date: /home/sora/travail/m2/s10/PFE_Transport_Chien_Robot/install/go1_description/share/ament_index/resource_index/parent_prefix_path/go1_description
-- Up-to-date: /home/sora/travail/m2/s10/PFE_Transport_Chien_Robot/install/go1_description/share/go1_description/environment/ament_prefix_path.sh
-- Up-to-date: /home/sora/travail/m2/s10/PFE_Transport_Chien_Robot/install/go1_description/share/go1_description/environment/ament_prefix_path.dsv
-- Up-to-date: /home/sora/travail/m2/s10/PFE_Transport_Chien_Robot/install/go1_description/share/go1_description/environment/path.sh
-- Up-to-date: /home/sora/travail/m2/s10/PFE_Transport_Chien_Robot/install/go1_description/share/go1_description/environment/path.dsv
-- Up-to-date: /home/sora/travail/m2/s10/PFE_Transport_Chien_Robot/install/go1_description/share/go1_description/local_setup.bash
-- Up-to-date: /home/sora/travail/m2/s10/PFE_Transport_Chien_Robot/install/go1_description/share/go1_description/local_setup.sh
-- Up-to-date: /home/sora/travail/m2/s10/PFE_Transport_Chien_Robot/install/go1_description/share/go1_description/local_setup.zsh
-- Up-to-date: /home/sora/travail/m2/s10/PFE_Transport_Chien_Robot/install/go1_description/share/go1_description/local_setup.dsv
-- Up-to-date: /home/sora/travail/m2/s10/PFE_Transport_Chien_Robot/install/go1_description/share/go1_description/package.dsv
-- Up-to-date: /home/sora/travail/m2/s10/PFE_Transport_Chien_Robot/install/go1_description/share/ament_index/resource_index/packages/go1_description
-- Up-to-date: /home/sora/travail/m2/s10/PFE_Transport_Chien_Robot/install/go1_description/share/go1_description/cmake/go1_descriptionConfig.cmake
-- Up-to-date: /home/sora/travail/m2/s10/PFE_Transport_Chien_Robot/install/go1_description/share/go1_description/cmake/go1_descriptionConfig-version.cmake
-- Up-to-date: /home/sora/travail/m2/s10/PFE_Transport_Chien_Robot/install/go1_description/share/go1_description/package.xml
