-- The C compiler identification is GNU 11.4.0
-- The CXX compiler identification is GNU 11.4.0
-- Detecting C compiler ABI info
-- Detecting C compiler ABI info - done
-- Check for working C compiler: /usr/bin/cc - skipped
-- Detecting C compile features
-- Detecting C compile features - done
-- Detecting CXX compiler ABI info
-- Detecting CXX compiler ABI info - done
-- Check for working CXX compiler: /usr/bin/c++ - skipped
-- Detecting CXX compile features
-- Detecting CXX compile features - done
-- Found ament_cmake: 1.3.7 (/opt/ros/humble/share/ament_cmake/cmake)
-- Found Python3: /usr/bin/python3.10 (found version "3.10.12") found components: Interpreter 
-- Found geometry_msgs: 4.2.3 (/opt/ros/humble/share/geometry_msgs/cmake)
-- Found rosidl_generator_c: 3.1.5 (/opt/ros/humble/share/rosidl_generator_c/cmake)
-- Found rosidl_adapter: 3.1.5 (/opt/ros/humble/share/rosidl_adapter/cmake)
-- Found rosidl_generator_cpp: 3.1.5 (/opt/ros/humble/share/rosidl_generator_cpp/cmake)
-- Using all available rosidl_typesupport_c: rosidl_typesupport_fastrtps_c;rosidl_typesupport_introspection_c
-- Using all available rosidl_typesupport_cpp: rosidl_typesupport_fastrtps_cpp;rosidl_typesupport_introspection_cpp
-- Found rosidl_default_generators: 1.2.0 (/opt/ros/humble/share/rosidl_default_generators/cmake)
-- Found ament_cmake_ros: 0.10.0 (/opt/ros/humble/share/ament_cmake_ros/cmake)
-- Using all available rosidl_typesupport_c: rosidl_typesupport_fastrtps_c;rosidl_typesupport_introspection_c
-- Using all available rosidl_typesupport_cpp: rosidl_typesupport_fastrtps_cpp;rosidl_typesupport_introspection_cpp
-- Found PythonInterp: /usr/bin/python3 (found suitable version "3.10.12", minimum required is "3.6") 
-- Found python_cmake_module: 0.10.0 (/opt/ros/humble/share/python_cmake_module/cmake)
-- Found PythonLibs: /usr/lib/x86_64-linux-gnu/libpython3.10.so (found suitable version "3.10.12", minimum required is "3.5") 
-- Using PYTHON_EXECUTABLE: /usr/bin/python3
-- Using PYTHON_INCLUDE_DIRS: /usr/include/python3.10
-- Using PYTHON_LIBRARIES: /usr/lib/x86_64-linux-gnu/libpython3.10.so
-- Found PythonExtra: .so  
-- Found ament_lint_auto: 0.12.10 (/opt/ros/humble/share/ament_lint_auto/cmake)
-- Added test 'lint_cmake' to check CMake code style
-- Added test 'xmllint' to check XML markup files
-- Configuring done
-- Generating done
-- Build files have been written to: /home/sora/travail/m2/s10/PFE_Transport_Chien_Robot/build/unitree_nav_interfaces
[  2%] [34m[1mGenerating C code for ROS interfaces[0m
[  5%] [34m[1mGenerating C++ code for ROS interfaces[0m
[  5%] Built target ament_cmake_python_copy_unitree_nav_interfaces
running egg_info
creating unitree_nav_interfaces.egg-info
writing unitree_nav_interfaces.egg-info/PKG-INFO
writing dependency_links to unitree_nav_interfaces.egg-info/dependency_links.txt
writing top-level names to unitree_nav_interfaces.egg-info/top_level.txt
writing manifest file 'unitree_nav_interfaces.egg-info/SOURCES.txt'
reading manifest file 'unitree_nav_interfaces.egg-info/SOURCES.txt'
writing manifest file 'unitree_nav_interfaces.egg-info/SOURCES.txt'
[  5%] Built target ament_cmake_python_build_unitree_nav_interfaces_egg
[  5%] Built target unitree_nav_interfaces_srv__cpp
[  7%] [34m[1mGenerating C++ type support dispatch for ROS interfaces[0m
[ 10%] [32mBuilding C object CMakeFiles/unitree_nav_interfaces_srv__rosidl_generator_c.dir/rosidl_generator_c/unitree_nav_interfaces/srv/detail/set_body_rpy__functions.c.o[0m
[ 15%] [34m[1mGenerating C++ type support for eProsima Fast-RTPS[0m
[ 15%] [32mBuilding C object CMakeFiles/unitree_nav_interfaces_srv__rosidl_generator_c.dir/rosidl_generator_c/unitree_nav_interfaces/srv/detail/nav_to_pose__functions.c.o[0m
[ 17%] [34m[1mGenerating C++ introspection for ROS interfaces[0m
[ 20%] [32m[1mLinking C shared library libunitree_nav_interfaces__rosidl_generator_c.so[0m
[ 20%] Built target unitree_nav_interfaces_srv__rosidl_generator_c
[ 23%] [34m[1mGenerating C type support for eProsima Fast-RTPS[0m
[ 28%] [34m[1mGenerating C introspection for ROS interfaces[0m
[ 28%] [34m[1mGenerating C type support dispatch for ROS interfaces[0m
[ 30%] [32mBuilding CXX object CMakeFiles/unitree_nav_interfaces_srv__rosidl_typesupport_cpp.dir/rosidl_typesupport_cpp/unitree_nav_interfaces/srv/set_body_rpy__type_support.cpp.o[0m
[ 33%] [32mBuilding CXX object CMakeFiles/unitree_nav_interfaces_srv__rosidl_typesupport_cpp.dir/rosidl_typesupport_cpp/unitree_nav_interfaces/srv/nav_to_pose__type_support.cpp.o[0m
[ 35%] [32mBuilding CXX object CMakeFiles/unitree_nav_interfaces_srv__rosidl_typesupport_introspection_cpp.dir/rosidl_typesupport_introspection_cpp/unitree_nav_interfaces/srv/detail/set_body_rpy__type_support.cpp.o[0m
[ 38%] [32mBuilding CXX object CMakeFiles/unitree_nav_interfaces_srv__rosidl_typesupport_introspection_cpp.dir/rosidl_typesupport_introspection_cpp/unitree_nav_interfaces/srv/detail/nav_to_pose__type_support.cpp.o[0m
[ 41%] [32mBuilding CXX object CMakeFiles/unitree_nav_interfaces_srv__rosidl_typesupport_fastrtps_cpp.dir/rosidl_typesupport_fastrtps_cpp/unitree_nav_interfaces/srv/detail/dds_fastrtps/set_body_rpy__type_support.cpp.o[0m
[ 43%] [32mBuilding CXX object CMakeFiles/unitree_nav_interfaces_srv__rosidl_typesupport_fastrtps_cpp.dir/rosidl_typesupport_fastrtps_cpp/unitree_nav_interfaces/srv/detail/dds_fastrtps/nav_to_pose__type_support.cpp.o[0m
[ 46%] [32mBuilding CXX object CMakeFiles/unitree_nav_interfaces_srv__rosidl_typesupport_c.dir/rosidl_typesupport_c/unitree_nav_interfaces/srv/set_body_rpy__type_support.cpp.o[0m
[ 48%] [32mBuilding CXX object CMakeFiles/unitree_nav_interfaces_srv__rosidl_typesupport_c.dir/rosidl_typesupport_c/unitree_nav_interfaces/srv/nav_to_pose__type_support.cpp.o[0m
[ 51%] [32m[1mLinking CXX shared library libunitree_nav_interfaces__rosidl_typesupport_c.so[0m
[ 53%] [32mBuilding C object CMakeFiles/unitree_nav_interfaces_srv__rosidl_typesupport_introspection_c.dir/rosidl_typesupport_introspection_c/unitree_nav_interfaces/srv/detail/set_body_rpy__type_support.c.o[0m
[ 56%] [32mBuilding C object CMakeFiles/unitree_nav_interfaces_srv__rosidl_typesupport_introspection_c.dir/rosidl_typesupport_introspection_c/unitree_nav_interfaces/srv/detail/nav_to_pose__type_support.c.o[0m
[ 58%] [32mBuilding CXX object CMakeFiles/unitree_nav_interfaces_srv__rosidl_typesupport_fastrtps_c.dir/rosidl_typesupport_fastrtps_c/unitree_nav_interfaces/srv/detail/nav_to_pose__type_support_c.cpp.o[0m
[ 61%] [32mBuilding CXX object CMakeFiles/unitree_nav_interfaces_srv__rosidl_typesupport_fastrtps_c.dir/rosidl_typesupport_fastrtps_c/unitree_nav_interfaces/srv/detail/set_body_rpy__type_support_c.cpp.o[0m
[ 61%] Built target unitree_nav_interfaces_srv__rosidl_typesupport_c
[ 64%] [32m[1mLinking C shared library libunitree_nav_interfaces__rosidl_typesupport_introspection_c.so[0m
[ 64%] Built target unitree_nav_interfaces_srv__rosidl_typesupport_introspection_c
[ 66%] [32m[1mLinking CXX shared library libunitree_nav_interfaces__rosidl_typesupport_introspection_cpp.so[0m
[ 69%] [32m[1mLinking CXX shared library libunitree_nav_interfaces__rosidl_typesupport_cpp.so[0m
[ 69%] Built target unitree_nav_interfaces_srv__rosidl_typesupport_introspection_cpp
[ 69%] Built target unitree_nav_interfaces_srv__rosidl_typesupport_cpp
[ 71%] [32m[1mLinking CXX shared library libunitree_nav_interfaces__rosidl_typesupport_fastrtps_cpp.so[0m
[ 74%] [32m[1mLinking CXX shared library libunitree_nav_interfaces__rosidl_typesupport_fastrtps_c.so[0m
[ 74%] Built target unitree_nav_interfaces_srv__rosidl_typesupport_fastrtps_cpp
[ 74%] Built target unitree_nav_interfaces_srv__rosidl_typesupport_fastrtps_c
[ 74%] Built target unitree_nav_interfaces_srv
[ 76%] [34m[1mGenerating Python code for ROS interfaces[0m
[ 76%] Built target unitree_nav_interfaces_srv__py
[ 79%] [32mBuilding C object CMakeFiles/unitree_nav_interfaces_srv__rosidl_generator_py.dir/rosidl_generator_py/unitree_nav_interfaces/srv/_set_body_rpy_s.c.o[0m
[ 82%] [32mBuilding C object CMakeFiles/unitree_nav_interfaces_srv__rosidl_generator_py.dir/rosidl_generator_py/unitree_nav_interfaces/srv/_nav_to_pose_s.c.o[0m
[ 84%] [32m[1mLinking C shared library rosidl_generator_py/unitree_nav_interfaces/libunitree_nav_interfaces_srv__rosidl_generator_py.so[0m
[ 84%] Built target unitree_nav_interfaces_srv__rosidl_generator_py
[ 87%] [32mBuilding C object CMakeFiles/unitree_nav_interfaces__rosidl_typesupport_fastrtps_c__pyext.dir/rosidl_generator_py/unitree_nav_interfaces/_unitree_nav_interfaces_s.ep.rosidl_typesupport_fastrtps_c.c.o[0m
[ 89%] [32mBuilding C object CMakeFiles/unitree_nav_interfaces__rosidl_typesupport_introspection_c__pyext.dir/rosidl_generator_py/unitree_nav_interfaces/_unitree_nav_interfaces_s.ep.rosidl_typesupport_introspection_c.c.o[0m
[ 92%] [32mBuilding C object CMakeFiles/unitree_nav_interfaces__rosidl_typesupport_c__pyext.dir/rosidl_generator_py/unitree_nav_interfaces/_unitree_nav_interfaces_s.ep.rosidl_typesupport_c.c.o[0m
[ 94%] [32m[1mLinking C shared library rosidl_generator_py/unitree_nav_interfaces/unitree_nav_interfaces_s__rosidl_typesupport_fastrtps_c.cpython-310-x86_64-linux-gnu.so[0m
[ 97%] [32m[1mLinking C shared library rosidl_generator_py/unitree_nav_interfaces/unitree_nav_interfaces_s__rosidl_typesupport_c.cpython-310-x86_64-linux-gnu.so[0m
[100%] [32m[1mLinking C shared library rosidl_generator_py/unitree_nav_interfaces/unitree_nav_interfaces_s__rosidl_typesupport_introspection_c.cpython-310-x86_64-linux-gnu.so[0m
[100%] Built target unitree_nav_interfaces__rosidl_typesupport_fastrtps_c__pyext
[100%] Built target unitree_nav_interfaces__rosidl_typesupport_c__pyext
[100%] Built target unitree_nav_interfaces__rosidl_typesupport_introspection_c__pyext
-- Install configuration: ""
-- Installing: /home/sora/travail/m2/s10/PFE_Transport_Chien_Robot/install/unitree_nav_interfaces/share/ament_index/resource_index/rosidl_interfaces/unitree_nav_interfaces
-- Installing: /home/sora/travail/m2/s10/PFE_Transport_Chien_Robot/install/unitree_nav_interfaces/include/unitree_nav_interfaces/unitree_nav_interfaces
-- Installing: /home/sora/travail/m2/s10/PFE_Transport_Chien_Robot/install/unitree_nav_interfaces/include/unitree_nav_interfaces/unitree_nav_interfaces/msg
-- Installing: /home/sora/travail/m2/s10/PFE_Transport_Chien_Robot/install/unitree_nav_interfaces/include/unitree_nav_interfaces/unitree_nav_interfaces/msg/rosidl_generator_c__visibility_control.h
-- Installing: /home/sora/travail/m2/s10/PFE_Transport_Chien_Robot/install/unitree_nav_interfaces/include/unitree_nav_interfaces/unitree_nav_interfaces/srv
-- Installing: /home/sora/travail/m2/s10/PFE_Transport_Chien_Robot/install/unitree_nav_interfaces/include/unitree_nav_interfaces/unitree_nav_interfaces/srv/set_body_rpy.h
-- Installing: /home/sora/travail/m2/s10/PFE_Transport_Chien_Robot/install/unitree_nav_interfaces/include/unitree_nav_interfaces/unitree_nav_interfaces/srv/detail
-- Installing: /home/sora/travail/m2/s10/PFE_Transport_Chien_Robot/install/unitree_nav_interfaces/include/unitree_nav_interfaces/unitree_nav_interfaces/srv/detail/nav_to_pose__functions.h
-- Installing: /home/sora/travail/m2/s10/PFE_Transport_Chien_Robot/install/unitree_nav_interfaces/include/unitree_nav_interfaces/unitree_nav_interfaces/srv/detail/nav_to_pose__struct.h
-- Installing: /home/sora/travail/m2/s10/PFE_Transport_Chien_Robot/install/unitree_nav_interfaces/include/unitree_nav_interfaces/unitree_nav_interfaces/srv/detail/nav_to_pose__type_support.h
-- Installing: /home/sora/travail/m2/s10/PFE_Transport_Chien_Robot/install/unitree_nav_interfaces/include/unitree_nav_interfaces/unitree_nav_interfaces/srv/detail/set_body_rpy__struct.h
-- Installing: /home/sora/travail/m2/s10/PFE_Transport_Chien_Robot/install/unitree_nav_interfaces/include/unitree_nav_interfaces/unitree_nav_interfaces/srv/detail/set_body_rpy__functions.h
-- Installing: /home/sora/travail/m2/s10/PFE_Transport_Chien_Robot/install/unitree_nav_interfaces/include/unitree_nav_interfaces/unitree_nav_interfaces/srv/detail/set_body_rpy__type_support.h
-- Installing: /home/sora/travail/m2/s10/PFE_Transport_Chien_Robot/install/unitree_nav_interfaces/include/unitree_nav_interfaces/unitree_nav_interfaces/srv/detail/set_body_rpy__functions.c
-- Installing: /home/sora/travail/m2/s10/PFE_Transport_Chien_Robot/install/unitree_nav_interfaces/include/unitree_nav_interfaces/unitree_nav_interfaces/srv/detail/nav_to_pose__functions.c
-- Installing: /home/sora/travail/m2/s10/PFE_Transport_Chien_Robot/install/unitree_nav_interfaces/include/unitree_nav_interfaces/unitree_nav_interfaces/srv/nav_to_pose.h
-- Installing: /home/sora/travail/m2/s10/PFE_Transport_Chien_Robot/install/unitree_nav_interfaces/share/unitree_nav_interfaces/environment/library_path.sh
-- Installing: /home/sora/travail/m2/s10/PFE_Transport_Chien_Robot/install/unitree_nav_interfaces/share/unitree_nav_interfaces/environment/library_path.dsv
-- Installing: /home/sora/travail/m2/s10/PFE_Transport_Chien_Robot/install/unitree_nav_interfaces/lib/libunitree_nav_interfaces__rosidl_generator_c.so
-- Set runtime path of "/home/sora/travail/m2/s10/PFE_Transport_Chien_Robot/install/unitree_nav_interfaces/lib/libunitree_nav_interfaces__rosidl_generator_c.so" to ""
-- Up-to-date: /home/sora/travail/m2/s10/PFE_Transport_Chien_Robot/install/unitree_nav_interfaces/include/unitree_nav_interfaces/unitree_nav_interfaces
-- Up-to-date: /home/sora/travail/m2/s10/PFE_Transport_Chien_Robot/install/unitree_nav_interfaces/include/unitree_nav_interfaces/unitree_nav_interfaces/msg
-- Installing: /home/sora/travail/m2/s10/PFE_Transport_Chien_Robot/install/unitree_nav_interfaces/include/unitree_nav_interfaces/unitree_nav_interfaces/msg/rosidl_typesupport_fastrtps_c__visibility_control.h
-- Up-to-date: /home/sora/travail/m2/s10/PFE_Transport_Chien_Robot/install/unitree_nav_interfaces/include/unitree_nav_interfaces/unitree_nav_interfaces/srv
-- Up-to-date: /home/sora/travail/m2/s10/PFE_Transport_Chien_Robot/install/unitree_nav_interfaces/include/unitree_nav_interfaces/unitree_nav_interfaces/srv/detail
-- Installing: /home/sora/travail/m2/s10/PFE_Transport_Chien_Robot/install/unitree_nav_interfaces/include/unitree_nav_interfaces/unitree_nav_interfaces/srv/detail/nav_to_pose__rosidl_typesupport_fastrtps_c.h
-- Installing: /home/sora/travail/m2/s10/PFE_Transport_Chien_Robot/install/unitree_nav_interfaces/include/unitree_nav_interfaces/unitree_nav_interfaces/srv/detail/set_body_rpy__rosidl_typesupport_fastrtps_c.h
-- Installing: /home/sora/travail/m2/s10/PFE_Transport_Chien_Robot/install/unitree_nav_interfaces/lib/libunitree_nav_interfaces__rosidl_typesupport_fastrtps_c.so
-- Set runtime path of "/home/sora/travail/m2/s10/PFE_Transport_Chien_Robot/install/unitree_nav_interfaces/lib/libunitree_nav_interfaces__rosidl_typesupport_fastrtps_c.so" to ""
-- Up-to-date: /home/sora/travail/m2/s10/PFE_Transport_Chien_Robot/install/unitree_nav_interfaces/include/unitree_nav_interfaces/unitree_nav_interfaces
-- Up-to-date: /home/sora/travail/m2/s10/PFE_Transport_Chien_Robot/install/unitree_nav_interfaces/include/unitree_nav_interfaces/unitree_nav_interfaces/srv
-- Up-to-date: /home/sora/travail/m2/s10/PFE_Transport_Chien_Robot/install/unitree_nav_interfaces/include/unitree_nav_interfaces/unitree_nav_interfaces/srv/detail
-- Installing: /home/sora/travail/m2/s10/PFE_Transport_Chien_Robot/install/unitree_nav_interfaces/include/unitree_nav_interfaces/unitree_nav_interfaces/srv/detail/nav_to_pose__builder.hpp
-- Installing: /home/sora/travail/m2/s10/PFE_Transport_Chien_Robot/install/unitree_nav_interfaces/include/unitree_nav_interfaces/unitree_nav_interfaces/srv/detail/nav_to_pose__traits.hpp
-- Installing: /home/sora/travail/m2/s10/PFE_Transport_Chien_Robot/install/unitree_nav_interfaces/include/unitree_nav_interfaces/unitree_nav_interfaces/srv/detail/set_body_rpy__traits.hpp
-- Installing: /home/sora/travail/m2/s10/PFE_Transport_Chien_Robot/install/unitree_nav_interfaces/include/unitree_nav_interfaces/unitree_nav_interfaces/srv/detail/set_body_rpy__builder.hpp
-- Installing: /home/sora/travail/m2/s10/PFE_Transport_Chien_Robot/install/unitree_nav_interfaces/include/unitree_nav_interfaces/unitree_nav_interfaces/srv/detail/set_body_rpy__struct.hpp
-- Installing: /home/sora/travail/m2/s10/PFE_Transport_Chien_Robot/install/unitree_nav_interfaces/include/unitree_nav_interfaces/unitree_nav_interfaces/srv/detail/nav_to_pose__struct.hpp
-- Installing: /home/sora/travail/m2/s10/PFE_Transport_Chien_Robot/install/unitree_nav_interfaces/include/unitree_nav_interfaces/unitree_nav_interfaces/srv/set_body_rpy.hpp
-- Installing: /home/sora/travail/m2/s10/PFE_Transport_Chien_Robot/install/unitree_nav_interfaces/include/unitree_nav_interfaces/unitree_nav_interfaces/srv/nav_to_pose.hpp
-- Up-to-date: /home/sora/travail/m2/s10/PFE_Transport_Chien_Robot/install/unitree_nav_interfaces/include/unitree_nav_interfaces/unitree_nav_interfaces
-- Up-to-date: /home/sora/travail/m2/s10/PFE_Transport_Chien_Robot/install/unitree_nav_interfaces/include/unitree_nav_interfaces/unitree_nav_interfaces/msg
-- Installing: /home/sora/travail/m2/s10/PFE_Transport_Chien_Robot/install/unitree_nav_interfaces/include/unitree_nav_interfaces/unitree_nav_interfaces/msg/rosidl_typesupport_fastrtps_cpp__visibility_control.h
-- Up-to-date: /home/sora/travail/m2/s10/PFE_Transport_Chien_Robot/install/unitree_nav_interfaces/include/unitree_nav_interfaces/unitree_nav_interfaces/srv
-- Up-to-date: /home/sora/travail/m2/s10/PFE_Transport_Chien_Robot/install/unitree_nav_interfaces/include/unitree_nav_interfaces/unitree_nav_interfaces/srv/detail
-- Installing: /home/sora/travail/m2/s10/PFE_Transport_Chien_Robot/install/unitree_nav_interfaces/include/unitree_nav_interfaces/unitree_nav_interfaces/srv/detail/set_body_rpy__rosidl_typesupport_fastrtps_cpp.hpp
-- Installing: /home/sora/travail/m2/s10/PFE_Transport_Chien_Robot/install/unitree_nav_interfaces/include/unitree_nav_interfaces/unitree_nav_interfaces/srv/detail/dds_fastrtps
-- Installing: /home/sora/travail/m2/s10/PFE_Transport_Chien_Robot/install/unitree_nav_interfaces/include/unitree_nav_interfaces/unitree_nav_interfaces/srv/detail/nav_to_pose__rosidl_typesupport_fastrtps_cpp.hpp
-- Installing: /home/sora/travail/m2/s10/PFE_Transport_Chien_Robot/install/unitree_nav_interfaces/lib/libunitree_nav_interfaces__rosidl_typesupport_fastrtps_cpp.so
-- Set runtime path of "/home/sora/travail/m2/s10/PFE_Transport_Chien_Robot/install/unitree_nav_interfaces/lib/libunitree_nav_interfaces__rosidl_typesupport_fastrtps_cpp.so" to ""
-- Up-to-date: /home/sora/travail/m2/s10/PFE_Transport_Chien_Robot/install/unitree_nav_interfaces/include/unitree_nav_interfaces/unitree_nav_interfaces
-- Up-to-date: /home/sora/travail/m2/s10/PFE_Transport_Chien_Robot/install/unitree_nav_interfaces/include/unitree_nav_interfaces/unitree_nav_interfaces/msg
-- Installing: /home/sora/travail/m2/s10/PFE_Transport_Chien_Robot/install/unitree_nav_interfaces/include/unitree_nav_interfaces/unitree_nav_interfaces/msg/rosidl_typesupport_introspection_c__visibility_control.h
-- Up-to-date: /home/sora/travail/m2/s10/PFE_Transport_Chien_Robot/install/unitree_nav_interfaces/include/unitree_nav_interfaces/unitree_nav_interfaces/srv
-- Up-to-date: /home/sora/travail/m2/s10/PFE_Transport_Chien_Robot/install/unitree_nav_interfaces/include/unitree_nav_interfaces/unitree_nav_interfaces/srv/detail
-- Installing: /home/sora/travail/m2/s10/PFE_Transport_Chien_Robot/install/unitree_nav_interfaces/include/unitree_nav_interfaces/unitree_nav_interfaces/srv/detail/nav_to_pose__type_support.c
-- Installing: /home/sora/travail/m2/s10/PFE_Transport_Chien_Robot/install/unitree_nav_interfaces/include/unitree_nav_interfaces/unitree_nav_interfaces/srv/detail/nav_to_pose__rosidl_typesupport_introspection_c.h
-- Installing: /home/sora/travail/m2/s10/PFE_Transport_Chien_Robot/install/unitree_nav_interfaces/include/unitree_nav_interfaces/unitree_nav_interfaces/srv/detail/set_body_rpy__rosidl_typesupport_introspection_c.h
-- Installing: /home/sora/travail/m2/s10/PFE_Transport_Chien_Robot/install/unitree_nav_interfaces/include/unitree_nav_interfaces/unitree_nav_interfaces/srv/detail/set_body_rpy__type_support.c
-- Installing: /home/sora/travail/m2/s10/PFE_Transport_Chien_Robot/install/unitree_nav_interfaces/lib/libunitree_nav_interfaces__rosidl_typesupport_introspection_c.so
-- Set runtime path of "/home/sora/travail/m2/s10/PFE_Transport_Chien_Robot/install/unitree_nav_interfaces/lib/libunitree_nav_interfaces__rosidl_typesupport_introspection_c.so" to ""
-- Installing: /home/sora/travail/m2/s10/PFE_Transport_Chien_Robot/install/unitree_nav_interfaces/lib/libunitree_nav_interfaces__rosidl_typesupport_c.so
-- Set runtime path of "/home/sora/travail/m2/s10/PFE_Transport_Chien_Robot/install/unitree_nav_interfaces/lib/libunitree_nav_interfaces__rosidl_typesupport_c.so" to ""
-- Up-to-date: /home/sora/travail/m2/s10/PFE_Transport_Chien_Robot/install/unitree_nav_interfaces/include/unitree_nav_interfaces/unitree_nav_interfaces
-- Up-to-date: /home/sora/travail/m2/s10/PFE_Transport_Chien_Robot/install/unitree_nav_interfaces/include/unitree_nav_interfaces/unitree_nav_interfaces/srv
-- Up-to-date: /home/sora/travail/m2/s10/PFE_Transport_Chien_Robot/install/unitree_nav_interfaces/include/unitree_nav_interfaces/unitree_nav_interfaces/srv/detail
-- Installing: /home/sora/travail/m2/s10/PFE_Transport_Chien_Robot/install/unitree_nav_interfaces/include/unitree_nav_interfaces/unitree_nav_interfaces/srv/detail/nav_to_pose__type_support.cpp
-- Installing: /home/sora/travail/m2/s10/PFE_Transport_Chien_Robot/install/unitree_nav_interfaces/include/unitree_nav_interfaces/unitree_nav_interfaces/srv/detail/set_body_rpy__rosidl_typesupport_introspection_cpp.hpp
-- Installing: /home/sora/travail/m2/s10/PFE_Transport_Chien_Robot/install/unitree_nav_interfaces/include/unitree_nav_interfaces/unitree_nav_interfaces/srv/detail/nav_to_pose__rosidl_typesupport_introspection_cpp.hpp
-- Installing: /home/sora/travail/m2/s10/PFE_Transport_Chien_Robot/install/unitree_nav_interfaces/include/unitree_nav_interfaces/unitree_nav_interfaces/srv/detail/set_body_rpy__type_support.cpp
-- Installing: /home/sora/travail/m2/s10/PFE_Transport_Chien_Robot/install/unitree_nav_interfaces/lib/libunitree_nav_interfaces__rosidl_typesupport_introspection_cpp.so
-- Set runtime path of "/home/sora/travail/m2/s10/PFE_Transport_Chien_Robot/install/unitree_nav_interfaces/lib/libunitree_nav_interfaces__rosidl_typesupport_introspection_cpp.so" to ""
-- Installing: /home/sora/travail/m2/s10/PFE_Transport_Chien_Robot/install/unitree_nav_interfaces/lib/libunitree_nav_interfaces__rosidl_typesupport_cpp.so
-- Set runtime path of "/home/sora/travail/m2/s10/PFE_Transport_Chien_Robot/install/unitree_nav_interfaces/lib/libunitree_nav_interfaces__rosidl_typesupport_cpp.so" to ""
-- Installing: /home/sora/travail/m2/s10/PFE_Transport_Chien_Robot/install/unitree_nav_interfaces/share/unitree_nav_interfaces/environment/pythonpath.sh
-- Installing: /home/sora/travail/m2/s10/PFE_Transport_Chien_Robot/install/unitree_nav_interfaces/share/unitree_nav_interfaces/environment/pythonpath.dsv
-- Installing: /home/sora/travail/m2/s10/PFE_Transport_Chien_Robot/install/unitree_nav_interfaces/local/lib/python3.10/dist-packages/unitree_nav_interfaces-0.0.0-py3.10.egg-info
-- Installing: /home/sora/travail/m2/s10/PFE_Transport_Chien_Robot/install/unitree_nav_interfaces/local/lib/python3.10/dist-packages/unitree_nav_interfaces-0.0.0-py3.10.egg-info/PKG-INFO
-- Installing: /home/sora/travail/m2/s10/PFE_Transport_Chien_Robot/install/unitree_nav_interfaces/local/lib/python3.10/dist-packages/unitree_nav_interfaces-0.0.0-py3.10.egg-info/top_level.txt
-- Installing: /home/sora/travail/m2/s10/PFE_Transport_Chien_Robot/install/unitree_nav_interfaces/local/lib/python3.10/dist-packages/unitree_nav_interfaces-0.0.0-py3.10.egg-info/dependency_links.txt
-- Installing: /home/sora/travail/m2/s10/PFE_Transport_Chien_Robot/install/unitree_nav_interfaces/local/lib/python3.10/dist-packages/unitree_nav_interfaces-0.0.0-py3.10.egg-info/SOURCES.txt
-- Installing: /home/sora/travail/m2/s10/PFE_Transport_Chien_Robot/install/unitree_nav_interfaces/local/lib/python3.10/dist-packages/unitree_nav_interfaces
-- Installing: /home/sora/travail/m2/s10/PFE_Transport_Chien_Robot/install/unitree_nav_interfaces/local/lib/python3.10/dist-packages/unitree_nav_interfaces/libunitree_nav_interfaces_srv__rosidl_generator_py.so
-- Installing: /home/sora/travail/m2/s10/PFE_Transport_Chien_Robot/install/unitree_nav_interfaces/local/lib/python3.10/dist-packages/unitree_nav_interfaces/unitree_nav_interfaces_s__rosidl_typesupport_fastrtps_c.cpython-310-x86_64-linux-gnu.so
-- Installing: /home/sora/travail/m2/s10/PFE_Transport_Chien_Robot/install/unitree_nav_interfaces/local/lib/python3.10/dist-packages/unitree_nav_interfaces/unitree_nav_interfaces_s__rosidl_typesupport_introspection_c.cpython-310-x86_64-linux-gnu.so
-- Installing: /home/sora/travail/m2/s10/PFE_Transport_Chien_Robot/install/unitree_nav_interfaces/local/lib/python3.10/dist-packages/unitree_nav_interfaces/_unitree_nav_interfaces_s.ep.rosidl_typesupport_c.c
-- Installing: /home/sora/travail/m2/s10/PFE_Transport_Chien_Robot/install/unitree_nav_interfaces/local/lib/python3.10/dist-packages/unitree_nav_interfaces/_unitree_nav_interfaces_s.ep.rosidl_typesupport_introspection_c.c
-- Installing: /home/sora/travail/m2/s10/PFE_Transport_Chien_Robot/install/unitree_nav_interfaces/local/lib/python3.10/dist-packages/unitree_nav_interfaces/_unitree_nav_interfaces_s.ep.rosidl_typesupport_fastrtps_c.c
-- Installing: /home/sora/travail/m2/s10/PFE_Transport_Chien_Robot/install/unitree_nav_interfaces/local/lib/python3.10/dist-packages/unitree_nav_interfaces/unitree_nav_interfaces_s__rosidl_typesupport_c.cpython-310-x86_64-linux-gnu.so
-- Installing: /home/sora/travail/m2/s10/PFE_Transport_Chien_Robot/install/unitree_nav_interfaces/local/lib/python3.10/dist-packages/unitree_nav_interfaces/__init__.py
-- Installing: /home/sora/travail/m2/s10/PFE_Transport_Chien_Robot/install/unitree_nav_interfaces/local/lib/python3.10/dist-packages/unitree_nav_interfaces/srv
-- Installing: /home/sora/travail/m2/s10/PFE_Transport_Chien_Robot/install/unitree_nav_interfaces/local/lib/python3.10/dist-packages/unitree_nav_interfaces/srv/_nav_to_pose.py
-- Installing: /home/sora/travail/m2/s10/PFE_Transport_Chien_Robot/install/unitree_nav_interfaces/local/lib/python3.10/dist-packages/unitree_nav_interfaces/srv/_set_body_rpy.py
-- Installing: /home/sora/travail/m2/s10/PFE_Transport_Chien_Robot/install/unitree_nav_interfaces/local/lib/python3.10/dist-packages/unitree_nav_interfaces/srv/_nav_to_pose_s.c
-- Installing: /home/sora/travail/m2/s10/PFE_Transport_Chien_Robot/install/unitree_nav_interfaces/local/lib/python3.10/dist-packages/unitree_nav_interfaces/srv/__init__.py
-- Installing: /home/sora/travail/m2/s10/PFE_Transport_Chien_Robot/install/unitree_nav_interfaces/local/lib/python3.10/dist-packages/unitree_nav_interfaces/srv/_set_body_rpy_s.c
Listing '/home/sora/travail/m2/s10/PFE_Transport_Chien_Robot/install/unitree_nav_interfaces/local/lib/python3.10/dist-packages/unitree_nav_interfaces'...
Compiling '/home/sora/travail/m2/s10/PFE_Transport_Chien_Robot/install/unitree_nav_interfaces/local/lib/python3.10/dist-packages/unitree_nav_interfaces/__init__.py'...
Listing '/home/sora/travail/m2/s10/PFE_Transport_Chien_Robot/install/unitree_nav_interfaces/local/lib/python3.10/dist-packages/unitree_nav_interfaces/srv'...
Compiling '/home/sora/travail/m2/s10/PFE_Transport_Chien_Robot/install/unitree_nav_interfaces/local/lib/python3.10/dist-packages/unitree_nav_interfaces/srv/__init__.py'...
Compiling '/home/sora/travail/m2/s10/PFE_Transport_Chien_Robot/install/unitree_nav_interfaces/local/lib/python3.10/dist-packages/unitree_nav_interfaces/srv/_nav_to_pose.py'...
Compiling '/home/sora/travail/m2/s10/PFE_Transport_Chien_Robot/install/unitree_nav_interfaces/local/lib/python3.10/dist-packages/unitree_nav_interfaces/srv/_set_body_rpy.py'...
-- Installing: /home/sora/travail/m2/s10/PFE_Transport_Chien_Robot/install/unitree_nav_interfaces/local/lib/python3.10/dist-packages/unitree_nav_interfaces/unitree_nav_interfaces_s__rosidl_typesupport_fastrtps_c.cpython-310-x86_64-linux-gnu.so
-- Set runtime path of "/home/sora/travail/m2/s10/PFE_Transport_Chien_Robot/install/unitree_nav_interfaces/local/lib/python3.10/dist-packages/unitree_nav_interfaces/unitree_nav_interfaces_s__rosidl_typesupport_fastrtps_c.cpython-310-x86_64-linux-gnu.so" to ""
-- Installing: /home/sora/travail/m2/s10/PFE_Transport_Chien_Robot/install/unitree_nav_interfaces/local/lib/python3.10/dist-packages/unitree_nav_interfaces/unitree_nav_interfaces_s__rosidl_typesupport_introspection_c.cpython-310-x86_64-linux-gnu.so
-- Set runtime path of "/home/sora/travail/m2/s10/PFE_Transport_Chien_Robot/install/unitree_nav_interfaces/local/lib/python3.10/dist-packages/unitree_nav_interfaces/unitree_nav_interfaces_s__rosidl_typesupport_introspection_c.cpython-310-x86_64-linux-gnu.so" to ""
-- Installing: /home/sora/travail/m2/s10/PFE_Transport_Chien_Robot/install/unitree_nav_interfaces/local/lib/python3.10/dist-packages/unitree_nav_interfaces/unitree_nav_interfaces_s__rosidl_typesupport_c.cpython-310-x86_64-linux-gnu.so
-- Set runtime path of "/home/sora/travail/m2/s10/PFE_Transport_Chien_Robot/install/unitree_nav_interfaces/local/lib/python3.10/dist-packages/unitree_nav_interfaces/unitree_nav_interfaces_s__rosidl_typesupport_c.cpython-310-x86_64-linux-gnu.so" to ""
-- Installing: /home/sora/travail/m2/s10/PFE_Transport_Chien_Robot/install/unitree_nav_interfaces/lib/libunitree_nav_interfaces_srv__rosidl_generator_py.so
-- Set runtime path of "/home/sora/travail/m2/s10/PFE_Transport_Chien_Robot/install/unitree_nav_interfaces/lib/libunitree_nav_interfaces_srv__rosidl_generator_py.so" to ""
-- Installing: /home/sora/travail/m2/s10/PFE_Transport_Chien_Robot/install/unitree_nav_interfaces/share/unitree_nav_interfaces/srv/SetBodyRPY.idl
-- Installing: /home/sora/travail/m2/s10/PFE_Transport_Chien_Robot/install/unitree_nav_interfaces/share/unitree_nav_interfaces/srv/NavToPose.idl
-- Installing: /home/sora/travail/m2/s10/PFE_Transport_Chien_Robot/install/unitree_nav_interfaces/share/unitree_nav_interfaces/srv/SetBodyRPY.srv
-- Installing: /home/sora/travail/m2/s10/PFE_Transport_Chien_Robot/install/unitree_nav_interfaces/share/unitree_nav_interfaces/srv/SetBodyRPY_Request.msg
-- Installing: /home/sora/travail/m2/s10/PFE_Transport_Chien_Robot/install/unitree_nav_interfaces/share/unitree_nav_interfaces/srv/SetBodyRPY_Response.msg
-- Installing: /home/sora/travail/m2/s10/PFE_Transport_Chien_Robot/install/unitree_nav_interfaces/share/unitree_nav_interfaces/srv/NavToPose.srv
-- Installing: /home/sora/travail/m2/s10/PFE_Transport_Chien_Robot/install/unitree_nav_interfaces/share/unitree_nav_interfaces/srv/NavToPose_Request.msg
-- Installing: /home/sora/travail/m2/s10/PFE_Transport_Chien_Robot/install/unitree_nav_interfaces/share/unitree_nav_interfaces/srv/NavToPose_Response.msg
-- Installing: /home/sora/travail/m2/s10/PFE_Transport_Chien_Robot/install/unitree_nav_interfaces/share/ament_index/resource_index/package_run_dependencies/unitree_nav_interfaces
-- Installing: /home/sora/travail/m2/s10/PFE_Transport_Chien_Robot/install/unitree_nav_interfaces/share/ament_index/resource_index/parent_prefix_path/unitree_nav_interfaces
-- Installing: /home/sora/travail/m2/s10/PFE_Transport_Chien_Robot/install/unitree_nav_interfaces/share/unitree_nav_interfaces/environment/ament_prefix_path.sh
-- Installing: /home/sora/travail/m2/s10/PFE_Transport_Chien_Robot/install/unitree_nav_interfaces/share/unitree_nav_interfaces/environment/ament_prefix_path.dsv
-- Installing: /home/sora/travail/m2/s10/PFE_Transport_Chien_Robot/install/unitree_nav_interfaces/share/unitree_nav_interfaces/environment/path.sh
-- Installing: /home/sora/travail/m2/s10/PFE_Transport_Chien_Robot/install/unitree_nav_interfaces/share/unitree_nav_interfaces/environment/path.dsv
-- Installing: /home/sora/travail/m2/s10/PFE_Transport_Chien_Robot/install/unitree_nav_interfaces/share/unitree_nav_interfaces/local_setup.bash
-- Installing: /home/sora/travail/m2/s10/PFE_Transport_Chien_Robot/install/unitree_nav_interfaces/share/unitree_nav_interfaces/local_setup.sh
-- Installing: /home/sora/travail/m2/s10/PFE_Transport_Chien_Robot/install/unitree_nav_interfaces/share/unitree_nav_interfaces/local_setup.zsh
-- Installing: /home/sora/travail/m2/s10/PFE_Transport_Chien_Robot/install/unitree_nav_interfaces/share/unitree_nav_interfaces/local_setup.dsv
-- Installing: /home/sora/travail/m2/s10/PFE_Transport_Chien_Robot/install/unitree_nav_interfaces/share/unitree_nav_interfaces/package.dsv
-- Installing: /home/sora/travail/m2/s10/PFE_Transport_Chien_Robot/install/unitree_nav_interfaces/share/ament_index/resource_index/packages/unitree_nav_interfaces
-- Installing: /home/sora/travail/m2/s10/PFE_Transport_Chien_Robot/install/unitree_nav_interfaces/share/unitree_nav_interfaces/cmake/export_unitree_nav_interfaces_srv__rosidl_generator_cExport.cmake
-- Installing: /home/sora/travail/m2/s10/PFE_Transport_Chien_Robot/install/unitree_nav_interfaces/share/unitree_nav_interfaces/cmake/export_unitree_nav_interfaces_srv__rosidl_generator_cExport-noconfig.cmake
-- Installing: /home/sora/travail/m2/s10/PFE_Transport_Chien_Robot/install/unitree_nav_interfaces/share/unitree_nav_interfaces/cmake/export_unitree_nav_interfaces_srv__rosidl_typesupport_fastrtps_cExport.cmake
-- Installing: /home/sora/travail/m2/s10/PFE_Transport_Chien_Robot/install/unitree_nav_interfaces/share/unitree_nav_interfaces/cmake/export_unitree_nav_interfaces_srv__rosidl_typesupport_fastrtps_cExport-noconfig.cmake
-- Installing: /home/sora/travail/m2/s10/PFE_Transport_Chien_Robot/install/unitree_nav_interfaces/share/unitree_nav_interfaces/cmake/export_unitree_nav_interfaces_srv__rosidl_generator_cppExport.cmake
-- Installing: /home/sora/travail/m2/s10/PFE_Transport_Chien_Robot/install/unitree_nav_interfaces/share/unitree_nav_interfaces/cmake/export_unitree_nav_interfaces_srv__rosidl_typesupport_fastrtps_cppExport.cmake
-- Installing: /home/sora/travail/m2/s10/PFE_Transport_Chien_Robot/install/unitree_nav_interfaces/share/unitree_nav_interfaces/cmake/export_unitree_nav_interfaces_srv__rosidl_typesupport_fastrtps_cppExport-noconfig.cmake
-- Installing: /home/sora/travail/m2/s10/PFE_Transport_Chien_Robot/install/unitree_nav_interfaces/share/unitree_nav_interfaces/cmake/unitree_nav_interfaces_srv__rosidl_typesupport_introspection_cExport.cmake
-- Installing: /home/sora/travail/m2/s10/PFE_Transport_Chien_Robot/install/unitree_nav_interfaces/share/unitree_nav_interfaces/cmake/unitree_nav_interfaces_srv__rosidl_typesupport_introspection_cExport-noconfig.cmake
-- Installing: /home/sora/travail/m2/s10/PFE_Transport_Chien_Robot/install/unitree_nav_interfaces/share/unitree_nav_interfaces/cmake/unitree_nav_interfaces_srv__rosidl_typesupport_cExport.cmake
-- Installing: /home/sora/travail/m2/s10/PFE_Transport_Chien_Robot/install/unitree_nav_interfaces/share/unitree_nav_interfaces/cmake/unitree_nav_interfaces_srv__rosidl_typesupport_cExport-noconfig.cmake
-- Installing: /home/sora/travail/m2/s10/PFE_Transport_Chien_Robot/install/unitree_nav_interfaces/share/unitree_nav_interfaces/cmake/unitree_nav_interfaces_srv__rosidl_typesupport_introspection_cppExport.cmake
-- Installing: /home/sora/travail/m2/s10/PFE_Transport_Chien_Robot/install/unitree_nav_interfaces/share/unitree_nav_interfaces/cmake/unitree_nav_interfaces_srv__rosidl_typesupport_introspection_cppExport-noconfig.cmake
-- Installing: /home/sora/travail/m2/s10/PFE_Transport_Chien_Robot/install/unitree_nav_interfaces/share/unitree_nav_interfaces/cmake/unitree_nav_interfaces_srv__rosidl_typesupport_cppExport.cmake
-- Installing: /home/sora/travail/m2/s10/PFE_Transport_Chien_Robot/install/unitree_nav_interfaces/share/unitree_nav_interfaces/cmake/unitree_nav_interfaces_srv__rosidl_typesupport_cppExport-noconfig.cmake
-- Installing: /home/sora/travail/m2/s10/PFE_Transport_Chien_Robot/install/unitree_nav_interfaces/share/unitree_nav_interfaces/cmake/export_unitree_nav_interfaces_srv__rosidl_generator_pyExport.cmake
-- Installing: /home/sora/travail/m2/s10/PFE_Transport_Chien_Robot/install/unitree_nav_interfaces/share/unitree_nav_interfaces/cmake/export_unitree_nav_interfaces_srv__rosidl_generator_pyExport-noconfig.cmake
-- Installing: /home/sora/travail/m2/s10/PFE_Transport_Chien_Robot/install/unitree_nav_interfaces/share/unitree_nav_interfaces/cmake/ament_cmake_export_dependencies-extras.cmake
-- Installing: /home/sora/travail/m2/s10/PFE_Transport_Chien_Robot/install/unitree_nav_interfaces/share/unitree_nav_interfaces/cmake/rosidl_cmake-extras.cmake
-- Installing: /home/sora/travail/m2/s10/PFE_Transport_Chien_Robot/install/unitree_nav_interfaces/share/unitree_nav_interfaces/cmake/ament_cmake_export_include_directories-extras.cmake
-- Installing: /home/sora/travail/m2/s10/PFE_Transport_Chien_Robot/install/unitree_nav_interfaces/share/unitree_nav_interfaces/cmake/ament_cmake_export_libraries-extras.cmake
-- Installing: /home/sora/travail/m2/s10/PFE_Transport_Chien_Robot/install/unitree_nav_interfaces/share/unitree_nav_interfaces/cmake/ament_cmake_export_targets-extras.cmake
-- Installing: /home/sora/travail/m2/s10/PFE_Transport_Chien_Robot/install/unitree_nav_interfaces/share/unitree_nav_interfaces/cmake/rosidl_cmake_export_typesupport_targets-extras.cmake
-- Installing: /home/sora/travail/m2/s10/PFE_Transport_Chien_Robot/install/unitree_nav_interfaces/share/unitree_nav_interfaces/cmake/rosidl_cmake_export_typesupport_libraries-extras.cmake
-- Installing: /home/sora/travail/m2/s10/PFE_Transport_Chien_Robot/install/unitree_nav_interfaces/share/unitree_nav_interfaces/cmake/unitree_nav_interfacesConfig.cmake
-- Installing: /home/sora/travail/m2/s10/PFE_Transport_Chien_Robot/install/unitree_nav_interfaces/share/unitree_nav_interfaces/cmake/unitree_nav_interfacesConfig-version.cmake
-- Installing: /home/sora/travail/m2/s10/PFE_Transport_Chien_Robot/install/unitree_nav_interfaces/share/unitree_nav_interfaces/package.xml
