[0.093s] Invoking command in '/home/sora/travail/m2/s10/PFE_Transport_Chien_Robot/build/unitree_nav_interfaces': CMAKE_PREFIX_PATH=${CMAKE_PREFIX_PATH}:/home/sora/travail/m2/s10/PFE_Transport_Chien_Robot/install/unitree_nav_launch_module:/opt/ros/humble /usr/bin/cmake /home/sora/travail/m2/s10/PFE_Transport_Chien_Robot/src/unitree_nav/unitree_nav_interfaces -DCMAKE_INSTALL_PREFIX=/home/sora/travail/m2/s10/PFE_Transport_Chien_Robot/install/unitree_nav_interfaces
[0.122s] -- The C compiler identification is GNU 11.4.0
[0.155s] -- The CXX compiler identification is GNU 11.4.0
[0.159s] -- Detecting C compiler ABI info
[0.203s] -- Detecting C compiler ABI info - done
[0.210s] -- Check for working C compiler: /usr/bin/cc - skipped
[0.210s] -- Detecting C compile features
[0.210s] -- Detecting C compile features - done
[0.212s] -- Detecting CXX compiler ABI info
[0.262s] -- Detecting CXX compiler ABI info - done
[0.266s] -- Check for working CXX compiler: /usr/bin/c++ - skipped
[0.267s] -- Detecting CXX compile features
[0.267s] -- Detecting CXX compile features - done
[0.268s] -- Found ament_cmake: 1.3.7 (/opt/ros/humble/share/ament_cmake/cmake)
[0.387s] -- Found Python3: /usr/bin/python3.10 (found version "3.10.12") found components: Interpreter 
[0.447s] -- Found geometry_msgs: 4.2.3 (/opt/ros/humble/share/geometry_msgs/cmake)
[0.473s] -- Found rosidl_generator_c: 3.1.5 (/opt/ros/humble/share/rosidl_generator_c/cmake)
[0.476s] -- Found rosidl_adapter: 3.1.5 (/opt/ros/humble/share/rosidl_adapter/cmake)
[0.482s] -- Found rosidl_generator_cpp: 3.1.5 (/opt/ros/humble/share/rosidl_generator_cpp/cmake)
[0.492s] -- Using all available rosidl_typesupport_c: rosidl_typesupport_fastrtps_c;rosidl_typesupport_introspection_c
[0.505s] -- Using all available rosidl_typesupport_cpp: rosidl_typesupport_fastrtps_cpp;rosidl_typesupport_introspection_cpp
[0.591s] -- Found rosidl_default_generators: 1.2.0 (/opt/ros/humble/share/rosidl_default_generators/cmake)
[0.785s] -- Found ament_cmake_ros: 0.10.0 (/opt/ros/humble/share/ament_cmake_ros/cmake)
[1.017s] -- Using all available rosidl_typesupport_c: rosidl_typesupport_fastrtps_c;rosidl_typesupport_introspection_c
[1.115s] -- Using all available rosidl_typesupport_cpp: rosidl_typesupport_fastrtps_cpp;rosidl_typesupport_introspection_cpp
[1.131s] -- Found PythonInterp: /usr/bin/python3 (found suitable version "3.10.12", minimum required is "3.6") 
[1.132s] -- Found python_cmake_module: 0.10.0 (/opt/ros/humble/share/python_cmake_module/cmake)
[1.150s] -- Found PythonLibs: /usr/lib/x86_64-linux-gnu/libpython3.10.so (found suitable version "3.10.12", minimum required is "3.5") 
[1.150s] -- Using PYTHON_EXECUTABLE: /usr/bin/python3
[1.151s] -- Using PYTHON_INCLUDE_DIRS: /usr/include/python3.10
[1.151s] -- Using PYTHON_LIBRARIES: /usr/lib/x86_64-linux-gnu/libpython3.10.so
[1.165s] -- Found PythonExtra: .so  
[1.207s] -- Found ament_lint_auto: 0.12.10 (/opt/ros/humble/share/ament_lint_auto/cmake)
[1.219s] -- Added test 'lint_cmake' to check CMake code style
[1.220s] -- Added test 'xmllint' to check XML markup files
[1.221s] -- Configuring done
[1.243s] -- Generating done
[1.245s] -- Build files have been written to: /home/sora/travail/m2/s10/PFE_Transport_Chien_Robot/build/unitree_nav_interfaces
[1.251s] Invoked command in '/home/sora/travail/m2/s10/PFE_Transport_Chien_Robot/build/unitree_nav_interfaces' returned '0': CMAKE_PREFIX_PATH=${CMAKE_PREFIX_PATH}:/home/sora/travail/m2/s10/PFE_Transport_Chien_Robot/install/unitree_nav_launch_module:/opt/ros/humble /usr/bin/cmake /home/sora/travail/m2/s10/PFE_Transport_Chien_Robot/src/unitree_nav/unitree_nav_interfaces -DCMAKE_INSTALL_PREFIX=/home/sora/travail/m2/s10/PFE_Transport_Chien_Robot/install/unitree_nav_interfaces
[1.253s] Invoking command in '/home/sora/travail/m2/s10/PFE_Transport_Chien_Robot/build/unitree_nav_interfaces': CMAKE_PREFIX_PATH=${CMAKE_PREFIX_PATH}:/home/sora/travail/m2/s10/PFE_Transport_Chien_Robot/install/unitree_nav_launch_module:/opt/ros/humble /usr/bin/cmake --build /home/sora/travail/m2/s10/PFE_Transport_Chien_Robot/build/unitree_nav_interfaces -- -j24 -l24
[1.279s] [  2%] [34m[1mGenerating C code for ROS interfaces[0m
[1.285s] [  5%] [34m[1mGenerating C++ code for ROS interfaces[0m
[1.290s] [  5%] Built target ament_cmake_python_copy_unitree_nav_interfaces
[1.458s] running egg_info
[1.458s] creating unitree_nav_interfaces.egg-info
[1.459s] writing unitree_nav_interfaces.egg-info/PKG-INFO
[1.459s] writing dependency_links to unitree_nav_interfaces.egg-info/dependency_links.txt
[1.459s] writing top-level names to unitree_nav_interfaces.egg-info/top_level.txt
[1.459s] writing manifest file 'unitree_nav_interfaces.egg-info/SOURCES.txt'
[1.460s] reading manifest file 'unitree_nav_interfaces.egg-info/SOURCES.txt'
[1.460s] writing manifest file 'unitree_nav_interfaces.egg-info/SOURCES.txt'
[1.480s] [  5%] Built target ament_cmake_python_build_unitree_nav_interfaces_egg
[1.560s] [  5%] Built target unitree_nav_interfaces_srv__cpp
[1.568s] [  7%] [34m[1mGenerating C++ type support dispatch for ROS interfaces[0m
[1.568s] [ 10%] [32mBuilding C object CMakeFiles/unitree_nav_interfaces_srv__rosidl_generator_c.dir/rosidl_generator_c/unitree_nav_interfaces/srv/detail/set_body_rpy__functions.c.o[0m
[1.568s] [ 15%] [34m[1mGenerating C++ type support for eProsima Fast-RTPS[0m
[1.568s] [ 15%] [32mBuilding C object CMakeFiles/unitree_nav_interfaces_srv__rosidl_generator_c.dir/rosidl_generator_c/unitree_nav_interfaces/srv/detail/nav_to_pose__functions.c.o[0m
[1.568s] [ 17%] [34m[1mGenerating C++ introspection for ROS interfaces[0m
[1.614s] [ 20%] [32m[1mLinking C shared library libunitree_nav_interfaces__rosidl_generator_c.so[0m
[1.643s] [ 20%] Built target unitree_nav_interfaces_srv__rosidl_generator_c
[1.651s] [ 23%] [34m[1mGenerating C type support for eProsima Fast-RTPS[0m
[1.651s] [ 28%] [34m[1mGenerating C introspection for ROS interfaces[0m
[1.651s] [ 28%] [34m[1mGenerating C type support dispatch for ROS interfaces[0m
[1.844s] [ 30%] [32mBuilding CXX object CMakeFiles/unitree_nav_interfaces_srv__rosidl_typesupport_cpp.dir/rosidl_typesupport_cpp/unitree_nav_interfaces/srv/set_body_rpy__type_support.cpp.o[0m
[1.848s] [ 33%] [32mBuilding CXX object CMakeFiles/unitree_nav_interfaces_srv__rosidl_typesupport_cpp.dir/rosidl_typesupport_cpp/unitree_nav_interfaces/srv/nav_to_pose__type_support.cpp.o[0m
[1.870s] [ 35%] [32mBuilding CXX object CMakeFiles/unitree_nav_interfaces_srv__rosidl_typesupport_introspection_cpp.dir/rosidl_typesupport_introspection_cpp/unitree_nav_interfaces/srv/detail/set_body_rpy__type_support.cpp.o[0m
[1.875s] [ 38%] [32mBuilding CXX object CMakeFiles/unitree_nav_interfaces_srv__rosidl_typesupport_introspection_cpp.dir/rosidl_typesupport_introspection_cpp/unitree_nav_interfaces/srv/detail/nav_to_pose__type_support.cpp.o[0m
[1.903s] [ 41%] [32mBuilding CXX object CMakeFiles/unitree_nav_interfaces_srv__rosidl_typesupport_fastrtps_cpp.dir/rosidl_typesupport_fastrtps_cpp/unitree_nav_interfaces/srv/detail/dds_fastrtps/set_body_rpy__type_support.cpp.o[0m
[1.904s] [ 43%] [32mBuilding CXX object CMakeFiles/unitree_nav_interfaces_srv__rosidl_typesupport_fastrtps_cpp.dir/rosidl_typesupport_fastrtps_cpp/unitree_nav_interfaces/srv/detail/dds_fastrtps/nav_to_pose__type_support.cpp.o[0m
[1.974s] [ 46%] [32mBuilding CXX object CMakeFiles/unitree_nav_interfaces_srv__rosidl_typesupport_c.dir/rosidl_typesupport_c/unitree_nav_interfaces/srv/set_body_rpy__type_support.cpp.o[0m
[1.976s] [ 48%] [32mBuilding CXX object CMakeFiles/unitree_nav_interfaces_srv__rosidl_typesupport_c.dir/rosidl_typesupport_c/unitree_nav_interfaces/srv/nav_to_pose__type_support.cpp.o[0m
[2.029s] [ 51%] [32m[1mLinking CXX shared library libunitree_nav_interfaces__rosidl_typesupport_c.so[0m
[2.044s] [ 53%] [32mBuilding C object CMakeFiles/unitree_nav_interfaces_srv__rosidl_typesupport_introspection_c.dir/rosidl_typesupport_introspection_c/unitree_nav_interfaces/srv/detail/set_body_rpy__type_support.c.o[0m
[2.044s] [ 56%] [32mBuilding C object CMakeFiles/unitree_nav_interfaces_srv__rosidl_typesupport_introspection_c.dir/rosidl_typesupport_introspection_c/unitree_nav_interfaces/srv/detail/nav_to_pose__type_support.c.o[0m
[2.073s] [ 58%] [32mBuilding CXX object CMakeFiles/unitree_nav_interfaces_srv__rosidl_typesupport_fastrtps_c.dir/rosidl_typesupport_fastrtps_c/unitree_nav_interfaces/srv/detail/nav_to_pose__type_support_c.cpp.o[0m
[2.077s] [ 61%] [32mBuilding CXX object CMakeFiles/unitree_nav_interfaces_srv__rosidl_typesupport_fastrtps_c.dir/rosidl_typesupport_fastrtps_c/unitree_nav_interfaces/srv/detail/set_body_rpy__type_support_c.cpp.o[0m
[2.101s] [ 61%] Built target unitree_nav_interfaces_srv__rosidl_typesupport_c
[2.103s] [ 64%] [32m[1mLinking C shared library libunitree_nav_interfaces__rosidl_typesupport_introspection_c.so[0m
[2.134s] [ 64%] Built target unitree_nav_interfaces_srv__rosidl_typesupport_introspection_c
[2.287s] [ 66%] [32m[1mLinking CXX shared library libunitree_nav_interfaces__rosidl_typesupport_introspection_cpp.so[0m
[2.321s] [ 69%] [32m[1mLinking CXX shared library libunitree_nav_interfaces__rosidl_typesupport_cpp.so[0m
[2.329s] [ 69%] Built target unitree_nav_interfaces_srv__rosidl_typesupport_introspection_cpp
[2.359s] [ 69%] Built target unitree_nav_interfaces_srv__rosidl_typesupport_cpp
[2.497s] [ 71%] [32m[1mLinking CXX shared library libunitree_nav_interfaces__rosidl_typesupport_fastrtps_cpp.so[0m
[2.505s] [ 74%] [32m[1mLinking CXX shared library libunitree_nav_interfaces__rosidl_typesupport_fastrtps_c.so[0m
[2.564s] [ 74%] Built target unitree_nav_interfaces_srv__rosidl_typesupport_fastrtps_cpp
[2.571s] [ 74%] Built target unitree_nav_interfaces_srv__rosidl_typesupport_fastrtps_c
[2.586s] [ 74%] Built target unitree_nav_interfaces_srv
[2.603s] [ 76%] [34m[1mGenerating Python code for ROS interfaces[0m
[3.640s] [ 76%] Built target unitree_nav_interfaces_srv__py
[3.673s] [ 79%] [32mBuilding C object CMakeFiles/unitree_nav_interfaces_srv__rosidl_generator_py.dir/rosidl_generator_py/unitree_nav_interfaces/srv/_set_body_rpy_s.c.o[0m
[3.677s] [ 82%] [32mBuilding C object CMakeFiles/unitree_nav_interfaces_srv__rosidl_generator_py.dir/rosidl_generator_py/unitree_nav_interfaces/srv/_nav_to_pose_s.c.o[0m
[3.886s] [ 84%] [32m[1mLinking C shared library rosidl_generator_py/unitree_nav_interfaces/libunitree_nav_interfaces_srv__rosidl_generator_py.so[0m
[3.981s] [ 84%] Built target unitree_nav_interfaces_srv__rosidl_generator_py
[4.021s] [ 87%] [32mBuilding C object CMakeFiles/unitree_nav_interfaces__rosidl_typesupport_fastrtps_c__pyext.dir/rosidl_generator_py/unitree_nav_interfaces/_unitree_nav_interfaces_s.ep.rosidl_typesupport_fastrtps_c.c.o[0m
[4.030s] [ 89%] [32mBuilding C object CMakeFiles/unitree_nav_interfaces__rosidl_typesupport_introspection_c__pyext.dir/rosidl_generator_py/unitree_nav_interfaces/_unitree_nav_interfaces_s.ep.rosidl_typesupport_introspection_c.c.o[0m
[4.034s] [ 92%] [32mBuilding C object CMakeFiles/unitree_nav_interfaces__rosidl_typesupport_c__pyext.dir/rosidl_generator_py/unitree_nav_interfaces/_unitree_nav_interfaces_s.ep.rosidl_typesupport_c.c.o[0m
[4.224s] [ 94%] [32m[1mLinking C shared library rosidl_generator_py/unitree_nav_interfaces/unitree_nav_interfaces_s__rosidl_typesupport_fastrtps_c.cpython-310-x86_64-linux-gnu.so[0m
[4.227s] [ 97%] [32m[1mLinking C shared library rosidl_generator_py/unitree_nav_interfaces/unitree_nav_interfaces_s__rosidl_typesupport_c.cpython-310-x86_64-linux-gnu.so[0m
[4.231s] [100%] [32m[1mLinking C shared library rosidl_generator_py/unitree_nav_interfaces/unitree_nav_interfaces_s__rosidl_typesupport_introspection_c.cpython-310-x86_64-linux-gnu.so[0m
[4.266s] [100%] Built target unitree_nav_interfaces__rosidl_typesupport_fastrtps_c__pyext
[4.268s] [100%] Built target unitree_nav_interfaces__rosidl_typesupport_c__pyext
[4.271s] [100%] Built target unitree_nav_interfaces__rosidl_typesupport_introspection_c__pyext
[4.281s] Invoked command in '/home/sora/travail/m2/s10/PFE_Transport_Chien_Robot/build/unitree_nav_interfaces' returned '0': CMAKE_PREFIX_PATH=${CMAKE_PREFIX_PATH}:/home/sora/travail/m2/s10/PFE_Transport_Chien_Robot/install/unitree_nav_launch_module:/opt/ros/humble /usr/bin/cmake --build /home/sora/travail/m2/s10/PFE_Transport_Chien_Robot/build/unitree_nav_interfaces -- -j24 -l24
[4.339s] Invoking command in '/home/sora/travail/m2/s10/PFE_Transport_Chien_Robot/build/unitree_nav_interfaces': CMAKE_PREFIX_PATH=${CMAKE_PREFIX_PATH}:/home/sora/travail/m2/s10/PFE_Transport_Chien_Robot/install/unitree_nav_launch_module:/opt/ros/humble /usr/bin/cmake --install /home/sora/travail/m2/s10/PFE_Transport_Chien_Robot/build/unitree_nav_interfaces
[4.344s] -- Install configuration: ""
[4.344s] -- Installing: /home/sora/travail/m2/s10/PFE_Transport_Chien_Robot/install/unitree_nav_interfaces/share/ament_index/resource_index/rosidl_interfaces/unitree_nav_interfaces
[4.344s] -- Installing: /home/sora/travail/m2/s10/PFE_Transport_Chien_Robot/install/unitree_nav_interfaces/include/unitree_nav_interfaces/unitree_nav_interfaces
[4.344s] -- Installing: /home/sora/travail/m2/s10/PFE_Transport_Chien_Robot/install/unitree_nav_interfaces/include/unitree_nav_interfaces/unitree_nav_interfaces/msg
[4.344s] -- Installing: /home/sora/travail/m2/s10/PFE_Transport_Chien_Robot/install/unitree_nav_interfaces/include/unitree_nav_interfaces/unitree_nav_interfaces/msg/rosidl_generator_c__visibility_control.h
[4.345s] -- Installing: /home/sora/travail/m2/s10/PFE_Transport_Chien_Robot/install/unitree_nav_interfaces/include/unitree_nav_interfaces/unitree_nav_interfaces/srv
[4.345s] -- Installing: /home/sora/travail/m2/s10/PFE_Transport_Chien_Robot/install/unitree_nav_interfaces/include/unitree_nav_interfaces/unitree_nav_interfaces/srv/set_body_rpy.h
[4.345s] -- Installing: /home/sora/travail/m2/s10/PFE_Transport_Chien_Robot/install/unitree_nav_interfaces/include/unitree_nav_interfaces/unitree_nav_interfaces/srv/detail
[4.345s] -- Installing: /home/sora/travail/m2/s10/PFE_Transport_Chien_Robot/install/unitree_nav_interfaces/include/unitree_nav_interfaces/unitree_nav_interfaces/srv/detail/nav_to_pose__functions.h
[4.345s] -- Installing: /home/sora/travail/m2/s10/PFE_Transport_Chien_Robot/install/unitree_nav_interfaces/include/unitree_nav_interfaces/unitree_nav_interfaces/srv/detail/nav_to_pose__struct.h
[4.345s] -- Installing: /home/sora/travail/m2/s10/PFE_Transport_Chien_Robot/install/unitree_nav_interfaces/include/unitree_nav_interfaces/unitree_nav_interfaces/srv/detail/nav_to_pose__type_support.h
[4.345s] -- Installing: /home/sora/travail/m2/s10/PFE_Transport_Chien_Robot/install/unitree_nav_interfaces/include/unitree_nav_interfaces/unitree_nav_interfaces/srv/detail/set_body_rpy__struct.h
[4.345s] -- Installing: /home/sora/travail/m2/s10/PFE_Transport_Chien_Robot/install/unitree_nav_interfaces/include/unitree_nav_interfaces/unitree_nav_interfaces/srv/detail/set_body_rpy__functions.h
[4.345s] -- Installing: /home/sora/travail/m2/s10/PFE_Transport_Chien_Robot/install/unitree_nav_interfaces/include/unitree_nav_interfaces/unitree_nav_interfaces/srv/detail/set_body_rpy__type_support.h
[4.345s] -- Installing: /home/sora/travail/m2/s10/PFE_Transport_Chien_Robot/install/unitree_nav_interfaces/include/unitree_nav_interfaces/unitree_nav_interfaces/srv/detail/set_body_rpy__functions.c
[4.345s] -- Installing: /home/sora/travail/m2/s10/PFE_Transport_Chien_Robot/install/unitree_nav_interfaces/include/unitree_nav_interfaces/unitree_nav_interfaces/srv/detail/nav_to_pose__functions.c
[4.345s] -- Installing: /home/sora/travail/m2/s10/PFE_Transport_Chien_Robot/install/unitree_nav_interfaces/include/unitree_nav_interfaces/unitree_nav_interfaces/srv/nav_to_pose.h
[4.345s] -- Installing: /home/sora/travail/m2/s10/PFE_Transport_Chien_Robot/install/unitree_nav_interfaces/share/unitree_nav_interfaces/environment/library_path.sh
[4.345s] -- Installing: /home/sora/travail/m2/s10/PFE_Transport_Chien_Robot/install/unitree_nav_interfaces/share/unitree_nav_interfaces/environment/library_path.dsv
[4.345s] -- Installing: /home/sora/travail/m2/s10/PFE_Transport_Chien_Robot/install/unitree_nav_interfaces/lib/libunitree_nav_interfaces__rosidl_generator_c.so
[4.345s] -- Set runtime path of "/home/sora/travail/m2/s10/PFE_Transport_Chien_Robot/install/unitree_nav_interfaces/lib/libunitree_nav_interfaces__rosidl_generator_c.so" to ""
[4.345s] -- Up-to-date: /home/sora/travail/m2/s10/PFE_Transport_Chien_Robot/install/unitree_nav_interfaces/include/unitree_nav_interfaces/unitree_nav_interfaces
[4.345s] -- Up-to-date: /home/sora/travail/m2/s10/PFE_Transport_Chien_Robot/install/unitree_nav_interfaces/include/unitree_nav_interfaces/unitree_nav_interfaces/msg
[4.345s] -- Installing: /home/sora/travail/m2/s10/PFE_Transport_Chien_Robot/install/unitree_nav_interfaces/include/unitree_nav_interfaces/unitree_nav_interfaces/msg/rosidl_typesupport_fastrtps_c__visibility_control.h
[4.345s] -- Up-to-date: /home/sora/travail/m2/s10/PFE_Transport_Chien_Robot/install/unitree_nav_interfaces/include/unitree_nav_interfaces/unitree_nav_interfaces/srv
[4.345s] -- Up-to-date: /home/sora/travail/m2/s10/PFE_Transport_Chien_Robot/install/unitree_nav_interfaces/include/unitree_nav_interfaces/unitree_nav_interfaces/srv/detail
[4.346s] -- Installing: /home/sora/travail/m2/s10/PFE_Transport_Chien_Robot/install/unitree_nav_interfaces/include/unitree_nav_interfaces/unitree_nav_interfaces/srv/detail/nav_to_pose__rosidl_typesupport_fastrtps_c.h
[4.346s] -- Installing: /home/sora/travail/m2/s10/PFE_Transport_Chien_Robot/install/unitree_nav_interfaces/include/unitree_nav_interfaces/unitree_nav_interfaces/srv/detail/set_body_rpy__rosidl_typesupport_fastrtps_c.h
[4.346s] -- Installing: /home/sora/travail/m2/s10/PFE_Transport_Chien_Robot/install/unitree_nav_interfaces/lib/libunitree_nav_interfaces__rosidl_typesupport_fastrtps_c.so
[4.346s] -- Set runtime path of "/home/sora/travail/m2/s10/PFE_Transport_Chien_Robot/install/unitree_nav_interfaces/lib/libunitree_nav_interfaces__rosidl_typesupport_fastrtps_c.so" to ""
[4.346s] -- Up-to-date: /home/sora/travail/m2/s10/PFE_Transport_Chien_Robot/install/unitree_nav_interfaces/include/unitree_nav_interfaces/unitree_nav_interfaces
[4.346s] -- Up-to-date: /home/sora/travail/m2/s10/PFE_Transport_Chien_Robot/install/unitree_nav_interfaces/include/unitree_nav_interfaces/unitree_nav_interfaces/srv
[4.346s] -- Up-to-date: /home/sora/travail/m2/s10/PFE_Transport_Chien_Robot/install/unitree_nav_interfaces/include/unitree_nav_interfaces/unitree_nav_interfaces/srv/detail
[4.346s] -- Installing: /home/sora/travail/m2/s10/PFE_Transport_Chien_Robot/install/unitree_nav_interfaces/include/unitree_nav_interfaces/unitree_nav_interfaces/srv/detail/nav_to_pose__builder.hpp
[4.346s] -- Installing: /home/sora/travail/m2/s10/PFE_Transport_Chien_Robot/install/unitree_nav_interfaces/include/unitree_nav_interfaces/unitree_nav_interfaces/srv/detail/nav_to_pose__traits.hpp
[4.346s] -- Installing: /home/sora/travail/m2/s10/PFE_Transport_Chien_Robot/install/unitree_nav_interfaces/include/unitree_nav_interfaces/unitree_nav_interfaces/srv/detail/set_body_rpy__traits.hpp
[4.346s] -- Installing: /home/sora/travail/m2/s10/PFE_Transport_Chien_Robot/install/unitree_nav_interfaces/include/unitree_nav_interfaces/unitree_nav_interfaces/srv/detail/set_body_rpy__builder.hpp
[4.346s] -- Installing: /home/sora/travail/m2/s10/PFE_Transport_Chien_Robot/install/unitree_nav_interfaces/include/unitree_nav_interfaces/unitree_nav_interfaces/srv/detail/set_body_rpy__struct.hpp
[4.346s] -- Installing: /home/sora/travail/m2/s10/PFE_Transport_Chien_Robot/install/unitree_nav_interfaces/include/unitree_nav_interfaces/unitree_nav_interfaces/srv/detail/nav_to_pose__struct.hpp
[4.346s] -- Installing: /home/sora/travail/m2/s10/PFE_Transport_Chien_Robot/install/unitree_nav_interfaces/include/unitree_nav_interfaces/unitree_nav_interfaces/srv/set_body_rpy.hpp
[4.346s] -- Installing: /home/sora/travail/m2/s10/PFE_Transport_Chien_Robot/install/unitree_nav_interfaces/include/unitree_nav_interfaces/unitree_nav_interfaces/srv/nav_to_pose.hpp
[4.346s] -- Up-to-date: /home/sora/travail/m2/s10/PFE_Transport_Chien_Robot/install/unitree_nav_interfaces/include/unitree_nav_interfaces/unitree_nav_interfaces
[4.346s] -- Up-to-date: /home/sora/travail/m2/s10/PFE_Transport_Chien_Robot/install/unitree_nav_interfaces/include/unitree_nav_interfaces/unitree_nav_interfaces/msg
[4.346s] -- Installing: /home/sora/travail/m2/s10/PFE_Transport_Chien_Robot/install/unitree_nav_interfaces/include/unitree_nav_interfaces/unitree_nav_interfaces/msg/rosidl_typesupport_fastrtps_cpp__visibility_control.h
[4.346s] -- Up-to-date: /home/sora/travail/m2/s10/PFE_Transport_Chien_Robot/install/unitree_nav_interfaces/include/unitree_nav_interfaces/unitree_nav_interfaces/srv
[4.346s] -- Up-to-date: /home/sora/travail/m2/s10/PFE_Transport_Chien_Robot/install/unitree_nav_interfaces/include/unitree_nav_interfaces/unitree_nav_interfaces/srv/detail
[4.346s] -- Installing: /home/sora/travail/m2/s10/PFE_Transport_Chien_Robot/install/unitree_nav_interfaces/include/unitree_nav_interfaces/unitree_nav_interfaces/srv/detail/set_body_rpy__rosidl_typesupport_fastrtps_cpp.hpp
[4.346s] -- Installing: /home/sora/travail/m2/s10/PFE_Transport_Chien_Robot/install/unitree_nav_interfaces/include/unitree_nav_interfaces/unitree_nav_interfaces/srv/detail/dds_fastrtps
[4.346s] -- Installing: /home/sora/travail/m2/s10/PFE_Transport_Chien_Robot/install/unitree_nav_interfaces/include/unitree_nav_interfaces/unitree_nav_interfaces/srv/detail/nav_to_pose__rosidl_typesupport_fastrtps_cpp.hpp
[4.346s] -- Installing: /home/sora/travail/m2/s10/PFE_Transport_Chien_Robot/install/unitree_nav_interfaces/lib/libunitree_nav_interfaces__rosidl_typesupport_fastrtps_cpp.so
[4.347s] -- Set runtime path of "/home/sora/travail/m2/s10/PFE_Transport_Chien_Robot/install/unitree_nav_interfaces/lib/libunitree_nav_interfaces__rosidl_typesupport_fastrtps_cpp.so" to ""
[4.347s] -- Up-to-date: /home/sora/travail/m2/s10/PFE_Transport_Chien_Robot/install/unitree_nav_interfaces/include/unitree_nav_interfaces/unitree_nav_interfaces
[4.347s] -- Up-to-date: /home/sora/travail/m2/s10/PFE_Transport_Chien_Robot/install/unitree_nav_interfaces/include/unitree_nav_interfaces/unitree_nav_interfaces/msg
[4.347s] -- Installing: /home/sora/travail/m2/s10/PFE_Transport_Chien_Robot/install/unitree_nav_interfaces/include/unitree_nav_interfaces/unitree_nav_interfaces/msg/rosidl_typesupport_introspection_c__visibility_control.h
[4.347s] -- Up-to-date: /home/sora/travail/m2/s10/PFE_Transport_Chien_Robot/install/unitree_nav_interfaces/include/unitree_nav_interfaces/unitree_nav_interfaces/srv
[4.347s] -- Up-to-date: /home/sora/travail/m2/s10/PFE_Transport_Chien_Robot/install/unitree_nav_interfaces/include/unitree_nav_interfaces/unitree_nav_interfaces/srv/detail
[4.347s] -- Installing: /home/sora/travail/m2/s10/PFE_Transport_Chien_Robot/install/unitree_nav_interfaces/include/unitree_nav_interfaces/unitree_nav_interfaces/srv/detail/nav_to_pose__type_support.c
[4.347s] -- Installing: /home/sora/travail/m2/s10/PFE_Transport_Chien_Robot/install/unitree_nav_interfaces/include/unitree_nav_interfaces/unitree_nav_interfaces/srv/detail/nav_to_pose__rosidl_typesupport_introspection_c.h
[4.347s] -- Installing: /home/sora/travail/m2/s10/PFE_Transport_Chien_Robot/install/unitree_nav_interfaces/include/unitree_nav_interfaces/unitree_nav_interfaces/srv/detail/set_body_rpy__rosidl_typesupport_introspection_c.h
[4.347s] -- Installing: /home/sora/travail/m2/s10/PFE_Transport_Chien_Robot/install/unitree_nav_interfaces/include/unitree_nav_interfaces/unitree_nav_interfaces/srv/detail/set_body_rpy__type_support.c
[4.347s] -- Installing: /home/sora/travail/m2/s10/PFE_Transport_Chien_Robot/install/unitree_nav_interfaces/lib/libunitree_nav_interfaces__rosidl_typesupport_introspection_c.so
[4.347s] -- Set runtime path of "/home/sora/travail/m2/s10/PFE_Transport_Chien_Robot/install/unitree_nav_interfaces/lib/libunitree_nav_interfaces__rosidl_typesupport_introspection_c.so" to ""
[4.347s] -- Installing: /home/sora/travail/m2/s10/PFE_Transport_Chien_Robot/install/unitree_nav_interfaces/lib/libunitree_nav_interfaces__rosidl_typesupport_c.so
[4.347s] -- Set runtime path of "/home/sora/travail/m2/s10/PFE_Transport_Chien_Robot/install/unitree_nav_interfaces/lib/libunitree_nav_interfaces__rosidl_typesupport_c.so" to ""
[4.347s] -- Up-to-date: /home/sora/travail/m2/s10/PFE_Transport_Chien_Robot/install/unitree_nav_interfaces/include/unitree_nav_interfaces/unitree_nav_interfaces
[4.347s] -- Up-to-date: /home/sora/travail/m2/s10/PFE_Transport_Chien_Robot/install/unitree_nav_interfaces/include/unitree_nav_interfaces/unitree_nav_interfaces/srv
[4.347s] -- Up-to-date: /home/sora/travail/m2/s10/PFE_Transport_Chien_Robot/install/unitree_nav_interfaces/include/unitree_nav_interfaces/unitree_nav_interfaces/srv/detail
[4.347s] -- Installing: /home/sora/travail/m2/s10/PFE_Transport_Chien_Robot/install/unitree_nav_interfaces/include/unitree_nav_interfaces/unitree_nav_interfaces/srv/detail/nav_to_pose__type_support.cpp
[4.347s] -- Installing: /home/sora/travail/m2/s10/PFE_Transport_Chien_Robot/install/unitree_nav_interfaces/include/unitree_nav_interfaces/unitree_nav_interfaces/srv/detail/set_body_rpy__rosidl_typesupport_introspection_cpp.hpp
[4.347s] -- Installing: /home/sora/travail/m2/s10/PFE_Transport_Chien_Robot/install/unitree_nav_interfaces/include/unitree_nav_interfaces/unitree_nav_interfaces/srv/detail/nav_to_pose__rosidl_typesupport_introspection_cpp.hpp
[4.347s] -- Installing: /home/sora/travail/m2/s10/PFE_Transport_Chien_Robot/install/unitree_nav_interfaces/include/unitree_nav_interfaces/unitree_nav_interfaces/srv/detail/set_body_rpy__type_support.cpp
[4.347s] -- Installing: /home/sora/travail/m2/s10/PFE_Transport_Chien_Robot/install/unitree_nav_interfaces/lib/libunitree_nav_interfaces__rosidl_typesupport_introspection_cpp.so
[4.348s] -- Set runtime path of "/home/sora/travail/m2/s10/PFE_Transport_Chien_Robot/install/unitree_nav_interfaces/lib/libunitree_nav_interfaces__rosidl_typesupport_introspection_cpp.so" to ""
[4.348s] -- Installing: /home/sora/travail/m2/s10/PFE_Transport_Chien_Robot/install/unitree_nav_interfaces/lib/libunitree_nav_interfaces__rosidl_typesupport_cpp.so
[4.348s] -- Set runtime path of "/home/sora/travail/m2/s10/PFE_Transport_Chien_Robot/install/unitree_nav_interfaces/lib/libunitree_nav_interfaces__rosidl_typesupport_cpp.so" to ""
[4.348s] -- Installing: /home/sora/travail/m2/s10/PFE_Transport_Chien_Robot/install/unitree_nav_interfaces/share/unitree_nav_interfaces/environment/pythonpath.sh
[4.348s] -- Installing: /home/sora/travail/m2/s10/PFE_Transport_Chien_Robot/install/unitree_nav_interfaces/share/unitree_nav_interfaces/environment/pythonpath.dsv
[4.348s] -- Installing: /home/sora/travail/m2/s10/PFE_Transport_Chien_Robot/install/unitree_nav_interfaces/local/lib/python3.10/dist-packages/unitree_nav_interfaces-0.0.0-py3.10.egg-info
[4.348s] -- Installing: /home/sora/travail/m2/s10/PFE_Transport_Chien_Robot/install/unitree_nav_interfaces/local/lib/python3.10/dist-packages/unitree_nav_interfaces-0.0.0-py3.10.egg-info/PKG-INFO
[4.348s] -- Installing: /home/sora/travail/m2/s10/PFE_Transport_Chien_Robot/install/unitree_nav_interfaces/local/lib/python3.10/dist-packages/unitree_nav_interfaces-0.0.0-py3.10.egg-info/top_level.txt
[4.348s] -- Installing: /home/sora/travail/m2/s10/PFE_Transport_Chien_Robot/install/unitree_nav_interfaces/local/lib/python3.10/dist-packages/unitree_nav_interfaces-0.0.0-py3.10.egg-info/dependency_links.txt
[4.348s] -- Installing: /home/sora/travail/m2/s10/PFE_Transport_Chien_Robot/install/unitree_nav_interfaces/local/lib/python3.10/dist-packages/unitree_nav_interfaces-0.0.0-py3.10.egg-info/SOURCES.txt
[4.348s] -- Installing: /home/sora/travail/m2/s10/PFE_Transport_Chien_Robot/install/unitree_nav_interfaces/local/lib/python3.10/dist-packages/unitree_nav_interfaces
[4.348s] -- Installing: /home/sora/travail/m2/s10/PFE_Transport_Chien_Robot/install/unitree_nav_interfaces/local/lib/python3.10/dist-packages/unitree_nav_interfaces/libunitree_nav_interfaces_srv__rosidl_generator_py.so
[4.348s] -- Installing: /home/sora/travail/m2/s10/PFE_Transport_Chien_Robot/install/unitree_nav_interfaces/local/lib/python3.10/dist-packages/unitree_nav_interfaces/unitree_nav_interfaces_s__rosidl_typesupport_fastrtps_c.cpython-310-x86_64-linux-gnu.so
[4.348s] -- Installing: /home/sora/travail/m2/s10/PFE_Transport_Chien_Robot/install/unitree_nav_interfaces/local/lib/python3.10/dist-packages/unitree_nav_interfaces/unitree_nav_interfaces_s__rosidl_typesupport_introspection_c.cpython-310-x86_64-linux-gnu.so
[4.348s] -- Installing: /home/sora/travail/m2/s10/PFE_Transport_Chien_Robot/install/unitree_nav_interfaces/local/lib/python3.10/dist-packages/unitree_nav_interfaces/_unitree_nav_interfaces_s.ep.rosidl_typesupport_c.c
[4.348s] -- Installing: /home/sora/travail/m2/s10/PFE_Transport_Chien_Robot/install/unitree_nav_interfaces/local/lib/python3.10/dist-packages/unitree_nav_interfaces/_unitree_nav_interfaces_s.ep.rosidl_typesupport_introspection_c.c
[4.348s] -- Installing: /home/sora/travail/m2/s10/PFE_Transport_Chien_Robot/install/unitree_nav_interfaces/local/lib/python3.10/dist-packages/unitree_nav_interfaces/_unitree_nav_interfaces_s.ep.rosidl_typesupport_fastrtps_c.c
[4.348s] -- Installing: /home/sora/travail/m2/s10/PFE_Transport_Chien_Robot/install/unitree_nav_interfaces/local/lib/python3.10/dist-packages/unitree_nav_interfaces/unitree_nav_interfaces_s__rosidl_typesupport_c.cpython-310-x86_64-linux-gnu.so
[4.349s] -- Installing: /home/sora/travail/m2/s10/PFE_Transport_Chien_Robot/install/unitree_nav_interfaces/local/lib/python3.10/dist-packages/unitree_nav_interfaces/__init__.py
[4.349s] -- Installing: /home/sora/travail/m2/s10/PFE_Transport_Chien_Robot/install/unitree_nav_interfaces/local/lib/python3.10/dist-packages/unitree_nav_interfaces/srv
[4.349s] -- Installing: /home/sora/travail/m2/s10/PFE_Transport_Chien_Robot/install/unitree_nav_interfaces/local/lib/python3.10/dist-packages/unitree_nav_interfaces/srv/_nav_to_pose.py
[4.349s] -- Installing: /home/sora/travail/m2/s10/PFE_Transport_Chien_Robot/install/unitree_nav_interfaces/local/lib/python3.10/dist-packages/unitree_nav_interfaces/srv/_set_body_rpy.py
[4.349s] -- Installing: /home/sora/travail/m2/s10/PFE_Transport_Chien_Robot/install/unitree_nav_interfaces/local/lib/python3.10/dist-packages/unitree_nav_interfaces/srv/_nav_to_pose_s.c
[4.349s] -- Installing: /home/sora/travail/m2/s10/PFE_Transport_Chien_Robot/install/unitree_nav_interfaces/local/lib/python3.10/dist-packages/unitree_nav_interfaces/srv/__init__.py
[4.349s] -- Installing: /home/sora/travail/m2/s10/PFE_Transport_Chien_Robot/install/unitree_nav_interfaces/local/lib/python3.10/dist-packages/unitree_nav_interfaces/srv/_set_body_rpy_s.c
[4.373s] Listing '/home/sora/travail/m2/s10/PFE_Transport_Chien_Robot/install/unitree_nav_interfaces/local/lib/python3.10/dist-packages/unitree_nav_interfaces'...
[4.373s] Compiling '/home/sora/travail/m2/s10/PFE_Transport_Chien_Robot/install/unitree_nav_interfaces/local/lib/python3.10/dist-packages/unitree_nav_interfaces/__init__.py'...
[4.374s] Listing '/home/sora/travail/m2/s10/PFE_Transport_Chien_Robot/install/unitree_nav_interfaces/local/lib/python3.10/dist-packages/unitree_nav_interfaces/srv'...
[4.374s] Compiling '/home/sora/travail/m2/s10/PFE_Transport_Chien_Robot/install/unitree_nav_interfaces/local/lib/python3.10/dist-packages/unitree_nav_interfaces/srv/__init__.py'...
[4.374s] Compiling '/home/sora/travail/m2/s10/PFE_Transport_Chien_Robot/install/unitree_nav_interfaces/local/lib/python3.10/dist-packages/unitree_nav_interfaces/srv/_nav_to_pose.py'...
[4.374s] Compiling '/home/sora/travail/m2/s10/PFE_Transport_Chien_Robot/install/unitree_nav_interfaces/local/lib/python3.10/dist-packages/unitree_nav_interfaces/srv/_set_body_rpy.py'...
[4.377s] -- Installing: /home/sora/travail/m2/s10/PFE_Transport_Chien_Robot/install/unitree_nav_interfaces/local/lib/python3.10/dist-packages/unitree_nav_interfaces/unitree_nav_interfaces_s__rosidl_typesupport_fastrtps_c.cpython-310-x86_64-linux-gnu.so
[4.377s] -- Set runtime path of "/home/sora/travail/m2/s10/PFE_Transport_Chien_Robot/install/unitree_nav_interfaces/local/lib/python3.10/dist-packages/unitree_nav_interfaces/unitree_nav_interfaces_s__rosidl_typesupport_fastrtps_c.cpython-310-x86_64-linux-gnu.so" to ""
[4.377s] -- Installing: /home/sora/travail/m2/s10/PFE_Transport_Chien_Robot/install/unitree_nav_interfaces/local/lib/python3.10/dist-packages/unitree_nav_interfaces/unitree_nav_interfaces_s__rosidl_typesupport_introspection_c.cpython-310-x86_64-linux-gnu.so
[4.377s] -- Set runtime path of "/home/sora/travail/m2/s10/PFE_Transport_Chien_Robot/install/unitree_nav_interfaces/local/lib/python3.10/dist-packages/unitree_nav_interfaces/unitree_nav_interfaces_s__rosidl_typesupport_introspection_c.cpython-310-x86_64-linux-gnu.so" to ""
[4.377s] -- Installing: /home/sora/travail/m2/s10/PFE_Transport_Chien_Robot/install/unitree_nav_interfaces/local/lib/python3.10/dist-packages/unitree_nav_interfaces/unitree_nav_interfaces_s__rosidl_typesupport_c.cpython-310-x86_64-linux-gnu.so
[4.377s] -- Set runtime path of "/home/sora/travail/m2/s10/PFE_Transport_Chien_Robot/install/unitree_nav_interfaces/local/lib/python3.10/dist-packages/unitree_nav_interfaces/unitree_nav_interfaces_s__rosidl_typesupport_c.cpython-310-x86_64-linux-gnu.so" to ""
[4.377s] -- Installing: /home/sora/travail/m2/s10/PFE_Transport_Chien_Robot/install/unitree_nav_interfaces/lib/libunitree_nav_interfaces_srv__rosidl_generator_py.so
[4.377s] -- Set runtime path of "/home/sora/travail/m2/s10/PFE_Transport_Chien_Robot/install/unitree_nav_interfaces/lib/libunitree_nav_interfaces_srv__rosidl_generator_py.so" to ""
[4.377s] -- Installing: /home/sora/travail/m2/s10/PFE_Transport_Chien_Robot/install/unitree_nav_interfaces/share/unitree_nav_interfaces/srv/SetBodyRPY.idl
[4.378s] -- Installing: /home/sora/travail/m2/s10/PFE_Transport_Chien_Robot/install/unitree_nav_interfaces/share/unitree_nav_interfaces/srv/NavToPose.idl
[4.378s] -- Installing: /home/sora/travail/m2/s10/PFE_Transport_Chien_Robot/install/unitree_nav_interfaces/share/unitree_nav_interfaces/srv/SetBodyRPY.srv
[4.378s] -- Installing: /home/sora/travail/m2/s10/PFE_Transport_Chien_Robot/install/unitree_nav_interfaces/share/unitree_nav_interfaces/srv/SetBodyRPY_Request.msg
[4.378s] -- Installing: /home/sora/travail/m2/s10/PFE_Transport_Chien_Robot/install/unitree_nav_interfaces/share/unitree_nav_interfaces/srv/SetBodyRPY_Response.msg
[4.378s] -- Installing: /home/sora/travail/m2/s10/PFE_Transport_Chien_Robot/install/unitree_nav_interfaces/share/unitree_nav_interfaces/srv/NavToPose.srv
[4.378s] -- Installing: /home/sora/travail/m2/s10/PFE_Transport_Chien_Robot/install/unitree_nav_interfaces/share/unitree_nav_interfaces/srv/NavToPose_Request.msg
[4.378s] -- Installing: /home/sora/travail/m2/s10/PFE_Transport_Chien_Robot/install/unitree_nav_interfaces/share/unitree_nav_interfaces/srv/NavToPose_Response.msg
[4.378s] -- Installing: /home/sora/travail/m2/s10/PFE_Transport_Chien_Robot/install/unitree_nav_interfaces/share/ament_index/resource_index/package_run_dependencies/unitree_nav_interfaces
[4.378s] -- Installing: /home/sora/travail/m2/s10/PFE_Transport_Chien_Robot/install/unitree_nav_interfaces/share/ament_index/resource_index/parent_prefix_path/unitree_nav_interfaces
[4.378s] -- Installing: /home/sora/travail/m2/s10/PFE_Transport_Chien_Robot/install/unitree_nav_interfaces/share/unitree_nav_interfaces/environment/ament_prefix_path.sh
[4.378s] -- Installing: /home/sora/travail/m2/s10/PFE_Transport_Chien_Robot/install/unitree_nav_interfaces/share/unitree_nav_interfaces/environment/ament_prefix_path.dsv
[4.378s] -- Installing: /home/sora/travail/m2/s10/PFE_Transport_Chien_Robot/install/unitree_nav_interfaces/share/unitree_nav_interfaces/environment/path.sh
[4.378s] -- Installing: /home/sora/travail/m2/s10/PFE_Transport_Chien_Robot/install/unitree_nav_interfaces/share/unitree_nav_interfaces/environment/path.dsv
[4.378s] -- Installing: /home/sora/travail/m2/s10/PFE_Transport_Chien_Robot/install/unitree_nav_interfaces/share/unitree_nav_interfaces/local_setup.bash
[4.378s] -- Installing: /home/sora/travail/m2/s10/PFE_Transport_Chien_Robot/install/unitree_nav_interfaces/share/unitree_nav_interfaces/local_setup.sh
[4.378s] -- Installing: /home/sora/travail/m2/s10/PFE_Transport_Chien_Robot/install/unitree_nav_interfaces/share/unitree_nav_interfaces/local_setup.zsh
[4.378s] -- Installing: /home/sora/travail/m2/s10/PFE_Transport_Chien_Robot/install/unitree_nav_interfaces/share/unitree_nav_interfaces/local_setup.dsv
[4.378s] -- Installing: /home/sora/travail/m2/s10/PFE_Transport_Chien_Robot/install/unitree_nav_interfaces/share/unitree_nav_interfaces/package.dsv
[4.378s] -- Installing: /home/sora/travail/m2/s10/PFE_Transport_Chien_Robot/install/unitree_nav_interfaces/share/ament_index/resource_index/packages/unitree_nav_interfaces
[4.378s] -- Installing: /home/sora/travail/m2/s10/PFE_Transport_Chien_Robot/install/unitree_nav_interfaces/share/unitree_nav_interfaces/cmake/export_unitree_nav_interfaces_srv__rosidl_generator_cExport.cmake
[4.378s] -- Installing: /home/sora/travail/m2/s10/PFE_Transport_Chien_Robot/install/unitree_nav_interfaces/share/unitree_nav_interfaces/cmake/export_unitree_nav_interfaces_srv__rosidl_generator_cExport-noconfig.cmake
[4.378s] -- Installing: /home/sora/travail/m2/s10/PFE_Transport_Chien_Robot/install/unitree_nav_interfaces/share/unitree_nav_interfaces/cmake/export_unitree_nav_interfaces_srv__rosidl_typesupport_fastrtps_cExport.cmake
[4.378s] -- Installing: /home/sora/travail/m2/s10/PFE_Transport_Chien_Robot/install/unitree_nav_interfaces/share/unitree_nav_interfaces/cmake/export_unitree_nav_interfaces_srv__rosidl_typesupport_fastrtps_cExport-noconfig.cmake
[4.378s] -- Installing: /home/sora/travail/m2/s10/PFE_Transport_Chien_Robot/install/unitree_nav_interfaces/share/unitree_nav_interfaces/cmake/export_unitree_nav_interfaces_srv__rosidl_generator_cppExport.cmake
[4.378s] -- Installing: /home/sora/travail/m2/s10/PFE_Transport_Chien_Robot/install/unitree_nav_interfaces/share/unitree_nav_interfaces/cmake/export_unitree_nav_interfaces_srv__rosidl_typesupport_fastrtps_cppExport.cmake
[4.379s] -- Installing: /home/sora/travail/m2/s10/PFE_Transport_Chien_Robot/install/unitree_nav_interfaces/share/unitree_nav_interfaces/cmake/export_unitree_nav_interfaces_srv__rosidl_typesupport_fastrtps_cppExport-noconfig.cmake
[4.379s] -- Installing: /home/sora/travail/m2/s10/PFE_Transport_Chien_Robot/install/unitree_nav_interfaces/share/unitree_nav_interfaces/cmake/unitree_nav_interfaces_srv__rosidl_typesupport_introspection_cExport.cmake
[4.379s] -- Installing: /home/sora/travail/m2/s10/PFE_Transport_Chien_Robot/install/unitree_nav_interfaces/share/unitree_nav_interfaces/cmake/unitree_nav_interfaces_srv__rosidl_typesupport_introspection_cExport-noconfig.cmake
[4.379s] -- Installing: /home/sora/travail/m2/s10/PFE_Transport_Chien_Robot/install/unitree_nav_interfaces/share/unitree_nav_interfaces/cmake/unitree_nav_interfaces_srv__rosidl_typesupport_cExport.cmake
[4.379s] -- Installing: /home/sora/travail/m2/s10/PFE_Transport_Chien_Robot/install/unitree_nav_interfaces/share/unitree_nav_interfaces/cmake/unitree_nav_interfaces_srv__rosidl_typesupport_cExport-noconfig.cmake
[4.379s] -- Installing: /home/sora/travail/m2/s10/PFE_Transport_Chien_Robot/install/unitree_nav_interfaces/share/unitree_nav_interfaces/cmake/unitree_nav_interfaces_srv__rosidl_typesupport_introspection_cppExport.cmake
[4.379s] -- Installing: /home/sora/travail/m2/s10/PFE_Transport_Chien_Robot/install/unitree_nav_interfaces/share/unitree_nav_interfaces/cmake/unitree_nav_interfaces_srv__rosidl_typesupport_introspection_cppExport-noconfig.cmake
[4.379s] -- Installing: /home/sora/travail/m2/s10/PFE_Transport_Chien_Robot/install/unitree_nav_interfaces/share/unitree_nav_interfaces/cmake/unitree_nav_interfaces_srv__rosidl_typesupport_cppExport.cmake
[4.379s] -- Installing: /home/sora/travail/m2/s10/PFE_Transport_Chien_Robot/install/unitree_nav_interfaces/share/unitree_nav_interfaces/cmake/unitree_nav_interfaces_srv__rosidl_typesupport_cppExport-noconfig.cmake
[4.379s] -- Installing: /home/sora/travail/m2/s10/PFE_Transport_Chien_Robot/install/unitree_nav_interfaces/share/unitree_nav_interfaces/cmake/export_unitree_nav_interfaces_srv__rosidl_generator_pyExport.cmake
[4.379s] -- Installing: /home/sora/travail/m2/s10/PFE_Transport_Chien_Robot/install/unitree_nav_interfaces/share/unitree_nav_interfaces/cmake/export_unitree_nav_interfaces_srv__rosidl_generator_pyExport-noconfig.cmake
[4.379s] -- Installing: /home/sora/travail/m2/s10/PFE_Transport_Chien_Robot/install/unitree_nav_interfaces/share/unitree_nav_interfaces/cmake/ament_cmake_export_dependencies-extras.cmake
[4.379s] -- Installing: /home/sora/travail/m2/s10/PFE_Transport_Chien_Robot/install/unitree_nav_interfaces/share/unitree_nav_interfaces/cmake/rosidl_cmake-extras.cmake
[4.379s] -- Installing: /home/sora/travail/m2/s10/PFE_Transport_Chien_Robot/install/unitree_nav_interfaces/share/unitree_nav_interfaces/cmake/ament_cmake_export_include_directories-extras.cmake
[4.379s] -- Installing: /home/sora/travail/m2/s10/PFE_Transport_Chien_Robot/install/unitree_nav_interfaces/share/unitree_nav_interfaces/cmake/ament_cmake_export_libraries-extras.cmake
[4.379s] -- Installing: /home/sora/travail/m2/s10/PFE_Transport_Chien_Robot/install/unitree_nav_interfaces/share/unitree_nav_interfaces/cmake/ament_cmake_export_targets-extras.cmake
[4.379s] -- Installing: /home/sora/travail/m2/s10/PFE_Transport_Chien_Robot/install/unitree_nav_interfaces/share/unitree_nav_interfaces/cmake/rosidl_cmake_export_typesupport_targets-extras.cmake
[4.379s] -- Installing: /home/sora/travail/m2/s10/PFE_Transport_Chien_Robot/install/unitree_nav_interfaces/share/unitree_nav_interfaces/cmake/rosidl_cmake_export_typesupport_libraries-extras.cmake
[4.379s] -- Installing: /home/sora/travail/m2/s10/PFE_Transport_Chien_Robot/install/unitree_nav_interfaces/share/unitree_nav_interfaces/cmake/unitree_nav_interfacesConfig.cmake
[4.379s] -- Installing: /home/sora/travail/m2/s10/PFE_Transport_Chien_Robot/install/unitree_nav_interfaces/share/unitree_nav_interfaces/cmake/unitree_nav_interfacesConfig-version.cmake
[4.380s] -- Installing: /home/sora/travail/m2/s10/PFE_Transport_Chien_Robot/install/unitree_nav_interfaces/share/unitree_nav_interfaces/package.xml
[4.381s] Invoked command in '/home/sora/travail/m2/s10/PFE_Transport_Chien_Robot/build/unitree_nav_interfaces' returned '0': CMAKE_PREFIX_PATH=${CMAKE_PREFIX_PATH}:/home/sora/travail/m2/s10/PFE_Transport_Chien_Robot/install/unitree_nav_launch_module:/opt/ros/humble /usr/bin/cmake --install /home/sora/travail/m2/s10/PFE_Transport_Chien_Robot/build/unitree_nav_interfaces
