[0.033s] Invoking command in '/home/sora/travail/m2/s10/PFE_Transport_Chien_Robot/build/unitree_nav': CMAKE_PREFIX_PATH=/home/sora/travail/m2/s10/PFE_Transport_Chien_Robot/install/unitree_nav_interfaces:/home/sora/travail/m2/s10/PFE_Transport_Chien_Robot/install/ros2_unitree_legged_msgs:/home/sora/travail/m2/s10/PFE_Transport_Chien_Robot/install/unitree_gazebo:/home/sora/travail/m2/s10/PFE_Transport_Chien_Robot/install/unitree_nav:/home/sora/travail/m2/s10/PFE_Transport_Chien_Robot/install/unitree_legged_real:/home/sora/travail/m2/s10/PFE_Transport_Chien_Robot/install/go1_description:/home/sora/travail/m2/s10/PFE_Transport_Chien_Robot/install/unitree_nav_launch_module:/opt/ros/humble LD_LIBRARY_PATH=/home/sora/travail/m2/s10/PFE_Transport_Chien_Robot/install/unitree_nav_interfaces/lib:/home/sora/travail/m2/s10/PFE_Transport_Chien_Robot/install/ros2_unitree_legged_msgs/lib:/home/sora/travail/m2/s10/PFE_Transport_Chien_Robot/install/unitree_legged_real/lib:/usr/lib/x86_64-linux-gnu/gazebo-11/plugins:/opt/ros/humble/opt/rviz_ogre_vendor/lib:/opt/ros/humble/lib/x86_64-linux-gnu:/opt/ros/humble/lib /usr/bin/cmake --build /home/sora/travail/m2/s10/PFE_Transport_Chien_Robot/build/unitree_nav -- -j24 -l24
[0.060s] [35m[1mConsolidate compiler generated dependencies of target cmd_processor[0m
[0.062s] [35m[1mConsolidate compiler generated dependencies of target nav_to_pose[0m
[0.072s] [ 50%] Built target cmd_processor
[0.077s] [100%] Built target nav_to_pose
[0.084s] Invoked command in '/home/sora/travail/m2/s10/PFE_Transport_Chien_Robot/build/unitree_nav' returned '0': CMAKE_PREFIX_PATH=/home/sora/travail/m2/s10/PFE_Transport_Chien_Robot/install/unitree_nav_interfaces:/home/sora/travail/m2/s10/PFE_Transport_Chien_Robot/install/ros2_unitree_legged_msgs:/home/sora/travail/m2/s10/PFE_Transport_Chien_Robot/install/unitree_gazebo:/home/sora/travail/m2/s10/PFE_Transport_Chien_Robot/install/unitree_nav:/home/sora/travail/m2/s10/PFE_Transport_Chien_Robot/install/unitree_legged_real:/home/sora/travail/m2/s10/PFE_Transport_Chien_Robot/install/go1_description:/home/sora/travail/m2/s10/PFE_Transport_Chien_Robot/install/unitree_nav_launch_module:/opt/ros/humble LD_LIBRARY_PATH=/home/sora/travail/m2/s10/PFE_Transport_Chien_Robot/install/unitree_nav_interfaces/lib:/home/sora/travail/m2/s10/PFE_Transport_Chien_Robot/install/ros2_unitree_legged_msgs/lib:/home/sora/travail/m2/s10/PFE_Transport_Chien_Robot/install/unitree_legged_real/lib:/usr/lib/x86_64-linux-gnu/gazebo-11/plugins:/opt/ros/humble/opt/rviz_ogre_vendor/lib:/opt/ros/humble/lib/x86_64-linux-gnu:/opt/ros/humble/lib /usr/bin/cmake --build /home/sora/travail/m2/s10/PFE_Transport_Chien_Robot/build/unitree_nav -- -j24 -l24
[0.101s] Invoking command in '/home/sora/travail/m2/s10/PFE_Transport_Chien_Robot/build/unitree_nav': CMAKE_PREFIX_PATH=/home/sora/travail/m2/s10/PFE_Transport_Chien_Robot/install/unitree_nav_interfaces:/home/sora/travail/m2/s10/PFE_Transport_Chien_Robot/install/ros2_unitree_legged_msgs:/home/sora/travail/m2/s10/PFE_Transport_Chien_Robot/install/unitree_gazebo:/home/sora/travail/m2/s10/PFE_Transport_Chien_Robot/install/unitree_nav:/home/sora/travail/m2/s10/PFE_Transport_Chien_Robot/install/unitree_legged_real:/home/sora/travail/m2/s10/PFE_Transport_Chien_Robot/install/go1_description:/home/sora/travail/m2/s10/PFE_Transport_Chien_Robot/install/unitree_nav_launch_module:/opt/ros/humble LD_LIBRARY_PATH=/home/sora/travail/m2/s10/PFE_Transport_Chien_Robot/install/unitree_nav_interfaces/lib:/home/sora/travail/m2/s10/PFE_Transport_Chien_Robot/install/ros2_unitree_legged_msgs/lib:/home/sora/travail/m2/s10/PFE_Transport_Chien_Robot/install/unitree_legged_real/lib:/usr/lib/x86_64-linux-gnu/gazebo-11/plugins:/opt/ros/humble/opt/rviz_ogre_vendor/lib:/opt/ros/humble/lib/x86_64-linux-gnu:/opt/ros/humble/lib /usr/bin/cmake --install /home/sora/travail/m2/s10/PFE_Transport_Chien_Robot/build/unitree_nav
[0.106s] -- Install configuration: ""
[0.106s] -- Up-to-date: /home/sora/travail/m2/s10/PFE_Transport_Chien_Robot/install/unitree_nav/lib/unitree_nav/cmd_processor
[0.107s] -- Up-to-date: /home/sora/travail/m2/s10/PFE_Transport_Chien_Robot/install/unitree_nav/lib/unitree_nav/nav_to_pose
[0.107s] -- Up-to-date: /home/sora/travail/m2/s10/PFE_Transport_Chien_Robot/install/unitree_nav/share/unitree_nav/launch
[0.107s] -- Up-to-date: /home/sora/travail/m2/s10/PFE_Transport_Chien_Robot/install/unitree_nav/share/unitree_nav/launch/mapping.launch.py
[0.107s] -- Up-to-date: /home/sora/travail/m2/s10/PFE_Transport_Chien_Robot/install/unitree_nav/share/unitree_nav/launch/rslidar_robosense.launch.py
[0.107s] -- Up-to-date: /home/sora/travail/m2/s10/PFE_Transport_Chien_Robot/install/unitree_nav/share/unitree_nav/launch/control.launch.py
[0.107s] -- Up-to-date: /home/sora/travail/m2/s10/PFE_Transport_Chien_Robot/install/unitree_nav/share/unitree_nav/launch/unitree_nav.launch.py
[0.107s] -- Up-to-date: /home/sora/travail/m2/s10/PFE_Transport_Chien_Robot/install/unitree_nav/share/unitree_nav/config
[0.107s] -- Up-to-date: /home/sora/travail/m2/s10/PFE_Transport_Chien_Robot/install/unitree_nav/share/unitree_nav/config/nav.rviz
[0.107s] -- Up-to-date: /home/sora/travail/m2/s10/PFE_Transport_Chien_Robot/install/unitree_nav/share/unitree_nav/config/nav2_params.yaml
[0.107s] -- Up-to-date: /home/sora/travail/m2/s10/PFE_Transport_Chien_Robot/install/unitree_nav/share/ament_index/resource_index/package_run_dependencies/unitree_nav
[0.107s] -- Up-to-date: /home/sora/travail/m2/s10/PFE_Transport_Chien_Robot/install/unitree_nav/share/ament_index/resource_index/parent_prefix_path/unitree_nav
[0.107s] -- Up-to-date: /home/sora/travail/m2/s10/PFE_Transport_Chien_Robot/install/unitree_nav/share/unitree_nav/environment/ament_prefix_path.sh
[0.107s] -- Up-to-date: /home/sora/travail/m2/s10/PFE_Transport_Chien_Robot/install/unitree_nav/share/unitree_nav/environment/ament_prefix_path.dsv
[0.107s] -- Up-to-date: /home/sora/travail/m2/s10/PFE_Transport_Chien_Robot/install/unitree_nav/share/unitree_nav/environment/path.sh
[0.107s] -- Up-to-date: /home/sora/travail/m2/s10/PFE_Transport_Chien_Robot/install/unitree_nav/share/unitree_nav/environment/path.dsv
[0.107s] -- Up-to-date: /home/sora/travail/m2/s10/PFE_Transport_Chien_Robot/install/unitree_nav/share/unitree_nav/local_setup.bash
[0.107s] -- Up-to-date: /home/sora/travail/m2/s10/PFE_Transport_Chien_Robot/install/unitree_nav/share/unitree_nav/local_setup.sh
[0.107s] -- Up-to-date: /home/sora/travail/m2/s10/PFE_Transport_Chien_Robot/install/unitree_nav/share/unitree_nav/local_setup.zsh
[0.107s] -- Up-to-date: /home/sora/travail/m2/s10/PFE_Transport_Chien_Robot/install/unitree_nav/share/unitree_nav/local_setup.dsv
[0.107s] -- Installing: /home/sora/travail/m2/s10/PFE_Transport_Chien_Robot/install/unitree_nav/share/unitree_nav/package.dsv
[0.108s] -- Up-to-date: /home/sora/travail/m2/s10/PFE_Transport_Chien_Robot/install/unitree_nav/share/ament_index/resource_index/packages/unitree_nav
[0.108s] -- Up-to-date: /home/sora/travail/m2/s10/PFE_Transport_Chien_Robot/install/unitree_nav/share/unitree_nav/cmake/unitree_navConfig.cmake
[0.108s] -- Up-to-date: /home/sora/travail/m2/s10/PFE_Transport_Chien_Robot/install/unitree_nav/share/unitree_nav/cmake/unitree_navConfig-version.cmake
[0.108s] -- Up-to-date: /home/sora/travail/m2/s10/PFE_Transport_Chien_Robot/install/unitree_nav/share/unitree_nav/package.xml
[0.108s] Invoked command in '/home/sora/travail/m2/s10/PFE_Transport_Chien_Robot/build/unitree_nav' returned '0': CMAKE_PREFIX_PATH=/home/sora/travail/m2/s10/PFE_Transport_Chien_Robot/install/unitree_nav_interfaces:/home/sora/travail/m2/s10/PFE_Transport_Chien_Robot/install/ros2_unitree_legged_msgs:/home/sora/travail/m2/s10/PFE_Transport_Chien_Robot/install/unitree_gazebo:/home/sora/travail/m2/s10/PFE_Transport_Chien_Robot/install/unitree_nav:/home/sora/travail/m2/s10/PFE_Transport_Chien_Robot/install/unitree_legged_real:/home/sora/travail/m2/s10/PFE_Transport_Chien_Robot/install/go1_description:/home/sora/travail/m2/s10/PFE_Transport_Chien_Robot/install/unitree_nav_launch_module:/opt/ros/humble LD_LIBRARY_PATH=/home/sora/travail/m2/s10/PFE_Transport_Chien_Robot/install/unitree_nav_interfaces/lib:/home/sora/travail/m2/s10/PFE_Transport_Chien_Robot/install/ros2_unitree_legged_msgs/lib:/home/sora/travail/m2/s10/PFE_Transport_Chien_Robot/install/unitree_legged_real/lib:/usr/lib/x86_64-linux-gnu/gazebo-11/plugins:/opt/ros/humble/opt/rviz_ogre_vendor/lib:/opt/ros/humble/lib/x86_64-linux-gnu:/opt/ros/humble/lib /usr/bin/cmake --install /home/sora/travail/m2/s10/PFE_Transport_Chien_Robot/build/unitree_nav
