[ 50%] Built target cmd_processor
[100%] Built target nav_to_pose
-- Install configuration: ""
-- Up-to-date: /home/sora/travail/m2/s10/PFE_Transport_Chien_Robot/install/unitree_nav/lib/unitree_nav/cmd_processor
-- Up-to-date: /home/sora/travail/m2/s10/PFE_Transport_Chien_Robot/install/unitree_nav/lib/unitree_nav/nav_to_pose
-- Up-to-date: /home/sora/travail/m2/s10/PFE_Transport_Chien_Robot/install/unitree_nav/share/unitree_nav/launch
-- Up-to-date: /home/sora/travail/m2/s10/PFE_Transport_Chien_Robot/install/unitree_nav/share/unitree_nav/launch/mapping.launch.py
-- Up-to-date: /home/sora/travail/m2/s10/PFE_Transport_Chien_Robot/install/unitree_nav/share/unitree_nav/launch/rslidar_robosense.launch.py
-- Up-to-date: /home/sora/travail/m2/s10/PFE_Transport_Chien_Robot/install/unitree_nav/share/unitree_nav/launch/control.launch.py
-- Up-to-date: /home/sora/travail/m2/s10/PFE_Transport_Chien_Robot/install/unitree_nav/share/unitree_nav/launch/unitree_nav.launch.py
-- Up-to-date: /home/sora/travail/m2/s10/PFE_Transport_Chien_Robot/install/unitree_nav/share/unitree_nav/config
-- Up-to-date: /home/sora/travail/m2/s10/PFE_Transport_Chien_Robot/install/unitree_nav/share/unitree_nav/config/nav.rviz
-- Up-to-date: /home/sora/travail/m2/s10/PFE_Transport_Chien_Robot/install/unitree_nav/share/unitree_nav/config/nav2_params.yaml
-- Up-to-date: /home/sora/travail/m2/s10/PFE_Transport_Chien_Robot/install/unitree_nav/share/ament_index/resource_index/package_run_dependencies/unitree_nav
-- Up-to-date: /home/sora/travail/m2/s10/PFE_Transport_Chien_Robot/install/unitree_nav/share/ament_index/resource_index/parent_prefix_path/unitree_nav
-- Up-to-date: /home/sora/travail/m2/s10/PFE_Transport_Chien_Robot/install/unitree_nav/share/unitree_nav/environment/ament_prefix_path.sh
-- Up-to-date: /home/sora/travail/m2/s10/PFE_Transport_Chien_Robot/install/unitree_nav/share/unitree_nav/environment/ament_prefix_path.dsv
-- Up-to-date: /home/sora/travail/m2/s10/PFE_Transport_Chien_Robot/install/unitree_nav/share/unitree_nav/environment/path.sh
-- Up-to-date: /home/sora/travail/m2/s10/PFE_Transport_Chien_Robot/install/unitree_nav/share/unitree_nav/environment/path.dsv
-- Up-to-date: /home/sora/travail/m2/s10/PFE_Transport_Chien_Robot/install/unitree_nav/share/unitree_nav/local_setup.bash
-- Up-to-date: /home/sora/travail/m2/s10/PFE_Transport_Chien_Robot/install/unitree_nav/share/unitree_nav/local_setup.sh
-- Up-to-date: /home/sora/travail/m2/s10/PFE_Transport_Chien_Robot/install/unitree_nav/share/unitree_nav/local_setup.zsh
-- Up-to-date: /home/sora/travail/m2/s10/PFE_Transport_Chien_Robot/install/unitree_nav/share/unitree_nav/local_setup.dsv
-- Installing: /home/sora/travail/m2/s10/PFE_Transport_Chien_Robot/install/unitree_nav/share/unitree_nav/package.dsv
-- Up-to-date: /home/sora/travail/m2/s10/PFE_Transport_Chien_Robot/install/unitree_nav/share/ament_index/resource_index/packages/unitree_nav
-- Up-to-date: /home/sora/travail/m2/s10/PFE_Transport_Chien_Robot/install/unitree_nav/share/unitree_nav/cmake/unitree_navConfig.cmake
-- Up-to-date: /home/sora/travail/m2/s10/PFE_Transport_Chien_Robot/install/unitree_nav/share/unitree_nav/cmake/unitree_navConfig-version.cmake
-- Up-to-date: /home/sora/travail/m2/s10/PFE_Transport_Chien_Robot/install/unitree_nav/share/unitree_nav/package.xml
