[0.067s] Invoking command in '/home/sora/travail/m2/s10/PFE_Transport_Chien_Robot/build/go1_description': CMAKE_PREFIX_PATH=${CMAKE_PREFIX_PATH}:/home/sora/travail/m2/s10/PFE_Transport_Chien_Robot/install/unitree_nav_launch_module:/opt/ros/humble /usr/bin/cmake /home/sora/travail/m2/s10/PFE_Transport_Chien_Robot/src/unitree_ros2/go1_description -DCMAKE_INSTALL_PREFIX=/home/sora/travail/m2/s10/PFE_Transport_Chien_Robot/install/go1_description
[0.096s] -- The C compiler identification is GNU 11.4.0
[0.128s] -- The CXX compiler identification is GNU 11.4.0
[0.132s] -- Detecting C compiler ABI info
[0.175s] -- Detecting C compiler ABI info - done
[0.180s] -- Check for working C compiler: /usr/bin/cc - skipped
[0.180s] -- Detecting C compile features
[0.181s] -- Detecting C compile features - done
[0.183s] -- Detecting CXX compiler ABI info
[0.234s] -- Detecting CXX compiler ABI info - done
[0.239s] -- Check for working CXX compiler: /usr/bin/c++ - skipped
[0.239s] -- Detecting CXX compile features
[0.239s] -- Detecting CXX compile features - done
[0.241s] -- Found ament_cmake: 1.3.7 (/opt/ros/humble/share/ament_cmake/cmake)
[0.361s] -- Found Python3: /usr/bin/python3.10 (found version "3.10.12") found components: Interpreter 
[0.420s] -- Found ament_lint_auto: 0.12.10 (/opt/ros/humble/share/ament_lint_auto/cmake)
[0.473s] -- Added test 'flake8' to check Python code syntax and style conventions
[0.473s] -- Added test 'lint_cmake' to check CMake code style
[0.474s] -- Added test 'pep257' to check Python code against some of the docstring style conventions in PEP 257
[0.476s] -- Added test 'xmllint' to check XML markup files
[0.477s] -- Configuring done
[0.477s] -- Generating done
[0.478s] -- Build files have been written to: /home/sora/travail/m2/s10/PFE_Transport_Chien_Robot/build/go1_description
[0.480s] Invoked command in '/home/sora/travail/m2/s10/PFE_Transport_Chien_Robot/build/go1_description' returned '0': CMAKE_PREFIX_PATH=${CMAKE_PREFIX_PATH}:/home/sora/travail/m2/s10/PFE_Transport_Chien_Robot/install/unitree_nav_launch_module:/opt/ros/humble /usr/bin/cmake /home/sora/travail/m2/s10/PFE_Transport_Chien_Robot/src/unitree_ros2/go1_description -DCMAKE_INSTALL_PREFIX=/home/sora/travail/m2/s10/PFE_Transport_Chien_Robot/install/go1_description
[0.482s] Invoking command in '/home/sora/travail/m2/s10/PFE_Transport_Chien_Robot/build/go1_description': CMAKE_PREFIX_PATH=${CMAKE_PREFIX_PATH}:/home/sora/travail/m2/s10/PFE_Transport_Chien_Robot/install/unitree_nav_launch_module:/opt/ros/humble /usr/bin/cmake --build /home/sora/travail/m2/s10/PFE_Transport_Chien_Robot/build/go1_description -- -j24 -l24
[0.506s] Invoked command in '/home/sora/travail/m2/s10/PFE_Transport_Chien_Robot/build/go1_description' returned '0': CMAKE_PREFIX_PATH=${CMAKE_PREFIX_PATH}:/home/sora/travail/m2/s10/PFE_Transport_Chien_Robot/install/unitree_nav_launch_module:/opt/ros/humble /usr/bin/cmake --build /home/sora/travail/m2/s10/PFE_Transport_Chien_Robot/build/go1_description -- -j24 -l24
[0.527s] Invoking command in '/home/sora/travail/m2/s10/PFE_Transport_Chien_Robot/build/go1_description': CMAKE_PREFIX_PATH=${CMAKE_PREFIX_PATH}:/home/sora/travail/m2/s10/PFE_Transport_Chien_Robot/install/unitree_nav_launch_module:/opt/ros/humble /usr/bin/cmake --install /home/sora/travail/m2/s10/PFE_Transport_Chien_Robot/build/go1_description
[0.531s] -- Install configuration: ""
[0.531s] -- Installing: /home/sora/travail/m2/s10/PFE_Transport_Chien_Robot/install/go1_description/share/go1_description//launch
[0.531s] -- Installing: /home/sora/travail/m2/s10/PFE_Transport_Chien_Robot/install/go1_description/share/go1_description//launch/load_go1.launch.py
[0.531s] -- Installing: /home/sora/travail/m2/s10/PFE_Transport_Chien_Robot/install/go1_description/share/go1_description//launch/__pycache__
[0.532s] -- Installing: /home/sora/travail/m2/s10/PFE_Transport_Chien_Robot/install/go1_description/share/go1_description//launch/__pycache__/load_go1.launch.cpython-310.pyc
[0.532s] -- Installing: /home/sora/travail/m2/s10/PFE_Transport_Chien_Robot/install/go1_description/share/go1_description//config
[0.532s] -- Installing: /home/sora/travail/m2/s10/PFE_Transport_Chien_Robot/install/go1_description/share/go1_description//config/go1.rviz
[0.532s] -- Installing: /home/sora/travail/m2/s10/PFE_Transport_Chien_Robot/install/go1_description/share/go1_description//meshes
[0.532s] -- Installing: /home/sora/travail/m2/s10/PFE_Transport_Chien_Robot/install/go1_description/share/go1_description//meshes/calf.dae
[0.533s] -- Installing: /home/sora/travail/m2/s10/PFE_Transport_Chien_Robot/install/go1_description/share/go1_description//meshes/depthCamera.dae
[0.533s] -- Installing: /home/sora/travail/m2/s10/PFE_Transport_Chien_Robot/install/go1_description/share/go1_description//meshes/trunk.dae
[0.570s] -- Installing: /home/sora/travail/m2/s10/PFE_Transport_Chien_Robot/install/go1_description/share/go1_description//meshes/thigh.dae
[0.571s] -- Installing: /home/sora/travail/m2/s10/PFE_Transport_Chien_Robot/install/go1_description/share/go1_description//meshes/ultraSound.dae
[0.571s] -- Installing: /home/sora/travail/m2/s10/PFE_Transport_Chien_Robot/install/go1_description/share/go1_description//meshes/thigh_mirror.dae
[0.572s] -- Installing: /home/sora/travail/m2/s10/PFE_Transport_Chien_Robot/install/go1_description/share/go1_description//meshes/hip.dae
[0.573s] -- Installing: /home/sora/travail/m2/s10/PFE_Transport_Chien_Robot/install/go1_description/share/go1_description//xacro
[0.573s] -- Installing: /home/sora/travail/m2/s10/PFE_Transport_Chien_Robot/install/go1_description/share/go1_description//xacro/robot.xacro
[0.573s] -- Installing: /home/sora/travail/m2/s10/PFE_Transport_Chien_Robot/install/go1_description/share/go1_description//xacro/transmission.xacro
[0.573s] -- Installing: /home/sora/travail/m2/s10/PFE_Transport_Chien_Robot/install/go1_description/share/go1_description//xacro/materials.xacro
[0.574s] -- Installing: /home/sora/travail/m2/s10/PFE_Transport_Chien_Robot/install/go1_description/share/go1_description//xacro/const.xacro
[0.574s] -- Installing: /home/sora/travail/m2/s10/PFE_Transport_Chien_Robot/install/go1_description/share/go1_description//xacro/leg.xacro
[0.574s] -- Installing: /home/sora/travail/m2/s10/PFE_Transport_Chien_Robot/install/go1_description/share/go1_description//xacro/depthCamera.xacro
[0.574s] -- Installing: /home/sora/travail/m2/s10/PFE_Transport_Chien_Robot/install/go1_description/share/go1_description//xacro/ultraSound.xacro
[0.575s] -- Installing: /home/sora/travail/m2/s10/PFE_Transport_Chien_Robot/install/go1_description/share/go1_description//xacro/gazebo.xacro
[0.575s] -- Installing: /home/sora/travail/m2/s10/PFE_Transport_Chien_Robot/install/go1_description/share/ament_index/resource_index/package_run_dependencies/go1_description
[0.575s] -- Installing: /home/sora/travail/m2/s10/PFE_Transport_Chien_Robot/install/go1_description/share/ament_index/resource_index/parent_prefix_path/go1_description
[0.575s] -- Installing: /home/sora/travail/m2/s10/PFE_Transport_Chien_Robot/install/go1_description/share/go1_description/environment/ament_prefix_path.sh
[0.575s] -- Installing: /home/sora/travail/m2/s10/PFE_Transport_Chien_Robot/install/go1_description/share/go1_description/environment/ament_prefix_path.dsv
[0.575s] -- Installing: /home/sora/travail/m2/s10/PFE_Transport_Chien_Robot/install/go1_description/share/go1_description/environment/path.sh
[0.575s] -- Installing: /home/sora/travail/m2/s10/PFE_Transport_Chien_Robot/install/go1_description/share/go1_description/environment/path.dsv
[0.575s] -- Installing: /home/sora/travail/m2/s10/PFE_Transport_Chien_Robot/install/go1_description/share/go1_description/local_setup.bash
[0.575s] -- Installing: /home/sora/travail/m2/s10/PFE_Transport_Chien_Robot/install/go1_description/share/go1_description/local_setup.sh
[0.575s] -- Installing: /home/sora/travail/m2/s10/PFE_Transport_Chien_Robot/install/go1_description/share/go1_description/local_setup.zsh
[0.575s] -- Installing: /home/sora/travail/m2/s10/PFE_Transport_Chien_Robot/install/go1_description/share/go1_description/local_setup.dsv
[0.575s] -- Installing: /home/sora/travail/m2/s10/PFE_Transport_Chien_Robot/install/go1_description/share/go1_description/package.dsv
[0.576s] -- Installing: /home/sora/travail/m2/s10/PFE_Transport_Chien_Robot/install/go1_description/share/ament_index/resource_index/packages/go1_description
[0.576s] -- Installing: /home/sora/travail/m2/s10/PFE_Transport_Chien_Robot/install/go1_description/share/go1_description/cmake/go1_descriptionConfig.cmake
[0.577s] -- Installing: /home/sora/travail/m2/s10/PFE_Transport_Chien_Robot/install/go1_description/share/go1_description/cmake/go1_descriptionConfig-version.cmake
[0.577s] -- Installing: /home/sora/travail/m2/s10/PFE_Transport_Chien_Robot/install/go1_description/share/go1_description/package.xml
[0.577s] Invoked command in '/home/sora/travail/m2/s10/PFE_Transport_Chien_Robot/build/go1_description' returned '0': CMAKE_PREFIX_PATH=${CMAKE_PREFIX_PATH}:/home/sora/travail/m2/s10/PFE_Transport_Chien_Robot/install/unitree_nav_launch_module:/opt/ros/humble /usr/bin/cmake --install /home/sora/travail/m2/s10/PFE_Transport_Chien_Robot/build/go1_description
